[0.106s] DEBUG:colcon:Command line arguments: ['/usr/bin/colcon', 'build']
[0.106s] DEBUG:colcon:Parsed command line arguments: Namespace(log_base=None, log_level=None, verb_name='build', build_base='build', install_base='install', merge_install=False, symlink_install=False, test_result_base=None, continue_on_error=False, executor='parallel', parallel_workers=16, event_handlers=None, ignore_user_meta=False, metas=['./colcon.meta'], base_paths=['.'], packages_ignore=None, packages_ignore_regex=None, paths=None, packages_up_to=None, packages_up_to_regex=None, packages_above=None, packages_above_and_dependencies=None, packages_above_depth=None, packages_select_by_dep=None, packages_skip_by_dep=None, packages_skip_up_to=None, packages_select_build_failed=False, packages_skip_build_finished=False, packages_select_test_failures=False, packages_skip_test_passed=False, packages_select=None, packages_skip=None, packages_select_regex=None, packages_skip_regex=None, packages_start=None, packages_end=None, allow_overriding=[], cmake_args=None, cmake_target=None, cmake_target_skip_unavailable=False, cmake_clean_cache=False, cmake_clean_first=False, cmake_force_configure=False, ament_cmake_args=None, catkin_cmake_args=None, catkin_skip_building_tests=False, verb_parser=<colcon_defaults.argument_parser.defaults.DefaultArgumentsDecorator object at 0x72fca7a65be0>, verb_extension=<colcon_core.verb.build.BuildVerb object at 0x72fca82bf740>, main=<bound method BuildVerb.main of <colcon_core.verb.build.BuildVerb object at 0x72fca82bf740>>)
[0.130s] Level 1:colcon.colcon_core.package_discovery:discover_packages(colcon_meta) check parameters
[0.130s] Level 1:colcon.colcon_core.package_discovery:discover_packages(recursive) check parameters
[0.130s] Level 1:colcon.colcon_core.package_discovery:discover_packages(ignore) check parameters
[0.130s] Level 1:colcon.colcon_core.package_discovery:discover_packages(path) check parameters
[0.130s] Level 1:colcon.colcon_core.package_discovery:discover_packages(colcon_meta) discover
[0.131s] Level 1:colcon.colcon_core.package_discovery:discover_packages(recursive) discover
[0.131s] INFO:colcon.colcon_core.package_discovery:Crawling recursively for packages in '/home/mbell/bzzz_ws'
[0.131s] Level 1:colcon.colcon_core.package_identification:_identify(.) by extensions ['ignore', 'ignore_ament_install']
[0.131s] Level 1:colcon.colcon_core.package_identification:_identify(.) by extension 'ignore'
[0.131s] Level 1:colcon.colcon_core.package_identification:_identify(.) by extension 'ignore_ament_install'
[0.131s] Level 1:colcon.colcon_core.package_identification:_identify(.) by extensions ['colcon_pkg']
[0.131s] Level 1:colcon.colcon_core.package_identification:_identify(.) by extension 'colcon_pkg'
[0.131s] Level 1:colcon.colcon_core.package_identification:_identify(.) by extensions ['colcon_meta']
[0.131s] Level 1:colcon.colcon_core.package_identification:_identify(.) by extension 'colcon_meta'
[0.131s] Level 1:colcon.colcon_core.package_identification:_identify(.) by extensions ['ros']
[0.131s] Level 1:colcon.colcon_core.package_identification:_identify(.) by extension 'ros'
[0.146s] Level 1:colcon.colcon_core.package_identification:_identify(.) by extensions ['cmake', 'python']
[0.146s] Level 1:colcon.colcon_core.package_identification:_identify(.) by extension 'cmake'
[0.146s] Level 1:colcon.colcon_core.package_identification:_identify(.) by extension 'python'
[0.146s] Level 1:colcon.colcon_core.package_identification:_identify(.) by extensions ['python_setup_py']
[0.146s] Level 1:colcon.colcon_core.package_identification:_identify(.) by extension 'python_setup_py'
[0.146s] Level 1:colcon.colcon_core.package_identification:_identify(build) by extensions ['ignore', 'ignore_ament_install']
[0.146s] Level 1:colcon.colcon_core.package_identification:_identify(build) by extension 'ignore'
[0.146s] Level 1:colcon.colcon_core.package_identification:_identify(build) ignored
[0.147s] Level 1:colcon.colcon_core.package_identification:_identify(install) by extensions ['ignore', 'ignore_ament_install']
[0.147s] Level 1:colcon.colcon_core.package_identification:_identify(install) by extension 'ignore'
[0.147s] Level 1:colcon.colcon_core.package_identification:_identify(install) ignored
[0.147s] Level 1:colcon.colcon_core.package_identification:_identify(log) by extensions ['ignore', 'ignore_ament_install']
[0.147s] Level 1:colcon.colcon_core.package_identification:_identify(log) by extension 'ignore'
[0.147s] Level 1:colcon.colcon_core.package_identification:_identify(log) ignored
[0.147s] Level 1:colcon.colcon_core.package_identification:_identify(src) by extensions ['ignore', 'ignore_ament_install']
[0.147s] Level 1:colcon.colcon_core.package_identification:_identify(src) by extension 'ignore'
[0.147s] Level 1:colcon.colcon_core.package_identification:_identify(src) by extension 'ignore_ament_install'
[0.147s] Level 1:colcon.colcon_core.package_identification:_identify(src) by extensions ['colcon_pkg']
[0.147s] Level 1:colcon.colcon_core.package_identification:_identify(src) by extension 'colcon_pkg'
[0.147s] Level 1:colcon.colcon_core.package_identification:_identify(src) by extensions ['colcon_meta']
[0.147s] Level 1:colcon.colcon_core.package_identification:_identify(src) by extension 'colcon_meta'
[0.147s] Level 1:colcon.colcon_core.package_identification:_identify(src) by extensions ['ros']
[0.147s] Level 1:colcon.colcon_core.package_identification:_identify(src) by extension 'ros'
[0.147s] Level 1:colcon.colcon_core.package_identification:_identify(src) by extensions ['cmake', 'python']
[0.147s] Level 1:colcon.colcon_core.package_identification:_identify(src) by extension 'cmake'
[0.147s] Level 1:colcon.colcon_core.package_identification:_identify(src) by extension 'python'
[0.147s] Level 1:colcon.colcon_core.package_identification:_identify(src) by extensions ['python_setup_py']
[0.147s] Level 1:colcon.colcon_core.package_identification:_identify(src) by extension 'python_setup_py'
[0.147s] Level 1:colcon.colcon_core.package_identification:_identify(src/bzzz_msgs) by extensions ['ignore', 'ignore_ament_install']
[0.147s] Level 1:colcon.colcon_core.package_identification:_identify(src/bzzz_msgs) by extension 'ignore'
[0.147s] Level 1:colcon.colcon_core.package_identification:_identify(src/bzzz_msgs) by extension 'ignore_ament_install'
[0.147s] Level 1:colcon.colcon_core.package_identification:_identify(src/bzzz_msgs) by extensions ['colcon_pkg']
[0.147s] Level 1:colcon.colcon_core.package_identification:_identify(src/bzzz_msgs) by extension 'colcon_pkg'
[0.147s] Level 1:colcon.colcon_core.package_identification:_identify(src/bzzz_msgs) by extensions ['colcon_meta']
[0.147s] Level 1:colcon.colcon_core.package_identification:_identify(src/bzzz_msgs) by extension 'colcon_meta'
[0.147s] Level 1:colcon.colcon_core.package_identification:_identify(src/bzzz_msgs) by extensions ['ros']
[0.147s] Level 1:colcon.colcon_core.package_identification:_identify(src/bzzz_msgs) by extension 'ros'
[0.149s] DEBUG:colcon.colcon_core.package_identification:Package 'src/bzzz_msgs' with type 'ros.ament_cmake' and name 'bzzz_msgs'
[0.149s] Level 1:colcon.colcon_core.package_discovery:discover_packages(recursive) using defaults
[0.149s] Level 1:colcon.colcon_core.package_discovery:discover_packages(ignore) discover
[0.149s] Level 1:colcon.colcon_core.package_discovery:discover_packages(ignore) using defaults
[0.149s] Level 1:colcon.colcon_core.package_discovery:discover_packages(path) discover
[0.149s] Level 1:colcon.colcon_core.package_discovery:discover_packages(path) using defaults
[0.160s] Level 1:colcon.colcon_core.package_discovery:discover_packages(prefix_path) check parameters
[0.160s] Level 1:colcon.colcon_core.package_discovery:discover_packages(prefix_path) discover
[0.161s] DEBUG:colcon.colcon_installed_package_information.package_discovery:Found 287 installed packages in /opt/ros/jazzy
[0.162s] Level 1:colcon.colcon_core.package_discovery:discover_packages(prefix_path) using defaults
[0.182s] Level 5:colcon.colcon_core.verb:set package 'bzzz_msgs' build argument 'cmake_args' from command line to 'None'
[0.182s] Level 5:colcon.colcon_core.verb:set package 'bzzz_msgs' build argument 'cmake_target' from command line to 'None'
[0.182s] Level 5:colcon.colcon_core.verb:set package 'bzzz_msgs' build argument 'cmake_target_skip_unavailable' from command line to 'False'
[0.182s] Level 5:colcon.colcon_core.verb:set package 'bzzz_msgs' build argument 'cmake_clean_cache' from command line to 'False'
[0.182s] Level 5:colcon.colcon_core.verb:set package 'bzzz_msgs' build argument 'cmake_clean_first' from command line to 'False'
[0.182s] Level 5:colcon.colcon_core.verb:set package 'bzzz_msgs' build argument 'cmake_force_configure' from command line to 'False'
[0.182s] Level 5:colcon.colcon_core.verb:set package 'bzzz_msgs' build argument 'ament_cmake_args' from command line to 'None'
[0.182s] Level 5:colcon.colcon_core.verb:set package 'bzzz_msgs' build argument 'catkin_cmake_args' from command line to 'None'
[0.182s] Level 5:colcon.colcon_core.verb:set package 'bzzz_msgs' build argument 'catkin_skip_building_tests' from command line to 'False'
[0.182s] DEBUG:colcon.colcon_core.verb:Building package 'bzzz_msgs' with the following arguments: {'ament_cmake_args': None, 'build_base': '/home/mbell/bzzz_ws/build/bzzz_msgs', 'catkin_cmake_args': None, 'catkin_skip_building_tests': False, 'cmake_args': None, 'cmake_clean_cache': False, 'cmake_clean_first': False, 'cmake_force_configure': False, 'cmake_target': None, 'cmake_target_skip_unavailable': False, 'install_base': '/home/mbell/bzzz_ws/install/bzzz_msgs', 'merge_install': False, 'path': '/home/mbell/bzzz_ws/src/bzzz_msgs', 'symlink_install': False, 'test_result_base': None}
[0.182s] INFO:colcon.colcon_core.executor:Executing jobs using 'parallel' executor
[0.183s] DEBUG:colcon.colcon_parallel_executor.executor.parallel:run_until_complete
[0.183s] INFO:colcon.colcon_ros.task.ament_cmake.build:Building ROS package in '/home/mbell/bzzz_ws/src/bzzz_msgs' with build type 'ament_cmake'
[0.183s] INFO:colcon.colcon_cmake.task.cmake.build:Building CMake package in '/home/mbell/bzzz_ws/src/bzzz_msgs'
[0.184s] INFO:colcon.colcon_core.plugin_system:Skipping extension 'colcon_core.shell.bat': Not used on non-Windows systems
[0.184s] INFO:colcon.colcon_core.shell:Skip shell extension 'powershell' for command environment: Not usable outside of PowerShell
[0.184s] DEBUG:colcon.colcon_core.shell:Skip shell extension 'dsv' for command environment
[0.190s] DEBUG:colcon.colcon_core.event_handler.log_command:Invoking command in '/home/mbell/bzzz_ws/build/bzzz_msgs': CMAKE_PREFIX_PATH=${CMAKE_PREFIX_PATH}:/opt/ros/jazzy /usr/bin/cmake --build /home/mbell/bzzz_ws/build/bzzz_msgs -- -j16 -l16
[3.689s] DEBUG:colcon.colcon_core.event_handler.log_command:Invoked command in '/home/mbell/bzzz_ws/build/bzzz_msgs' returned '0': CMAKE_PREFIX_PATH=${CMAKE_PREFIX_PATH}:/opt/ros/jazzy /usr/bin/cmake --build /home/mbell/bzzz_ws/build/bzzz_msgs -- -j16 -l16
[3.695s] DEBUG:colcon.colcon_core.event_handler.log_command:Invoking command in '/home/mbell/bzzz_ws/build/bzzz_msgs': CMAKE_PREFIX_PATH=${CMAKE_PREFIX_PATH}:/opt/ros/jazzy /usr/bin/cmake --install /home/mbell/bzzz_ws/build/bzzz_msgs
[3.747s] Level 1:colcon.colcon_core.environment:create_environment_scripts_only(bzzz_msgs)
[3.747s] DEBUG:colcon.colcon_core.event_handler.log_command:Invoked command in '/home/mbell/bzzz_ws/build/bzzz_msgs' returned '0': CMAKE_PREFIX_PATH=${CMAKE_PREFIX_PATH}:/opt/ros/jazzy /usr/bin/cmake --install /home/mbell/bzzz_ws/build/bzzz_msgs
[3.748s] Level 1:colcon.colcon_core.environment:checking '/home/mbell/bzzz_ws/install/bzzz_msgs' for CMake module files
[3.749s] Level 1:colcon.colcon_core.environment:checking '/home/mbell/bzzz_ws/install/bzzz_msgs' for CMake config files
[3.749s] Level 1:colcon.colcon_core.shell:create_environment_hook('bzzz_msgs', 'cmake_prefix_path')
[3.749s] INFO:colcon.colcon_core.shell:Creating environment hook '/home/mbell/bzzz_ws/install/bzzz_msgs/share/bzzz_msgs/hook/cmake_prefix_path.ps1'
[3.749s] INFO:colcon.colcon_core.shell:Creating environment descriptor '/home/mbell/bzzz_ws/install/bzzz_msgs/share/bzzz_msgs/hook/cmake_prefix_path.dsv'
[3.750s] INFO:colcon.colcon_core.shell:Creating environment hook '/home/mbell/bzzz_ws/install/bzzz_msgs/share/bzzz_msgs/hook/cmake_prefix_path.sh'
[3.750s] Level 1:colcon.colcon_core.environment:checking '/home/mbell/bzzz_ws/install/bzzz_msgs/lib'
[3.750s] Level 1:colcon.colcon_core.shell:create_environment_hook('bzzz_msgs', 'ld_library_path_lib')
[3.751s] INFO:colcon.colcon_core.shell:Creating environment hook '/home/mbell/bzzz_ws/install/bzzz_msgs/share/bzzz_msgs/hook/ld_library_path_lib.ps1'
[3.751s] INFO:colcon.colcon_core.shell:Creating environment descriptor '/home/mbell/bzzz_ws/install/bzzz_msgs/share/bzzz_msgs/hook/ld_library_path_lib.dsv'
[3.751s] INFO:colcon.colcon_core.shell:Creating environment hook '/home/mbell/bzzz_ws/install/bzzz_msgs/share/bzzz_msgs/hook/ld_library_path_lib.sh'
[3.751s] Level 1:colcon.colcon_core.environment:checking '/home/mbell/bzzz_ws/install/bzzz_msgs/bin'
[3.751s] Level 1:colcon.colcon_core.environment:checking '/home/mbell/bzzz_ws/install/bzzz_msgs/lib/pkgconfig/bzzz_msgs.pc'
[3.751s] Level 1:colcon.colcon_core.environment:checking '/home/mbell/bzzz_ws/install/bzzz_msgs/lib/python3.12/site-packages'
[3.752s] Level 1:colcon.colcon_core.shell:create_environment_hook('bzzz_msgs', 'pythonpath')
[3.752s] INFO:colcon.colcon_core.shell:Creating environment hook '/home/mbell/bzzz_ws/install/bzzz_msgs/share/bzzz_msgs/hook/pythonpath.ps1'
[3.752s] INFO:colcon.colcon_core.shell:Creating environment descriptor '/home/mbell/bzzz_ws/install/bzzz_msgs/share/bzzz_msgs/hook/pythonpath.dsv'
[3.752s] INFO:colcon.colcon_core.shell:Creating environment hook '/home/mbell/bzzz_ws/install/bzzz_msgs/share/bzzz_msgs/hook/pythonpath.sh'
[3.753s] Level 1:colcon.colcon_core.environment:checking '/home/mbell/bzzz_ws/install/bzzz_msgs/bin'
[3.753s] INFO:colcon.colcon_core.shell:Creating package script '/home/mbell/bzzz_ws/install/bzzz_msgs/share/bzzz_msgs/package.ps1'
[3.753s] INFO:colcon.colcon_core.shell:Creating package descriptor '/home/mbell/bzzz_ws/install/bzzz_msgs/share/bzzz_msgs/package.dsv'
[3.754s] INFO:colcon.colcon_core.shell:Creating package script '/home/mbell/bzzz_ws/install/bzzz_msgs/share/bzzz_msgs/package.sh'
[3.754s] INFO:colcon.colcon_core.shell:Creating package script '/home/mbell/bzzz_ws/install/bzzz_msgs/share/bzzz_msgs/package.bash'
[3.754s] INFO:colcon.colcon_core.shell:Creating package script '/home/mbell/bzzz_ws/install/bzzz_msgs/share/bzzz_msgs/package.zsh'
[3.755s] Level 1:colcon.colcon_core.environment:create_file_with_runtime_dependencies(/home/mbell/bzzz_ws/install/bzzz_msgs/share/colcon-core/packages/bzzz_msgs)
[3.755s] Level 1:colcon.colcon_core.environment:create_environment_scripts_only(bzzz_msgs)
[3.755s] Level 1:colcon.colcon_core.environment:checking '/home/mbell/bzzz_ws/install/bzzz_msgs' for CMake module files
[3.756s] Level 1:colcon.colcon_core.environment:checking '/home/mbell/bzzz_ws/install/bzzz_msgs' for CMake config files
[3.756s] Level 1:colcon.colcon_core.shell:create_environment_hook('bzzz_msgs', 'cmake_prefix_path')
[3.756s] INFO:colcon.colcon_core.shell:Creating environment hook '/home/mbell/bzzz_ws/install/bzzz_msgs/share/bzzz_msgs/hook/cmake_prefix_path.ps1'
[3.756s] INFO:colcon.colcon_core.shell:Creating environment descriptor '/home/mbell/bzzz_ws/install/bzzz_msgs/share/bzzz_msgs/hook/cmake_prefix_path.dsv'
[3.756s] INFO:colcon.colcon_core.shell:Creating environment hook '/home/mbell/bzzz_ws/install/bzzz_msgs/share/bzzz_msgs/hook/cmake_prefix_path.sh'
[3.757s] Level 1:colcon.colcon_core.environment:checking '/home/mbell/bzzz_ws/install/bzzz_msgs/lib'
[3.757s] Level 1:colcon.colcon_core.shell:create_environment_hook('bzzz_msgs', 'ld_library_path_lib')
[3.757s] INFO:colcon.colcon_core.shell:Creating environment hook '/home/mbell/bzzz_ws/install/bzzz_msgs/share/bzzz_msgs/hook/ld_library_path_lib.ps1'
[3.757s] INFO:colcon.colcon_core.shell:Creating environment descriptor '/home/mbell/bzzz_ws/install/bzzz_msgs/share/bzzz_msgs/hook/ld_library_path_lib.dsv'
[3.757s] INFO:colcon.colcon_core.shell:Creating environment hook '/home/mbell/bzzz_ws/install/bzzz_msgs/share/bzzz_msgs/hook/ld_library_path_lib.sh'
[3.758s] Level 1:colcon.colcon_core.environment:checking '/home/mbell/bzzz_ws/install/bzzz_msgs/bin'
[3.758s] Level 1:colcon.colcon_core.environment:checking '/home/mbell/bzzz_ws/install/bzzz_msgs/lib/pkgconfig/bzzz_msgs.pc'
[3.758s] Level 1:colcon.colcon_core.environment:checking '/home/mbell/bzzz_ws/install/bzzz_msgs/lib/python3.12/site-packages'
[3.758s] Level 1:colcon.colcon_core.shell:create_environment_hook('bzzz_msgs', 'pythonpath')
[3.758s] INFO:colcon.colcon_core.shell:Creating environment hook '/home/mbell/bzzz_ws/install/bzzz_msgs/share/bzzz_msgs/hook/pythonpath.ps1'
[3.758s] INFO:colcon.colcon_core.shell:Creating environment descriptor '/home/mbell/bzzz_ws/install/bzzz_msgs/share/bzzz_msgs/hook/pythonpath.dsv'
[3.758s] INFO:colcon.colcon_core.shell:Creating environment hook '/home/mbell/bzzz_ws/install/bzzz_msgs/share/bzzz_msgs/hook/pythonpath.sh'
[3.759s] Level 1:colcon.colcon_core.environment:checking '/home/mbell/bzzz_ws/install/bzzz_msgs/bin'
[3.759s] INFO:colcon.colcon_core.shell:Creating package script '/home/mbell/bzzz_ws/install/bzzz_msgs/share/bzzz_msgs/package.ps1'
[3.759s] INFO:colcon.colcon_core.shell:Creating package descriptor '/home/mbell/bzzz_ws/install/bzzz_msgs/share/bzzz_msgs/package.dsv'
[3.760s] INFO:colcon.colcon_core.shell:Creating package script '/home/mbell/bzzz_ws/install/bzzz_msgs/share/bzzz_msgs/package.sh'
[3.760s] INFO:colcon.colcon_core.shell:Creating package script '/home/mbell/bzzz_ws/install/bzzz_msgs/share/bzzz_msgs/package.bash'
[3.760s] INFO:colcon.colcon_core.shell:Creating package script '/home/mbell/bzzz_ws/install/bzzz_msgs/share/bzzz_msgs/package.zsh'
[3.760s] Level 1:colcon.colcon_core.environment:create_file_with_runtime_dependencies(/home/mbell/bzzz_ws/install/bzzz_msgs/share/colcon-core/packages/bzzz_msgs)
[3.761s] DEBUG:colcon.colcon_parallel_executor.executor.parallel:closing loop
[3.761s] DEBUG:colcon.colcon_parallel_executor.executor.parallel:loop closed
[3.761s] DEBUG:colcon.colcon_parallel_executor.executor.parallel:run_until_complete finished with '0'
[3.761s] DEBUG:colcon.colcon_core.event_reactor:joining thread
[3.785s] INFO:colcon.colcon_core.plugin_system:Skipping extension 'colcon_notification.desktop_notification.notify_send': Could not find 'notify-send'
[3.785s] INFO:colcon.colcon_core.plugin_system:Skipping extension 'colcon_notification.desktop_notification.terminal_notifier': Not used on non-Darwin systems
[3.785s] INFO:colcon.colcon_core.plugin_system:Skipping extension 'colcon_notification.desktop_notification.win32': Not used on non-Windows systems
[3.785s] INFO:colcon.colcon_notification.desktop_notification:Sending desktop notification using 'notify2'
[3.786s] DEBUG:colcon.colcon_notification.desktop_notification.notify2:Failed to initialize notify2: org.freedesktop.DBus.Error.ServiceUnknown: The name org.freedesktop.Notifications was not provided by any .service files
[3.786s] DEBUG:colcon.colcon_core.event_reactor:joined thread
[3.786s] INFO:colcon.colcon_core.shell:Creating prefix script '/home/mbell/bzzz_ws/install/local_setup.ps1'
[3.787s] INFO:colcon.colcon_core.shell:Creating prefix util module '/home/mbell/bzzz_ws/install/_local_setup_util_ps1.py'
[3.788s] INFO:colcon.colcon_core.shell:Creating prefix chain script '/home/mbell/bzzz_ws/install/setup.ps1'
[3.788s] INFO:colcon.colcon_core.shell:Creating prefix script '/home/mbell/bzzz_ws/install/local_setup.sh'
[3.788s] INFO:colcon.colcon_core.shell:Creating prefix util module '/home/mbell/bzzz_ws/install/_local_setup_util_sh.py'
[3.789s] INFO:colcon.colcon_core.shell:Creating prefix chain script '/home/mbell/bzzz_ws/install/setup.sh'
[3.789s] INFO:colcon.colcon_core.shell:Creating prefix script '/home/mbell/bzzz_ws/install/local_setup.bash'
[3.789s] INFO:colcon.colcon_core.shell:Creating prefix chain script '/home/mbell/bzzz_ws/install/setup.bash'
[3.790s] INFO:colcon.colcon_core.shell:Creating prefix script '/home/mbell/bzzz_ws/install/local_setup.zsh'
[3.790s] INFO:colcon.colcon_core.shell:Creating prefix chain script '/home/mbell/bzzz_ws/install/setup.zsh'
