[0.078s] Invoking command in '/home/mbell/bzzz_ws/build/bzzz_core': CMAKE_PREFIX_PATH=${CMAKE_PREFIX_PATH}:/opt/ros/jazzy /usr/bin/cmake --build /home/mbell/bzzz_ws/build/bzzz_core -- -j16 -l16
[0.123s] [ 50%] [32mBuilding CXX object CMakeFiles/esp32_bridge.dir/src/esp32_bridge_node.cpp.o[0m
[5.721s] [100%] [32m[1mLinking CXX executable esp32_bridge[0m
[6.008s] [100%] Built target esp32_bridge
[6.015s] Invoked command in '/home/mbell/bzzz_ws/build/bzzz_core' returned '0': CMAKE_PREFIX_PATH=${CMAKE_PREFIX_PATH}:/opt/ros/jazzy /usr/bin/cmake --build /home/mbell/bzzz_ws/build/bzzz_core -- -j16 -l16
[6.017s] Invoking command in '/home/mbell/bzzz_ws/build/bzzz_core': CMAKE_PREFIX_PATH=${CMAKE_PREFIX_PATH}:/opt/ros/jazzy /usr/bin/cmake --install /home/mbell/bzzz_ws/build/bzzz_core
[6.023s] -- Install configuration: ""
[6.023s] -- Installing: /home/mbell/bzzz_ws/install/bzzz_core/lib/bzzz_core/esp32_bridge
[6.026s] -- Set non-toolchain portion of runtime path of "/home/mbell/bzzz_ws/install/bzzz_core/lib/bzzz_core/esp32_bridge" to ""
[6.027s] -- Installing: /home/mbell/bzzz_ws/install/bzzz_core/share/ament_index/resource_index/package_run_dependencies/bzzz_core
[6.027s] -- Installing: /home/mbell/bzzz_ws/install/bzzz_core/share/ament_index/resource_index/parent_prefix_path/bzzz_core
[6.028s] -- Installing: /home/mbell/bzzz_ws/install/bzzz_core/share/bzzz_core/environment/ament_prefix_path.sh
[6.028s] -- Installing: /home/mbell/bzzz_ws/install/bzzz_core/share/bzzz_core/environment/ament_prefix_path.dsv
[6.028s] -- Installing: /home/mbell/bzzz_ws/install/bzzz_core/share/bzzz_core/environment/path.sh
[6.028s] -- Installing: /home/mbell/bzzz_ws/install/bzzz_core/share/bzzz_core/environment/path.dsv
[6.029s] -- Installing: /home/mbell/bzzz_ws/install/bzzz_core/share/bzzz_core/local_setup.bash
[6.029s] -- Installing: /home/mbell/bzzz_ws/install/bzzz_core/share/bzzz_core/local_setup.sh
[6.029s] -- Installing: /home/mbell/bzzz_ws/install/bzzz_core/share/bzzz_core/local_setup.zsh
[6.030s] -- Installing: /home/mbell/bzzz_ws/install/bzzz_core/share/bzzz_core/local_setup.dsv
[6.030s] -- Installing: /home/mbell/bzzz_ws/install/bzzz_core/share/bzzz_core/package.dsv
[6.030s] -- Installing: /home/mbell/bzzz_ws/install/bzzz_core/share/ament_index/resource_index/packages/bzzz_core
[6.030s] -- Installing: /home/mbell/bzzz_ws/install/bzzz_core/share/bzzz_core/cmake/bzzz_coreConfig.cmake
[6.031s] -- Installing: /home/mbell/bzzz_ws/install/bzzz_core/share/bzzz_core/cmake/bzzz_coreConfig-version.cmake
[6.031s] -- Installing: /home/mbell/bzzz_ws/install/bzzz_core/share/bzzz_core/package.xml
[6.033s] Invoked command in '/home/mbell/bzzz_ws/build/bzzz_core' returned '0': CMAKE_PREFIX_PATH=${CMAKE_PREFIX_PATH}:/opt/ros/jazzy /usr/bin/cmake --install /home/mbell/bzzz_ws/build/bzzz_core
