[0.212s] DEBUG:colcon:Command line arguments: ['/usr/bin/colcon', 'build']
[0.212s] DEBUG:colcon:Parsed command line arguments: Namespace(log_base=None, log_level=None, verb_name='build', build_base='build', install_base='install', merge_install=False, symlink_install=False, test_result_base=None, continue_on_error=False, executor='parallel', parallel_workers=16, event_handlers=None, ignore_user_meta=False, metas=['./colcon.meta'], base_paths=['.'], packages_ignore=None, packages_ignore_regex=None, paths=None, packages_up_to=None, packages_up_to_regex=None, packages_above=None, packages_above_and_dependencies=None, packages_above_depth=None, packages_select_by_dep=None, packages_skip_by_dep=None, packages_skip_up_to=None, packages_select_build_failed=False, packages_skip_build_finished=False, packages_select_test_failures=False, packages_skip_test_passed=False, packages_select=None, packages_skip=None, packages_select_regex=None, packages_skip_regex=None, packages_start=None, packages_end=None, allow_overriding=[], cmake_args=None, cmake_target=None, cmake_target_skip_unavailable=False, cmake_clean_cache=False, cmake_clean_first=False, cmake_force_configure=False, ament_cmake_args=None, catkin_cmake_args=None, catkin_skip_building_tests=False, verb_parser=<colcon_defaults.argument_parser.defaults.DefaultArgumentsDecorator object at 0x7176e9823b00>, verb_extension=<colcon_core.verb.build.BuildVerb object at 0x7176e9945be0>, main=<bound method BuildVerb.main of <colcon_core.verb.build.BuildVerb object at 0x7176e9945be0>>)
[0.242s] Level 1:colcon.colcon_core.package_discovery:discover_packages(colcon_meta) check parameters
[0.242s] Level 1:colcon.colcon_core.package_discovery:discover_packages(recursive) check parameters
[0.242s] Level 1:colcon.colcon_core.package_discovery:discover_packages(ignore) check parameters
[0.242s] Level 1:colcon.colcon_core.package_discovery:discover_packages(path) check parameters
[0.243s] Level 1:colcon.colcon_core.package_discovery:discover_packages(colcon_meta) discover
[0.243s] Level 1:colcon.colcon_core.package_discovery:discover_packages(recursive) discover
[0.243s] INFO:colcon.colcon_core.package_discovery:Crawling recursively for packages in '/home/mbell/bzzz_ws'
[0.243s] Level 1:colcon.colcon_core.package_identification:_identify(.) by extensions ['ignore', 'ignore_ament_install']
[0.243s] Level 1:colcon.colcon_core.package_identification:_identify(.) by extension 'ignore'
[0.243s] Level 1:colcon.colcon_core.package_identification:_identify(.) by extension 'ignore_ament_install'
[0.243s] Level 1:colcon.colcon_core.package_identification:_identify(.) by extensions ['colcon_pkg']
[0.243s] Level 1:colcon.colcon_core.package_identification:_identify(.) by extension 'colcon_pkg'
[0.243s] Level 1:colcon.colcon_core.package_identification:_identify(.) by extensions ['colcon_meta']
[0.243s] Level 1:colcon.colcon_core.package_identification:_identify(.) by extension 'colcon_meta'
[0.243s] Level 1:colcon.colcon_core.package_identification:_identify(.) by extensions ['ros']
[0.243s] Level 1:colcon.colcon_core.package_identification:_identify(.) by extension 'ros'
[0.273s] Level 1:colcon.colcon_core.package_identification:_identify(.) by extensions ['cmake', 'python']
[0.273s] Level 1:colcon.colcon_core.package_identification:_identify(.) by extension 'cmake'
[0.273s] Level 1:colcon.colcon_core.package_identification:_identify(.) by extension 'python'
[0.273s] Level 1:colcon.colcon_core.package_identification:_identify(.) by extensions ['python_setup_py']
[0.273s] Level 1:colcon.colcon_core.package_identification:_identify(.) by extension 'python_setup_py'
[0.274s] Level 1:colcon.colcon_core.package_identification:_identify(build) by extensions ['ignore', 'ignore_ament_install']
[0.274s] Level 1:colcon.colcon_core.package_identification:_identify(build) by extension 'ignore'
[0.274s] Level 1:colcon.colcon_core.package_identification:_identify(build) ignored
[0.274s] Level 1:colcon.colcon_core.package_identification:_identify(install) by extensions ['ignore', 'ignore_ament_install']
[0.274s] Level 1:colcon.colcon_core.package_identification:_identify(install) by extension 'ignore'
[0.274s] Level 1:colcon.colcon_core.package_identification:_identify(install) ignored
[0.274s] Level 1:colcon.colcon_core.package_identification:_identify(log) by extensions ['ignore', 'ignore_ament_install']
[0.274s] Level 1:colcon.colcon_core.package_identification:_identify(log) by extension 'ignore'
[0.274s] Level 1:colcon.colcon_core.package_identification:_identify(log) ignored
[0.274s] Level 1:colcon.colcon_core.package_identification:_identify(src) by extensions ['ignore', 'ignore_ament_install']
[0.274s] Level 1:colcon.colcon_core.package_identification:_identify(src) by extension 'ignore'
[0.274s] Level 1:colcon.colcon_core.package_identification:_identify(src) by extension 'ignore_ament_install'
[0.274s] Level 1:colcon.colcon_core.package_identification:_identify(src) by extensions ['colcon_pkg']
[0.274s] Level 1:colcon.colcon_core.package_identification:_identify(src) by extension 'colcon_pkg'
[0.274s] Level 1:colcon.colcon_core.package_identification:_identify(src) by extensions ['colcon_meta']
[0.274s] Level 1:colcon.colcon_core.package_identification:_identify(src) by extension 'colcon_meta'
[0.274s] Level 1:colcon.colcon_core.package_identification:_identify(src) by extensions ['ros']
[0.274s] Level 1:colcon.colcon_core.package_identification:_identify(src) by extension 'ros'
[0.274s] Level 1:colcon.colcon_core.package_identification:_identify(src) by extensions ['cmake', 'python']
[0.274s] Level 1:colcon.colcon_core.package_identification:_identify(src) by extension 'cmake'
[0.274s] Level 1:colcon.colcon_core.package_identification:_identify(src) by extension 'python'
[0.274s] Level 1:colcon.colcon_core.package_identification:_identify(src) by extensions ['python_setup_py']
[0.274s] Level 1:colcon.colcon_core.package_identification:_identify(src) by extension 'python_setup_py'
[0.274s] Level 1:colcon.colcon_core.package_identification:_identify(src/bzzz_msgs) by extensions ['ignore', 'ignore_ament_install']
[0.274s] Level 1:colcon.colcon_core.package_identification:_identify(src/bzzz_msgs) by extension 'ignore'
[0.274s] Level 1:colcon.colcon_core.package_identification:_identify(src/bzzz_msgs) by extension 'ignore_ament_install'
[0.274s] Level 1:colcon.colcon_core.package_identification:_identify(src/bzzz_msgs) by extensions ['colcon_pkg']
[0.274s] Level 1:colcon.colcon_core.package_identification:_identify(src/bzzz_msgs) by extension 'colcon_pkg'
[0.274s] Level 1:colcon.colcon_core.package_identification:_identify(src/bzzz_msgs) by extensions ['colcon_meta']
[0.274s] Level 1:colcon.colcon_core.package_identification:_identify(src/bzzz_msgs) by extension 'colcon_meta'
[0.274s] Level 1:colcon.colcon_core.package_identification:_identify(src/bzzz_msgs) by extensions ['ros']
[0.274s] Level 1:colcon.colcon_core.package_identification:_identify(src/bzzz_msgs) by extension 'ros'
[0.278s] DEBUG:colcon.colcon_core.package_identification:Package 'src/bzzz_msgs' with type 'ros.ament_cmake' and name 'bzzz_msgs'
[0.278s] Level 1:colcon.colcon_core.package_discovery:discover_packages(recursive) using defaults
[0.278s] Level 1:colcon.colcon_core.package_discovery:discover_packages(ignore) discover
[0.278s] Level 1:colcon.colcon_core.package_discovery:discover_packages(ignore) using defaults
[0.278s] Level 1:colcon.colcon_core.package_discovery:discover_packages(path) discover
[0.278s] Level 1:colcon.colcon_core.package_discovery:discover_packages(path) using defaults
[0.300s] Level 1:colcon.colcon_core.package_discovery:discover_packages(prefix_path) check parameters
[0.300s] Level 1:colcon.colcon_core.package_discovery:discover_packages(prefix_path) discover
[0.304s] DEBUG:colcon.colcon_installed_package_information.package_discovery:Found 287 installed packages in /opt/ros/jazzy
[0.305s] Level 1:colcon.colcon_core.package_discovery:discover_packages(prefix_path) using defaults
[0.330s] Level 5:colcon.colcon_core.verb:set package 'bzzz_msgs' build argument 'cmake_args' from command line to 'None'
[0.330s] Level 5:colcon.colcon_core.verb:set package 'bzzz_msgs' build argument 'cmake_target' from command line to 'None'
[0.330s] Level 5:colcon.colcon_core.verb:set package 'bzzz_msgs' build argument 'cmake_target_skip_unavailable' from command line to 'False'
[0.330s] Level 5:colcon.colcon_core.verb:set package 'bzzz_msgs' build argument 'cmake_clean_cache' from command line to 'False'
[0.330s] Level 5:colcon.colcon_core.verb:set package 'bzzz_msgs' build argument 'cmake_clean_first' from command line to 'False'
[0.330s] Level 5:colcon.colcon_core.verb:set package 'bzzz_msgs' build argument 'cmake_force_configure' from command line to 'False'
[0.330s] Level 5:colcon.colcon_core.verb:set package 'bzzz_msgs' build argument 'ament_cmake_args' from command line to 'None'
[0.330s] Level 5:colcon.colcon_core.verb:set package 'bzzz_msgs' build argument 'catkin_cmake_args' from command line to 'None'
[0.330s] Level 5:colcon.colcon_core.verb:set package 'bzzz_msgs' build argument 'catkin_skip_building_tests' from command line to 'False'
[0.330s] DEBUG:colcon.colcon_core.verb:Building package 'bzzz_msgs' with the following arguments: {'ament_cmake_args': None, 'build_base': '/home/mbell/bzzz_ws/build/bzzz_msgs', 'catkin_cmake_args': None, 'catkin_skip_building_tests': False, 'cmake_args': None, 'cmake_clean_cache': False, 'cmake_clean_first': False, 'cmake_force_configure': False, 'cmake_target': None, 'cmake_target_skip_unavailable': False, 'install_base': '/home/mbell/bzzz_ws/install/bzzz_msgs', 'merge_install': False, 'path': '/home/mbell/bzzz_ws/src/bzzz_msgs', 'symlink_install': False, 'test_result_base': None}
[0.330s] INFO:colcon.colcon_core.executor:Executing jobs using 'parallel' executor
[0.331s] DEBUG:colcon.colcon_parallel_executor.executor.parallel:run_until_complete
[0.331s] INFO:colcon.colcon_ros.task.ament_cmake.build:Building ROS package in '/home/mbell/bzzz_ws/src/bzzz_msgs' with build type 'ament_cmake'
[0.331s] INFO:colcon.colcon_cmake.task.cmake.build:Building CMake package in '/home/mbell/bzzz_ws/src/bzzz_msgs'
[0.337s] INFO:colcon.colcon_core.plugin_system:Skipping extension 'colcon_core.shell.bat': Not used on non-Windows systems
[0.337s] INFO:colcon.colcon_core.shell:Skip shell extension 'powershell' for command environment: Not usable outside of PowerShell
[0.337s] DEBUG:colcon.colcon_core.shell:Skip shell extension 'dsv' for command environment
[0.345s] DEBUG:colcon.colcon_core.event_handler.log_command:Invoking command in '/home/mbell/bzzz_ws/build/bzzz_msgs': CMAKE_PREFIX_PATH=${CMAKE_PREFIX_PATH}:/opt/ros/jazzy /usr/bin/cmake /home/mbell/bzzz_ws/src/bzzz_msgs -DCMAKE_INSTALL_PREFIX=/home/mbell/bzzz_ws/install/bzzz_msgs
[2.069s] DEBUG:colcon.colcon_core.event_handler.log_command:Invoked command in '/home/mbell/bzzz_ws/build/bzzz_msgs' returned '0': CMAKE_PREFIX_PATH=${CMAKE_PREFIX_PATH}:/opt/ros/jazzy /usr/bin/cmake /home/mbell/bzzz_ws/src/bzzz_msgs -DCMAKE_INSTALL_PREFIX=/home/mbell/bzzz_ws/install/bzzz_msgs
[2.070s] DEBUG:colcon.colcon_core.event_handler.log_command:Invoking command in '/home/mbell/bzzz_ws/build/bzzz_msgs': CMAKE_PREFIX_PATH=${CMAKE_PREFIX_PATH}:/opt/ros/jazzy /usr/bin/cmake --build /home/mbell/bzzz_ws/build/bzzz_msgs -- -j16 -l16
[2.094s] DEBUG:colcon.colcon_core.event_handler.log_command:Invoked command in '/home/mbell/bzzz_ws/build/bzzz_msgs' returned '0': CMAKE_PREFIX_PATH=${CMAKE_PREFIX_PATH}:/opt/ros/jazzy /usr/bin/cmake --build /home/mbell/bzzz_ws/build/bzzz_msgs -- -j16 -l16
[2.100s] DEBUG:colcon.colcon_core.event_handler.log_command:Invoking command in '/home/mbell/bzzz_ws/build/bzzz_msgs': CMAKE_PREFIX_PATH=${CMAKE_PREFIX_PATH}:/opt/ros/jazzy /usr/bin/cmake --install /home/mbell/bzzz_ws/build/bzzz_msgs
[2.108s] Level 1:colcon.colcon_core.environment:create_environment_scripts_only(bzzz_msgs)
[2.108s] DEBUG:colcon.colcon_core.event_handler.log_command:Invoked command in '/home/mbell/bzzz_ws/build/bzzz_msgs' returned '0': CMAKE_PREFIX_PATH=${CMAKE_PREFIX_PATH}:/opt/ros/jazzy /usr/bin/cmake --install /home/mbell/bzzz_ws/build/bzzz_msgs
[2.113s] Level 1:colcon.colcon_core.environment:checking '/home/mbell/bzzz_ws/install/bzzz_msgs' for CMake module files
[2.113s] Level 1:colcon.colcon_core.environment:checking '/home/mbell/bzzz_ws/install/bzzz_msgs' for CMake config files
[2.113s] Level 1:colcon.colcon_core.shell:create_environment_hook('bzzz_msgs', 'cmake_prefix_path')
[2.113s] INFO:colcon.colcon_core.shell:Creating environment hook '/home/mbell/bzzz_ws/install/bzzz_msgs/share/bzzz_msgs/hook/cmake_prefix_path.ps1'
[2.114s] INFO:colcon.colcon_core.shell:Creating environment descriptor '/home/mbell/bzzz_ws/install/bzzz_msgs/share/bzzz_msgs/hook/cmake_prefix_path.dsv'
[2.115s] INFO:colcon.colcon_core.shell:Creating environment hook '/home/mbell/bzzz_ws/install/bzzz_msgs/share/bzzz_msgs/hook/cmake_prefix_path.sh'
[2.115s] Level 1:colcon.colcon_core.environment:checking '/home/mbell/bzzz_ws/install/bzzz_msgs/bin'
[2.115s] Level 1:colcon.colcon_core.environment:checking '/home/mbell/bzzz_ws/install/bzzz_msgs/lib/pkgconfig/bzzz_msgs.pc'
[2.116s] Level 1:colcon.colcon_core.environment:checking '/home/mbell/bzzz_ws/install/bzzz_msgs/lib/python3.12/site-packages'
[2.116s] Level 1:colcon.colcon_core.environment:checking '/home/mbell/bzzz_ws/install/bzzz_msgs/bin'
[2.116s] INFO:colcon.colcon_core.shell:Creating package script '/home/mbell/bzzz_ws/install/bzzz_msgs/share/bzzz_msgs/package.ps1'
[2.117s] INFO:colcon.colcon_core.shell:Creating package descriptor '/home/mbell/bzzz_ws/install/bzzz_msgs/share/bzzz_msgs/package.dsv'
[2.117s] INFO:colcon.colcon_core.shell:Creating package script '/home/mbell/bzzz_ws/install/bzzz_msgs/share/bzzz_msgs/package.sh'
[2.118s] INFO:colcon.colcon_core.shell:Creating package script '/home/mbell/bzzz_ws/install/bzzz_msgs/share/bzzz_msgs/package.bash'
[2.119s] INFO:colcon.colcon_core.shell:Creating package script '/home/mbell/bzzz_ws/install/bzzz_msgs/share/bzzz_msgs/package.zsh'
[2.119s] Level 1:colcon.colcon_core.environment:create_file_with_runtime_dependencies(/home/mbell/bzzz_ws/install/bzzz_msgs/share/colcon-core/packages/bzzz_msgs)
[2.120s] Level 1:colcon.colcon_core.environment:create_environment_scripts_only(bzzz_msgs)
[2.120s] Level 1:colcon.colcon_core.environment:checking '/home/mbell/bzzz_ws/install/bzzz_msgs' for CMake module files
[2.120s] Level 1:colcon.colcon_core.environment:checking '/home/mbell/bzzz_ws/install/bzzz_msgs' for CMake config files
[2.120s] Level 1:colcon.colcon_core.shell:create_environment_hook('bzzz_msgs', 'cmake_prefix_path')
[2.120s] INFO:colcon.colcon_core.shell:Creating environment hook '/home/mbell/bzzz_ws/install/bzzz_msgs/share/bzzz_msgs/hook/cmake_prefix_path.ps1'
[2.121s] INFO:colcon.colcon_core.shell:Creating environment descriptor '/home/mbell/bzzz_ws/install/bzzz_msgs/share/bzzz_msgs/hook/cmake_prefix_path.dsv'
[2.121s] INFO:colcon.colcon_core.shell:Creating environment hook '/home/mbell/bzzz_ws/install/bzzz_msgs/share/bzzz_msgs/hook/cmake_prefix_path.sh'
[2.121s] Level 1:colcon.colcon_core.environment:checking '/home/mbell/bzzz_ws/install/bzzz_msgs/bin'
[2.121s] Level 1:colcon.colcon_core.environment:checking '/home/mbell/bzzz_ws/install/bzzz_msgs/lib/pkgconfig/bzzz_msgs.pc'
[2.121s] Level 1:colcon.colcon_core.environment:checking '/home/mbell/bzzz_ws/install/bzzz_msgs/lib/python3.12/site-packages'
[2.122s] Level 1:colcon.colcon_core.environment:checking '/home/mbell/bzzz_ws/install/bzzz_msgs/bin'
[2.122s] INFO:colcon.colcon_core.shell:Creating package script '/home/mbell/bzzz_ws/install/bzzz_msgs/share/bzzz_msgs/package.ps1'
[2.122s] INFO:colcon.colcon_core.shell:Creating package descriptor '/home/mbell/bzzz_ws/install/bzzz_msgs/share/bzzz_msgs/package.dsv'
[2.122s] INFO:colcon.colcon_core.shell:Creating package script '/home/mbell/bzzz_ws/install/bzzz_msgs/share/bzzz_msgs/package.sh'
[2.123s] INFO:colcon.colcon_core.shell:Creating package script '/home/mbell/bzzz_ws/install/bzzz_msgs/share/bzzz_msgs/package.bash'
[2.123s] INFO:colcon.colcon_core.shell:Creating package script '/home/mbell/bzzz_ws/install/bzzz_msgs/share/bzzz_msgs/package.zsh'
[2.123s] Level 1:colcon.colcon_core.environment:create_file_with_runtime_dependencies(/home/mbell/bzzz_ws/install/bzzz_msgs/share/colcon-core/packages/bzzz_msgs)
[2.123s] DEBUG:colcon.colcon_parallel_executor.executor.parallel:closing loop
[2.124s] DEBUG:colcon.colcon_parallel_executor.executor.parallel:loop closed
[2.124s] DEBUG:colcon.colcon_parallel_executor.executor.parallel:run_until_complete finished with '0'
[2.124s] DEBUG:colcon.colcon_core.event_reactor:joining thread
[2.154s] INFO:colcon.colcon_core.plugin_system:Skipping extension 'colcon_notification.desktop_notification.notify_send': Could not find 'notify-send'
[2.154s] INFO:colcon.colcon_core.plugin_system:Skipping extension 'colcon_notification.desktop_notification.terminal_notifier': Not used on non-Darwin systems
[2.154s] INFO:colcon.colcon_core.plugin_system:Skipping extension 'colcon_notification.desktop_notification.win32': Not used on non-Windows systems
[2.154s] INFO:colcon.colcon_notification.desktop_notification:Sending desktop notification using 'notify2'
[2.191s] DEBUG:colcon.colcon_notification.desktop_notification.notify2:Failed to initialize notify2: org.freedesktop.DBus.Error.ServiceUnknown: The name org.freedesktop.Notifications was not provided by any .service files
[2.191s] DEBUG:colcon.colcon_core.event_reactor:joined thread
[2.191s] INFO:colcon.colcon_core.shell:Creating prefix script '/home/mbell/bzzz_ws/install/local_setup.ps1'
[2.192s] INFO:colcon.colcon_core.shell:Creating prefix util module '/home/mbell/bzzz_ws/install/_local_setup_util_ps1.py'
[2.193s] INFO:colcon.colcon_core.shell:Creating prefix chain script '/home/mbell/bzzz_ws/install/setup.ps1'
[2.194s] INFO:colcon.colcon_core.shell:Creating prefix script '/home/mbell/bzzz_ws/install/local_setup.sh'
[2.195s] INFO:colcon.colcon_core.shell:Creating prefix util module '/home/mbell/bzzz_ws/install/_local_setup_util_sh.py'
[2.195s] INFO:colcon.colcon_core.shell:Creating prefix chain script '/home/mbell/bzzz_ws/install/setup.sh'
[2.196s] INFO:colcon.colcon_core.shell:Creating prefix script '/home/mbell/bzzz_ws/install/local_setup.bash'
[2.197s] INFO:colcon.colcon_core.shell:Creating prefix chain script '/home/mbell/bzzz_ws/install/setup.bash'
[2.197s] INFO:colcon.colcon_core.shell:Creating prefix script '/home/mbell/bzzz_ws/install/local_setup.zsh'
[2.198s] INFO:colcon.colcon_core.shell:Creating prefix chain script '/home/mbell/bzzz_ws/install/setup.zsh'
