[0.014s] Invoking command in '/home/mbell/bzzz_ws/build/bzzz_msgs': CMAKE_PREFIX_PATH=${CMAKE_PREFIX_PATH}:/opt/ros/jazzy /usr/bin/cmake /home/mbell/bzzz_ws/src/bzzz_msgs -DCMAKE_INSTALL_PREFIX=/home/mbell/bzzz_ws/install/bzzz_msgs
[0.325s] -- The C compiler identification is GNU 13.3.0
[0.767s] -- The CXX compiler identification is GNU 13.3.0
[1.063s] -- Detecting C compiler ABI info
[1.225s] -- Detecting C compiler ABI info - done
[1.231s] -- Check for working C compiler: /usr/bin/cc - skipped
[1.231s] -- Detecting C compile features
[1.232s] -- Detecting C compile features - done
[1.280s] -- Detecting CXX compiler ABI info
[1.426s] -- Detecting CXX compiler ABI info - done
[1.432s] -- Check for working CXX compiler: /usr/bin/c++ - skipped
[1.432s] -- Detecting CXX compile features
[1.432s] -- Detecting CXX compile features - done
[1.456s] -- Found ament_cmake: 2.5.6 (/opt/ros/jazzy/share/ament_cmake/cmake)
[1.555s] -- Found Python3: /usr/bin/python3 (found version "3.12.3") found components: Interpreter 
[1.645s] -- Found ament_lint_auto: 0.17.5 (/opt/ros/jazzy/share/ament_lint_auto/cmake)
[1.726s] -- Added test 'lint_cmake' to check CMake code style
[1.728s] -- Added test 'xmllint' to check XML markup files
[1.729s] -- Configuring done (1.6s)
[1.732s] -- Generating done (0.0s)
[1.734s] -- Build files have been written to: /home/mbell/bzzz_ws/build/bzzz_msgs
[1.737s] Invoked command in '/home/mbell/bzzz_ws/build/bzzz_msgs' returned '0': CMAKE_PREFIX_PATH=${CMAKE_PREFIX_PATH}:/opt/ros/jazzy /usr/bin/cmake /home/mbell/bzzz_ws/src/bzzz_msgs -DCMAKE_INSTALL_PREFIX=/home/mbell/bzzz_ws/install/bzzz_msgs
[1.738s] Invoking command in '/home/mbell/bzzz_ws/build/bzzz_msgs': CMAKE_PREFIX_PATH=${CMAKE_PREFIX_PATH}:/opt/ros/jazzy /usr/bin/cmake --build /home/mbell/bzzz_ws/build/bzzz_msgs -- -j16 -l16
[1.763s] Invoked command in '/home/mbell/bzzz_ws/build/bzzz_msgs' returned '0': CMAKE_PREFIX_PATH=${CMAKE_PREFIX_PATH}:/opt/ros/jazzy /usr/bin/cmake --build /home/mbell/bzzz_ws/build/bzzz_msgs -- -j16 -l16
[1.769s] Invoking command in '/home/mbell/bzzz_ws/build/bzzz_msgs': CMAKE_PREFIX_PATH=${CMAKE_PREFIX_PATH}:/opt/ros/jazzy /usr/bin/cmake --install /home/mbell/bzzz_ws/build/bzzz_msgs
[1.773s] -- Install configuration: ""
[1.774s] -- Installing: /home/mbell/bzzz_ws/install/bzzz_msgs/share/ament_index/resource_index/package_run_dependencies/bzzz_msgs
[1.774s] -- Installing: /home/mbell/bzzz_ws/install/bzzz_msgs/share/ament_index/resource_index/parent_prefix_path/bzzz_msgs
[1.774s] -- Installing: /home/mbell/bzzz_ws/install/bzzz_msgs/share/bzzz_msgs/environment/ament_prefix_path.sh
[1.774s] -- Installing: /home/mbell/bzzz_ws/install/bzzz_msgs/share/bzzz_msgs/environment/ament_prefix_path.dsv
[1.775s] -- Installing: /home/mbell/bzzz_ws/install/bzzz_msgs/share/bzzz_msgs/environment/path.sh
[1.775s] -- Installing: /home/mbell/bzzz_ws/install/bzzz_msgs/share/bzzz_msgs/environment/path.dsv
[1.775s] -- Installing: /home/mbell/bzzz_ws/install/bzzz_msgs/share/bzzz_msgs/local_setup.bash
[1.775s] -- Installing: /home/mbell/bzzz_ws/install/bzzz_msgs/share/bzzz_msgs/local_setup.sh
[1.775s] -- Installing: /home/mbell/bzzz_ws/install/bzzz_msgs/share/bzzz_msgs/local_setup.zsh
[1.775s] -- Installing: /home/mbell/bzzz_ws/install/bzzz_msgs/share/bzzz_msgs/local_setup.dsv
[1.775s] -- Installing: /home/mbell/bzzz_ws/install/bzzz_msgs/share/bzzz_msgs/package.dsv
[1.775s] -- Installing: /home/mbell/bzzz_ws/install/bzzz_msgs/share/ament_index/resource_index/packages/bzzz_msgs
[1.775s] -- Installing: /home/mbell/bzzz_ws/install/bzzz_msgs/share/bzzz_msgs/cmake/bzzz_msgsConfig.cmake
[1.776s] -- Installing: /home/mbell/bzzz_ws/install/bzzz_msgs/share/bzzz_msgs/cmake/bzzz_msgsConfig-version.cmake
[1.776s] -- Installing: /home/mbell/bzzz_ws/install/bzzz_msgs/share/bzzz_msgs/package.xml
[1.777s] Invoked command in '/home/mbell/bzzz_ws/build/bzzz_msgs' returned '0': CMAKE_PREFIX_PATH=${CMAKE_PREFIX_PATH}:/opt/ros/jazzy /usr/bin/cmake --install /home/mbell/bzzz_ws/build/bzzz_msgs
