[0.235s] DEBUG:colcon:Command line arguments: ['/usr/bin/colcon', 'build']
[0.235s] DEBUG:colcon:Parsed command line arguments: Namespace(log_base=None, log_level=None, verb_name='build', build_base='build', install_base='install', merge_install=False, symlink_install=False, test_result_base=None, continue_on_error=False, executor='parallel', parallel_workers=16, event_handlers=None, ignore_user_meta=False, metas=['./colcon.meta'], base_paths=['.'], packages_ignore=None, packages_ignore_regex=None, paths=None, packages_up_to=None, packages_up_to_regex=None, packages_above=None, packages_above_and_dependencies=None, packages_above_depth=None, packages_select_by_dep=None, packages_skip_by_dep=None, packages_skip_up_to=None, packages_select_build_failed=False, packages_skip_build_finished=False, packages_select_test_failures=False, packages_skip_test_passed=False, packages_select=None, packages_skip=None, packages_select_regex=None, packages_skip_regex=None, packages_start=None, packages_end=None, allow_overriding=[], cmake_args=None, cmake_target=None, cmake_target_skip_unavailable=False, cmake_clean_cache=False, cmake_clean_first=False, cmake_force_configure=False, ament_cmake_args=None, catkin_cmake_args=None, catkin_skip_building_tests=False, verb_parser=<colcon_defaults.argument_parser.defaults.DefaultArgumentsDecorator object at 0x7131f1c72090>, verb_extension=<colcon_core.verb.build.BuildVerb object at 0x7131f1d9a270>, main=<bound method BuildVerb.main of <colcon_core.verb.build.BuildVerb object at 0x7131f1d9a270>>)
[0.292s] Level 1:colcon.colcon_core.package_discovery:discover_packages(colcon_meta) check parameters
[0.292s] Level 1:colcon.colcon_core.package_discovery:discover_packages(recursive) check parameters
[0.292s] Level 1:colcon.colcon_core.package_discovery:discover_packages(ignore) check parameters
[0.292s] Level 1:colcon.colcon_core.package_discovery:discover_packages(path) check parameters
[0.292s] Level 1:colcon.colcon_core.package_discovery:discover_packages(colcon_meta) discover
[0.292s] Level 1:colcon.colcon_core.package_discovery:discover_packages(recursive) discover
[0.292s] INFO:colcon.colcon_core.package_discovery:Crawling recursively for packages in '/home/mbell/bzzz_ws'
[0.293s] Level 1:colcon.colcon_core.package_identification:_identify(.) by extensions ['ignore', 'ignore_ament_install']
[0.293s] Level 1:colcon.colcon_core.package_identification:_identify(.) by extension 'ignore'
[0.293s] Level 1:colcon.colcon_core.package_identification:_identify(.) by extension 'ignore_ament_install'
[0.293s] Level 1:colcon.colcon_core.package_identification:_identify(.) by extensions ['colcon_pkg']
[0.293s] Level 1:colcon.colcon_core.package_identification:_identify(.) by extension 'colcon_pkg'
[0.293s] Level 1:colcon.colcon_core.package_identification:_identify(.) by extensions ['colcon_meta']
[0.293s] Level 1:colcon.colcon_core.package_identification:_identify(.) by extension 'colcon_meta'
[0.293s] Level 1:colcon.colcon_core.package_identification:_identify(.) by extensions ['ros']
[0.293s] Level 1:colcon.colcon_core.package_identification:_identify(.) by extension 'ros'
[0.322s] Level 1:colcon.colcon_core.package_identification:_identify(.) by extensions ['cmake', 'python']
[0.322s] Level 1:colcon.colcon_core.package_identification:_identify(.) by extension 'cmake'
[0.322s] Level 1:colcon.colcon_core.package_identification:_identify(.) by extension 'python'
[0.322s] Level 1:colcon.colcon_core.package_identification:_identify(.) by extensions ['python_setup_py']
[0.322s] Level 1:colcon.colcon_core.package_identification:_identify(.) by extension 'python_setup_py'
[0.323s] Level 1:colcon.colcon_core.package_identification:_identify(build) by extensions ['ignore', 'ignore_ament_install']
[0.323s] Level 1:colcon.colcon_core.package_identification:_identify(build) by extension 'ignore'
[0.323s] Level 1:colcon.colcon_core.package_identification:_identify(build) ignored
[0.323s] Level 1:colcon.colcon_core.package_identification:_identify(install) by extensions ['ignore', 'ignore_ament_install']
[0.323s] Level 1:colcon.colcon_core.package_identification:_identify(install) by extension 'ignore'
[0.323s] Level 1:colcon.colcon_core.package_identification:_identify(install) ignored
[0.323s] Level 1:colcon.colcon_core.package_identification:_identify(log) by extensions ['ignore', 'ignore_ament_install']
[0.323s] Level 1:colcon.colcon_core.package_identification:_identify(log) by extension 'ignore'
[0.323s] Level 1:colcon.colcon_core.package_identification:_identify(log) ignored
[0.324s] Level 1:colcon.colcon_core.package_identification:_identify(src) by extensions ['ignore', 'ignore_ament_install']
[0.324s] Level 1:colcon.colcon_core.package_identification:_identify(src) by extension 'ignore'
[0.324s] Level 1:colcon.colcon_core.package_identification:_identify(src) by extension 'ignore_ament_install'
[0.324s] Level 1:colcon.colcon_core.package_identification:_identify(src) by extensions ['colcon_pkg']
[0.324s] Level 1:colcon.colcon_core.package_identification:_identify(src) by extension 'colcon_pkg'
[0.324s] Level 1:colcon.colcon_core.package_identification:_identify(src) by extensions ['colcon_meta']
[0.324s] Level 1:colcon.colcon_core.package_identification:_identify(src) by extension 'colcon_meta'
[0.324s] Level 1:colcon.colcon_core.package_identification:_identify(src) by extensions ['ros']
[0.324s] Level 1:colcon.colcon_core.package_identification:_identify(src) by extension 'ros'
[0.324s] Level 1:colcon.colcon_core.package_identification:_identify(src) by extensions ['cmake', 'python']
[0.324s] Level 1:colcon.colcon_core.package_identification:_identify(src) by extension 'cmake'
[0.324s] Level 1:colcon.colcon_core.package_identification:_identify(src) by extension 'python'
[0.324s] Level 1:colcon.colcon_core.package_identification:_identify(src) by extensions ['python_setup_py']
[0.324s] Level 1:colcon.colcon_core.package_identification:_identify(src) by extension 'python_setup_py'
[0.324s] Level 1:colcon.colcon_core.package_identification:_identify(src/bzzz_core) by extensions ['ignore', 'ignore_ament_install']
[0.324s] Level 1:colcon.colcon_core.package_identification:_identify(src/bzzz_core) by extension 'ignore'
[0.324s] Level 1:colcon.colcon_core.package_identification:_identify(src/bzzz_core) by extension 'ignore_ament_install'
[0.324s] Level 1:colcon.colcon_core.package_identification:_identify(src/bzzz_core) by extensions ['colcon_pkg']
[0.324s] Level 1:colcon.colcon_core.package_identification:_identify(src/bzzz_core) by extension 'colcon_pkg'
[0.324s] Level 1:colcon.colcon_core.package_identification:_identify(src/bzzz_core) by extensions ['colcon_meta']
[0.324s] Level 1:colcon.colcon_core.package_identification:_identify(src/bzzz_core) by extension 'colcon_meta'
[0.324s] Level 1:colcon.colcon_core.package_identification:_identify(src/bzzz_core) by extensions ['ros']
[0.324s] Level 1:colcon.colcon_core.package_identification:_identify(src/bzzz_core) by extension 'ros'
[0.327s] DEBUG:colcon.colcon_core.package_identification:Package 'src/bzzz_core' with type 'ros.ament_cmake' and name 'bzzz_core'
[0.327s] Level 1:colcon.colcon_core.package_identification:_identify(src/bzzz_msgs) by extensions ['ignore', 'ignore_ament_install']
[0.328s] Level 1:colcon.colcon_core.package_identification:_identify(src/bzzz_msgs) by extension 'ignore'
[0.328s] Level 1:colcon.colcon_core.package_identification:_identify(src/bzzz_msgs) by extension 'ignore_ament_install'
[0.328s] Level 1:colcon.colcon_core.package_identification:_identify(src/bzzz_msgs) by extensions ['colcon_pkg']
[0.328s] Level 1:colcon.colcon_core.package_identification:_identify(src/bzzz_msgs) by extension 'colcon_pkg'
[0.328s] Level 1:colcon.colcon_core.package_identification:_identify(src/bzzz_msgs) by extensions ['colcon_meta']
[0.328s] Level 1:colcon.colcon_core.package_identification:_identify(src/bzzz_msgs) by extension 'colcon_meta'
[0.328s] Level 1:colcon.colcon_core.package_identification:_identify(src/bzzz_msgs) by extensions ['ros']
[0.328s] Level 1:colcon.colcon_core.package_identification:_identify(src/bzzz_msgs) by extension 'ros'
[0.328s] DEBUG:colcon.colcon_core.package_identification:Package 'src/bzzz_msgs' with type 'ros.ament_cmake' and name 'bzzz_msgs'
[0.328s] Level 1:colcon.colcon_core.package_discovery:discover_packages(recursive) using defaults
[0.328s] Level 1:colcon.colcon_core.package_discovery:discover_packages(ignore) discover
[0.328s] Level 1:colcon.colcon_core.package_discovery:discover_packages(ignore) using defaults
[0.329s] Level 1:colcon.colcon_core.package_discovery:discover_packages(path) discover
[0.329s] Level 1:colcon.colcon_core.package_discovery:discover_packages(path) using defaults
[0.356s] Level 1:colcon.colcon_core.package_discovery:discover_packages(prefix_path) check parameters
[0.356s] Level 1:colcon.colcon_core.package_discovery:discover_packages(prefix_path) discover
[0.360s] DEBUG:colcon.colcon_installed_package_information.package_discovery:Found 2 installed packages in /home/mbell/bzzz_ws/install
[0.362s] DEBUG:colcon.colcon_installed_package_information.package_discovery:Found 287 installed packages in /opt/ros/jazzy
[0.362s] Level 1:colcon.colcon_core.package_discovery:discover_packages(prefix_path) using defaults
[0.447s] Level 5:colcon.colcon_core.verb:set package 'bzzz_msgs' build argument 'cmake_args' from command line to 'None'
[0.447s] Level 5:colcon.colcon_core.verb:set package 'bzzz_msgs' build argument 'cmake_target' from command line to 'None'
[0.447s] Level 5:colcon.colcon_core.verb:set package 'bzzz_msgs' build argument 'cmake_target_skip_unavailable' from command line to 'False'
[0.447s] Level 5:colcon.colcon_core.verb:set package 'bzzz_msgs' build argument 'cmake_clean_cache' from command line to 'False'
[0.447s] Level 5:colcon.colcon_core.verb:set package 'bzzz_msgs' build argument 'cmake_clean_first' from command line to 'False'
[0.447s] Level 5:colcon.colcon_core.verb:set package 'bzzz_msgs' build argument 'cmake_force_configure' from command line to 'False'
[0.447s] Level 5:colcon.colcon_core.verb:set package 'bzzz_msgs' build argument 'ament_cmake_args' from command line to 'None'
[0.447s] Level 5:colcon.colcon_core.verb:set package 'bzzz_msgs' build argument 'catkin_cmake_args' from command line to 'None'
[0.447s] Level 5:colcon.colcon_core.verb:set package 'bzzz_msgs' build argument 'catkin_skip_building_tests' from command line to 'False'
[0.447s] DEBUG:colcon.colcon_core.verb:Building package 'bzzz_msgs' with the following arguments: {'ament_cmake_args': None, 'build_base': '/home/mbell/bzzz_ws/build/bzzz_msgs', 'catkin_cmake_args': None, 'catkin_skip_building_tests': False, 'cmake_args': None, 'cmake_clean_cache': False, 'cmake_clean_first': False, 'cmake_force_configure': False, 'cmake_target': None, 'cmake_target_skip_unavailable': False, 'install_base': '/home/mbell/bzzz_ws/install/bzzz_msgs', 'merge_install': False, 'path': '/home/mbell/bzzz_ws/src/bzzz_msgs', 'symlink_install': False, 'test_result_base': None}
[0.448s] Level 5:colcon.colcon_core.verb:set package 'bzzz_core' build argument 'cmake_args' from command line to 'None'
[0.448s] Level 5:colcon.colcon_core.verb:set package 'bzzz_core' build argument 'cmake_target' from command line to 'None'
[0.448s] Level 5:colcon.colcon_core.verb:set package 'bzzz_core' build argument 'cmake_target_skip_unavailable' from command line to 'False'
[0.448s] Level 5:colcon.colcon_core.verb:set package 'bzzz_core' build argument 'cmake_clean_cache' from command line to 'False'
[0.448s] Level 5:colcon.colcon_core.verb:set package 'bzzz_core' build argument 'cmake_clean_first' from command line to 'False'
[0.448s] Level 5:colcon.colcon_core.verb:set package 'bzzz_core' build argument 'cmake_force_configure' from command line to 'False'
[0.448s] Level 5:colcon.colcon_core.verb:set package 'bzzz_core' build argument 'ament_cmake_args' from command line to 'None'
[0.448s] Level 5:colcon.colcon_core.verb:set package 'bzzz_core' build argument 'catkin_cmake_args' from command line to 'None'
[0.448s] Level 5:colcon.colcon_core.verb:set package 'bzzz_core' build argument 'catkin_skip_building_tests' from command line to 'False'
[0.448s] DEBUG:colcon.colcon_core.verb:Building package 'bzzz_core' with the following arguments: {'ament_cmake_args': None, 'build_base': '/home/mbell/bzzz_ws/build/bzzz_core', 'catkin_cmake_args': None, 'catkin_skip_building_tests': False, 'cmake_args': None, 'cmake_clean_cache': False, 'cmake_clean_first': False, 'cmake_force_configure': False, 'cmake_target': None, 'cmake_target_skip_unavailable': False, 'install_base': '/home/mbell/bzzz_ws/install/bzzz_core', 'merge_install': False, 'path': '/home/mbell/bzzz_ws/src/bzzz_core', 'symlink_install': False, 'test_result_base': None}
[0.448s] INFO:colcon.colcon_core.executor:Executing jobs using 'parallel' executor
[0.448s] DEBUG:colcon.colcon_parallel_executor.executor.parallel:run_until_complete
[0.449s] INFO:colcon.colcon_ros.task.ament_cmake.build:Building ROS package in '/home/mbell/bzzz_ws/src/bzzz_msgs' with build type 'ament_cmake'
[0.449s] INFO:colcon.colcon_cmake.task.cmake.build:Building CMake package in '/home/mbell/bzzz_ws/src/bzzz_msgs'
[0.453s] INFO:colcon.colcon_core.plugin_system:Skipping extension 'colcon_core.shell.bat': Not used on non-Windows systems
[0.453s] INFO:colcon.colcon_core.shell:Skip shell extension 'powershell' for command environment: Not usable outside of PowerShell
[0.453s] DEBUG:colcon.colcon_core.shell:Skip shell extension 'dsv' for command environment
[0.462s] DEBUG:colcon.colcon_core.event_handler.log_command:Invoking command in '/home/mbell/bzzz_ws/build/bzzz_msgs': CMAKE_PREFIX_PATH=${CMAKE_PREFIX_PATH}:/opt/ros/jazzy /usr/bin/cmake --build /home/mbell/bzzz_ws/build/bzzz_msgs -- -j16 -l16
[3.715s] DEBUG:colcon.colcon_core.event_handler.log_command:Invoked command in '/home/mbell/bzzz_ws/build/bzzz_msgs' returned '0': CMAKE_PREFIX_PATH=${CMAKE_PREFIX_PATH}:/opt/ros/jazzy /usr/bin/cmake --build /home/mbell/bzzz_ws/build/bzzz_msgs -- -j16 -l16
[3.723s] DEBUG:colcon.colcon_core.event_handler.log_command:Invoking command in '/home/mbell/bzzz_ws/build/bzzz_msgs': CMAKE_PREFIX_PATH=${CMAKE_PREFIX_PATH}:/opt/ros/jazzy /usr/bin/cmake --install /home/mbell/bzzz_ws/build/bzzz_msgs
[5.770s] Level 1:colcon.colcon_core.environment:create_environment_scripts_only(bzzz_msgs)
[5.770s] DEBUG:colcon.colcon_core.event_handler.log_command:Invoked command in '/home/mbell/bzzz_ws/build/bzzz_msgs' returned '0': CMAKE_PREFIX_PATH=${CMAKE_PREFIX_PATH}:/opt/ros/jazzy /usr/bin/cmake --install /home/mbell/bzzz_ws/build/bzzz_msgs
[5.776s] Level 1:colcon.colcon_core.environment:checking '/home/mbell/bzzz_ws/install/bzzz_msgs' for CMake module files
[5.777s] Level 1:colcon.colcon_core.environment:checking '/home/mbell/bzzz_ws/install/bzzz_msgs' for CMake config files
[5.779s] Level 1:colcon.colcon_core.shell:create_environment_hook('bzzz_msgs', 'cmake_prefix_path')
[5.779s] INFO:colcon.colcon_core.shell:Creating environment hook '/home/mbell/bzzz_ws/install/bzzz_msgs/share/bzzz_msgs/hook/cmake_prefix_path.ps1'
[5.780s] INFO:colcon.colcon_core.shell:Creating environment descriptor '/home/mbell/bzzz_ws/install/bzzz_msgs/share/bzzz_msgs/hook/cmake_prefix_path.dsv'
[5.781s] INFO:colcon.colcon_core.shell:Creating environment hook '/home/mbell/bzzz_ws/install/bzzz_msgs/share/bzzz_msgs/hook/cmake_prefix_path.sh'
[5.782s] Level 1:colcon.colcon_core.environment:checking '/home/mbell/bzzz_ws/install/bzzz_msgs/lib'
[5.782s] Level 1:colcon.colcon_core.shell:create_environment_hook('bzzz_msgs', 'ld_library_path_lib')
[5.782s] INFO:colcon.colcon_core.shell:Creating environment hook '/home/mbell/bzzz_ws/install/bzzz_msgs/share/bzzz_msgs/hook/ld_library_path_lib.ps1'
[5.782s] INFO:colcon.colcon_core.shell:Creating environment descriptor '/home/mbell/bzzz_ws/install/bzzz_msgs/share/bzzz_msgs/hook/ld_library_path_lib.dsv'
[5.783s] INFO:colcon.colcon_core.shell:Creating environment hook '/home/mbell/bzzz_ws/install/bzzz_msgs/share/bzzz_msgs/hook/ld_library_path_lib.sh'
[5.783s] Level 1:colcon.colcon_core.environment:checking '/home/mbell/bzzz_ws/install/bzzz_msgs/bin'
[5.783s] Level 1:colcon.colcon_core.environment:checking '/home/mbell/bzzz_ws/install/bzzz_msgs/lib/pkgconfig/bzzz_msgs.pc'
[5.783s] Level 1:colcon.colcon_core.environment:checking '/home/mbell/bzzz_ws/install/bzzz_msgs/lib/python3.12/site-packages'
[5.783s] Level 1:colcon.colcon_core.shell:create_environment_hook('bzzz_msgs', 'pythonpath')
[5.783s] INFO:colcon.colcon_core.shell:Creating environment hook '/home/mbell/bzzz_ws/install/bzzz_msgs/share/bzzz_msgs/hook/pythonpath.ps1'
[5.784s] INFO:colcon.colcon_core.shell:Creating environment descriptor '/home/mbell/bzzz_ws/install/bzzz_msgs/share/bzzz_msgs/hook/pythonpath.dsv'
[5.784s] INFO:colcon.colcon_core.shell:Creating environment hook '/home/mbell/bzzz_ws/install/bzzz_msgs/share/bzzz_msgs/hook/pythonpath.sh'
[5.784s] Level 1:colcon.colcon_core.environment:checking '/home/mbell/bzzz_ws/install/bzzz_msgs/bin'
[5.785s] INFO:colcon.colcon_core.shell:Creating package script '/home/mbell/bzzz_ws/install/bzzz_msgs/share/bzzz_msgs/package.ps1'
[5.786s] INFO:colcon.colcon_core.shell:Creating package descriptor '/home/mbell/bzzz_ws/install/bzzz_msgs/share/bzzz_msgs/package.dsv'
[5.786s] INFO:colcon.colcon_core.shell:Creating package script '/home/mbell/bzzz_ws/install/bzzz_msgs/share/bzzz_msgs/package.sh'
[5.787s] INFO:colcon.colcon_core.shell:Creating package script '/home/mbell/bzzz_ws/install/bzzz_msgs/share/bzzz_msgs/package.bash'
[5.788s] INFO:colcon.colcon_core.shell:Creating package script '/home/mbell/bzzz_ws/install/bzzz_msgs/share/bzzz_msgs/package.zsh'
[5.789s] Level 1:colcon.colcon_core.environment:create_file_with_runtime_dependencies(/home/mbell/bzzz_ws/install/bzzz_msgs/share/colcon-core/packages/bzzz_msgs)
[5.789s] Level 1:colcon.colcon_core.environment:create_environment_scripts_only(bzzz_msgs)
[5.790s] Level 1:colcon.colcon_core.environment:checking '/home/mbell/bzzz_ws/install/bzzz_msgs' for CMake module files
[5.790s] Level 1:colcon.colcon_core.environment:checking '/home/mbell/bzzz_ws/install/bzzz_msgs' for CMake config files
[5.790s] Level 1:colcon.colcon_core.shell:create_environment_hook('bzzz_msgs', 'cmake_prefix_path')
[5.790s] INFO:colcon.colcon_core.shell:Creating environment hook '/home/mbell/bzzz_ws/install/bzzz_msgs/share/bzzz_msgs/hook/cmake_prefix_path.ps1'
[5.791s] INFO:colcon.colcon_core.shell:Creating environment descriptor '/home/mbell/bzzz_ws/install/bzzz_msgs/share/bzzz_msgs/hook/cmake_prefix_path.dsv'
[5.791s] INFO:colcon.colcon_core.shell:Creating environment hook '/home/mbell/bzzz_ws/install/bzzz_msgs/share/bzzz_msgs/hook/cmake_prefix_path.sh'
[5.791s] Level 1:colcon.colcon_core.environment:checking '/home/mbell/bzzz_ws/install/bzzz_msgs/lib'
[5.792s] Level 1:colcon.colcon_core.shell:create_environment_hook('bzzz_msgs', 'ld_library_path_lib')
[5.792s] INFO:colcon.colcon_core.shell:Creating environment hook '/home/mbell/bzzz_ws/install/bzzz_msgs/share/bzzz_msgs/hook/ld_library_path_lib.ps1'
[5.792s] INFO:colcon.colcon_core.shell:Creating environment descriptor '/home/mbell/bzzz_ws/install/bzzz_msgs/share/bzzz_msgs/hook/ld_library_path_lib.dsv'
[5.792s] INFO:colcon.colcon_core.shell:Creating environment hook '/home/mbell/bzzz_ws/install/bzzz_msgs/share/bzzz_msgs/hook/ld_library_path_lib.sh'
[5.792s] Level 1:colcon.colcon_core.environment:checking '/home/mbell/bzzz_ws/install/bzzz_msgs/bin'
[5.792s] Level 1:colcon.colcon_core.environment:checking '/home/mbell/bzzz_ws/install/bzzz_msgs/lib/pkgconfig/bzzz_msgs.pc'
[5.793s] Level 1:colcon.colcon_core.environment:checking '/home/mbell/bzzz_ws/install/bzzz_msgs/lib/python3.12/site-packages'
[5.793s] Level 1:colcon.colcon_core.shell:create_environment_hook('bzzz_msgs', 'pythonpath')
[5.793s] INFO:colcon.colcon_core.shell:Creating environment hook '/home/mbell/bzzz_ws/install/bzzz_msgs/share/bzzz_msgs/hook/pythonpath.ps1'
[5.793s] INFO:colcon.colcon_core.shell:Creating environment descriptor '/home/mbell/bzzz_ws/install/bzzz_msgs/share/bzzz_msgs/hook/pythonpath.dsv'
[5.793s] INFO:colcon.colcon_core.shell:Creating environment hook '/home/mbell/bzzz_ws/install/bzzz_msgs/share/bzzz_msgs/hook/pythonpath.sh'
[5.794s] Level 1:colcon.colcon_core.environment:checking '/home/mbell/bzzz_ws/install/bzzz_msgs/bin'
[5.794s] INFO:colcon.colcon_core.shell:Creating package script '/home/mbell/bzzz_ws/install/bzzz_msgs/share/bzzz_msgs/package.ps1'
[5.794s] INFO:colcon.colcon_core.shell:Creating package descriptor '/home/mbell/bzzz_ws/install/bzzz_msgs/share/bzzz_msgs/package.dsv'
[5.795s] INFO:colcon.colcon_core.shell:Creating package script '/home/mbell/bzzz_ws/install/bzzz_msgs/share/bzzz_msgs/package.sh'
[5.795s] INFO:colcon.colcon_core.shell:Creating package script '/home/mbell/bzzz_ws/install/bzzz_msgs/share/bzzz_msgs/package.bash'
[5.795s] INFO:colcon.colcon_core.shell:Creating package script '/home/mbell/bzzz_ws/install/bzzz_msgs/share/bzzz_msgs/package.zsh'
[5.796s] Level 1:colcon.colcon_core.environment:create_file_with_runtime_dependencies(/home/mbell/bzzz_ws/install/bzzz_msgs/share/colcon-core/packages/bzzz_msgs)
[5.796s] INFO:colcon.colcon_ros.task.ament_cmake.build:Building ROS package in '/home/mbell/bzzz_ws/src/bzzz_core' with build type 'ament_cmake'
[5.796s] INFO:colcon.colcon_cmake.task.cmake.build:Building CMake package in '/home/mbell/bzzz_ws/src/bzzz_core'
[5.796s] INFO:colcon.colcon_core.shell:Skip shell extension 'powershell' for command environment: Not usable outside of PowerShell
[5.797s] DEBUG:colcon.colcon_core.shell:Skip shell extension 'dsv' for command environment
[5.875s] DEBUG:colcon.colcon_core.event_handler.log_command:Invoking command in '/home/mbell/bzzz_ws/build/bzzz_core': CMAKE_PREFIX_PATH=${CMAKE_PREFIX_PATH}:/opt/ros/jazzy /usr/bin/cmake --build /home/mbell/bzzz_ws/build/bzzz_core -- -j16 -l16
[11.813s] DEBUG:colcon.colcon_core.event_handler.log_command:Invoked command in '/home/mbell/bzzz_ws/build/bzzz_core' returned '0': CMAKE_PREFIX_PATH=${CMAKE_PREFIX_PATH}:/opt/ros/jazzy /usr/bin/cmake --build /home/mbell/bzzz_ws/build/bzzz_core -- -j16 -l16
[11.814s] DEBUG:colcon.colcon_core.event_handler.log_command:Invoking command in '/home/mbell/bzzz_ws/build/bzzz_core': CMAKE_PREFIX_PATH=${CMAKE_PREFIX_PATH}:/opt/ros/jazzy /usr/bin/cmake --install /home/mbell/bzzz_ws/build/bzzz_core
[11.829s] Level 1:colcon.colcon_core.environment:create_environment_scripts_only(bzzz_core)
[11.830s] Level 1:colcon.colcon_core.environment:checking '/home/mbell/bzzz_ws/install/bzzz_core' for CMake module files
[11.830s] DEBUG:colcon.colcon_core.event_handler.log_command:Invoked command in '/home/mbell/bzzz_ws/build/bzzz_core' returned '0': CMAKE_PREFIX_PATH=${CMAKE_PREFIX_PATH}:/opt/ros/jazzy /usr/bin/cmake --install /home/mbell/bzzz_ws/build/bzzz_core
[11.830s] Level 1:colcon.colcon_core.environment:checking '/home/mbell/bzzz_ws/install/bzzz_core' for CMake config files
[11.831s] Level 1:colcon.colcon_core.shell:create_environment_hook('bzzz_core', 'cmake_prefix_path')
[11.831s] INFO:colcon.colcon_core.shell:Creating environment hook '/home/mbell/bzzz_ws/install/bzzz_core/share/bzzz_core/hook/cmake_prefix_path.ps1'
[11.831s] INFO:colcon.colcon_core.shell:Creating environment descriptor '/home/mbell/bzzz_ws/install/bzzz_core/share/bzzz_core/hook/cmake_prefix_path.dsv'
[11.831s] INFO:colcon.colcon_core.shell:Creating environment hook '/home/mbell/bzzz_ws/install/bzzz_core/share/bzzz_core/hook/cmake_prefix_path.sh'
[11.832s] Level 1:colcon.colcon_core.environment:checking '/home/mbell/bzzz_ws/install/bzzz_core/lib'
[11.832s] Level 1:colcon.colcon_core.environment:checking '/home/mbell/bzzz_ws/install/bzzz_core/bin'
[11.832s] Level 1:colcon.colcon_core.environment:checking '/home/mbell/bzzz_ws/install/bzzz_core/lib/pkgconfig/bzzz_core.pc'
[11.832s] Level 1:colcon.colcon_core.environment:checking '/home/mbell/bzzz_ws/install/bzzz_core/lib/python3.12/site-packages'
[11.832s] Level 1:colcon.colcon_core.environment:checking '/home/mbell/bzzz_ws/install/bzzz_core/bin'
[11.832s] INFO:colcon.colcon_core.shell:Creating package script '/home/mbell/bzzz_ws/install/bzzz_core/share/bzzz_core/package.ps1'
[11.833s] INFO:colcon.colcon_core.shell:Creating package descriptor '/home/mbell/bzzz_ws/install/bzzz_core/share/bzzz_core/package.dsv'
[11.833s] INFO:colcon.colcon_core.shell:Creating package script '/home/mbell/bzzz_ws/install/bzzz_core/share/bzzz_core/package.sh'
[11.833s] INFO:colcon.colcon_core.shell:Creating package script '/home/mbell/bzzz_ws/install/bzzz_core/share/bzzz_core/package.bash'
[11.834s] INFO:colcon.colcon_core.shell:Creating package script '/home/mbell/bzzz_ws/install/bzzz_core/share/bzzz_core/package.zsh'
[11.834s] Level 1:colcon.colcon_core.environment:create_file_with_runtime_dependencies(/home/mbell/bzzz_ws/install/bzzz_core/share/colcon-core/packages/bzzz_core)
[11.834s] Level 1:colcon.colcon_core.environment:create_environment_scripts_only(bzzz_core)
[11.834s] Level 1:colcon.colcon_core.environment:checking '/home/mbell/bzzz_ws/install/bzzz_core' for CMake module files
[11.834s] Level 1:colcon.colcon_core.environment:checking '/home/mbell/bzzz_ws/install/bzzz_core' for CMake config files
[11.835s] Level 1:colcon.colcon_core.shell:create_environment_hook('bzzz_core', 'cmake_prefix_path')
[11.835s] INFO:colcon.colcon_core.shell:Creating environment hook '/home/mbell/bzzz_ws/install/bzzz_core/share/bzzz_core/hook/cmake_prefix_path.ps1'
[11.835s] INFO:colcon.colcon_core.shell:Creating environment descriptor '/home/mbell/bzzz_ws/install/bzzz_core/share/bzzz_core/hook/cmake_prefix_path.dsv'
[11.835s] INFO:colcon.colcon_core.shell:Creating environment hook '/home/mbell/bzzz_ws/install/bzzz_core/share/bzzz_core/hook/cmake_prefix_path.sh'
[11.836s] Level 1:colcon.colcon_core.environment:checking '/home/mbell/bzzz_ws/install/bzzz_core/lib'
[11.836s] Level 1:colcon.colcon_core.environment:checking '/home/mbell/bzzz_ws/install/bzzz_core/bin'
[11.836s] Level 1:colcon.colcon_core.environment:checking '/home/mbell/bzzz_ws/install/bzzz_core/lib/pkgconfig/bzzz_core.pc'
[11.836s] Level 1:colcon.colcon_core.environment:checking '/home/mbell/bzzz_ws/install/bzzz_core/lib/python3.12/site-packages'
[11.836s] Level 1:colcon.colcon_core.environment:checking '/home/mbell/bzzz_ws/install/bzzz_core/bin'
[11.836s] INFO:colcon.colcon_core.shell:Creating package script '/home/mbell/bzzz_ws/install/bzzz_core/share/bzzz_core/package.ps1'
[11.836s] INFO:colcon.colcon_core.shell:Creating package descriptor '/home/mbell/bzzz_ws/install/bzzz_core/share/bzzz_core/package.dsv'
[11.837s] INFO:colcon.colcon_core.shell:Creating package script '/home/mbell/bzzz_ws/install/bzzz_core/share/bzzz_core/package.sh'
[11.837s] INFO:colcon.colcon_core.shell:Creating package script '/home/mbell/bzzz_ws/install/bzzz_core/share/bzzz_core/package.bash'
[11.837s] INFO:colcon.colcon_core.shell:Creating package script '/home/mbell/bzzz_ws/install/bzzz_core/share/bzzz_core/package.zsh'
[11.837s] Level 1:colcon.colcon_core.environment:create_file_with_runtime_dependencies(/home/mbell/bzzz_ws/install/bzzz_core/share/colcon-core/packages/bzzz_core)
[11.838s] DEBUG:colcon.colcon_parallel_executor.executor.parallel:closing loop
[11.838s] DEBUG:colcon.colcon_parallel_executor.executor.parallel:loop closed
[11.838s] DEBUG:colcon.colcon_parallel_executor.executor.parallel:run_until_complete finished with '0'
[11.838s] DEBUG:colcon.colcon_core.event_reactor:joining thread
[11.870s] INFO:colcon.colcon_core.plugin_system:Skipping extension 'colcon_notification.desktop_notification.notify_send': Could not find 'notify-send'
[11.870s] INFO:colcon.colcon_core.plugin_system:Skipping extension 'colcon_notification.desktop_notification.terminal_notifier': Not used on non-Darwin systems
[11.870s] INFO:colcon.colcon_core.plugin_system:Skipping extension 'colcon_notification.desktop_notification.win32': Not used on non-Windows systems
[11.870s] INFO:colcon.colcon_notification.desktop_notification:Sending desktop notification using 'notify2'
[11.871s] DEBUG:colcon.colcon_notification.desktop_notification.notify2:Failed to initialize notify2: org.freedesktop.DBus.Error.ServiceUnknown: The name org.freedesktop.Notifications was not provided by any .service files
[11.871s] DEBUG:colcon.colcon_core.event_reactor:joined thread
[11.871s] INFO:colcon.colcon_core.shell:Creating prefix script '/home/mbell/bzzz_ws/install/local_setup.ps1'
[11.873s] INFO:colcon.colcon_core.shell:Creating prefix util module '/home/mbell/bzzz_ws/install/_local_setup_util_ps1.py'
[11.874s] INFO:colcon.colcon_core.shell:Creating prefix chain script '/home/mbell/bzzz_ws/install/setup.ps1'
[11.875s] INFO:colcon.colcon_core.shell:Creating prefix script '/home/mbell/bzzz_ws/install/local_setup.sh'
[11.876s] INFO:colcon.colcon_core.shell:Creating prefix util module '/home/mbell/bzzz_ws/install/_local_setup_util_sh.py'
[11.876s] INFO:colcon.colcon_core.shell:Creating prefix chain script '/home/mbell/bzzz_ws/install/setup.sh'
[11.877s] INFO:colcon.colcon_core.shell:Creating prefix script '/home/mbell/bzzz_ws/install/local_setup.bash'
[11.878s] INFO:colcon.colcon_core.shell:Creating prefix chain script '/home/mbell/bzzz_ws/install/setup.bash'
[11.879s] INFO:colcon.colcon_core.shell:Creating prefix script '/home/mbell/bzzz_ws/install/local_setup.zsh'
[11.880s] INFO:colcon.colcon_core.shell:Creating prefix chain script '/home/mbell/bzzz_ws/install/setup.zsh'
