-- Found ament_cmake: 2.5.6 (/opt/ros/jazzy/share/ament_cmake/cmake)
-- Found rosidl_default_generators: 1.6.0 (/opt/ros/jazzy/share/rosidl_default_generators/cmake)
-- Using all available rosidl_typesupport_c: rosidl_typesupport_fastrtps_c;rosidl_typesupport_introspection_c
-- Using all available rosidl_typesupport_cpp: rosidl_typesupport_fastrtps_cpp;rosidl_typesupport_introspection_cpp
-- Found rosidl_adapter: 4.6.7 (/opt/ros/jazzy/share/rosidl_adapter/cmake)
-- Found ament_cmake_ros: 0.12.0 (/opt/ros/jazzy/share/ament_cmake_ros/cmake)
-- Using all available rosidl_typesupport_c: rosidl_typesupport_fastrtps_c;rosidl_typesupport_introspection_c
-- Using all available rosidl_typesupport_cpp: rosidl_typesupport_fastrtps_cpp;rosidl_typesupport_introspection_cpp
-- Found python_cmake_module: 0.11.1 (/opt/ros/jazzy/share/python_cmake_module/cmake)
-- Found Python3: /usr/bin/python3 (found version "3.12.3") found components: Interpreter Development NumPy Development.Module Development.Embed 
-- Found Python3: /usr/bin/python3 (found version "3.12.3") found components: Interpreter 
-- Found ament_lint_auto: 0.17.5 (/opt/ros/jazzy/share/ament_lint_auto/cmake)
-- Added test 'lint_cmake' to check CMake code style
-- Added test 'xmllint' to check XML markup files
-- Configuring done (0.8s)
-- Generating done (0.1s)
-- Build files have been written to: /home/mbell/bzzz_ws/build/bzzz_msgs
[  2%] [34m[1mGenerating type hashes for ROS interfaces[0m
[  4%] [34m[1mGenerating Rust code for ROS interfaces[0m
[  4%] Built target ament_cmake_python_copy_bzzz_msgs
running egg_info
writing bzzz_msgs.egg-info/PKG-INFO
writing dependency_links to bzzz_msgs.egg-info/dependency_links.txt
writing top-level names to bzzz_msgs.egg-info/top_level.txt
[  4%] Built target bzzz_msgs__rosidl_generator_type_description
[  6%] [34m[1mGenerating C code for ROS interfaces[0m
[  6%] Built target bzzz_msgs__rs
[  8%] [34m[1mGenerating C++ code for ROS interfaces[0m
reading manifest file 'bzzz_msgs.egg-info/SOURCES.txt'
writing manifest file 'bzzz_msgs.egg-info/SOURCES.txt'
[  8%] Built target ament_cmake_python_build_bzzz_msgs_egg
[  8%] Built target bzzz_msgs__cpp
[ 15%] [32mBuilding C object CMakeFiles/bzzz_msgs__rosidl_generator_c.dir/rosidl_generator_c/bzzz_msgs/msg/detail/motor_commands__description.c.o[0m
[ 15%] [32mBuilding C object CMakeFiles/bzzz_msgs__rosidl_generator_c.dir/rosidl_generator_c/bzzz_msgs/msg/detail/motor_commands__type_support.c.o[0m
[ 15%] [32mBuilding C object CMakeFiles/bzzz_msgs__rosidl_generator_c.dir/rosidl_generator_c/bzzz_msgs/msg/detail/motor_commands__functions.c.o[0m
[ 17%] [32mBuilding C object CMakeFiles/bzzz_msgs__rosidl_generator_c.dir/rosidl_generator_c/bzzz_msgs/msg/detail/sensor_suite__description.c.o[0m
[ 20%] [32mBuilding C object CMakeFiles/bzzz_msgs__rosidl_generator_c.dir/rosidl_generator_c/bzzz_msgs/msg/detail/sensor_suite__type_support.c.o[0m
[ 22%] [32mBuilding C object CMakeFiles/bzzz_msgs__rosidl_generator_c.dir/rosidl_generator_c/bzzz_msgs/msg/detail/sensor_suite__functions.c.o[0m
[ 24%] [32m[1mLinking C shared library libbzzz_msgs__rosidl_generator_c.so[0m
[ 24%] Built target bzzz_msgs__rosidl_generator_c
[ 31%] [34m[1mGenerating C type support dispatch for ROS interfaces[0m
[ 31%] [34m[1mGenerating C introspection for ROS interfaces[0m
[ 31%] [34m[1mGenerating C type support for eProsima Fast-RTPS[0m
[ 33%] [34m[1mGenerating C++ type support for eProsima Fast-RTPS[0m
[ 35%] [34m[1mGenerating C++ type support dispatch for ROS interfaces[0m
[ 37%] [34m[1mGenerating C++ introspection for ROS interfaces[0m
[ 40%] [32mBuilding CXX object CMakeFiles/bzzz_msgs__rosidl_typesupport_c.dir/rosidl_typesupport_c/bzzz_msgs/msg/motor_commands__type_support.cpp.o[0m
[ 44%] [32mBuilding CXX object CMakeFiles/bzzz_msgs__rosidl_typesupport_c.dir/rosidl_typesupport_c/bzzz_msgs/msg/sensor_suite__type_support.cpp.o[0m
[ 44%] [32mBuilding CXX object CMakeFiles/bzzz_msgs__rosidl_typesupport_cpp.dir/rosidl_typesupport_cpp/bzzz_msgs/msg/motor_commands__type_support.cpp.o[0m
[ 46%] [32mBuilding CXX object CMakeFiles/bzzz_msgs__rosidl_typesupport_cpp.dir/rosidl_typesupport_cpp/bzzz_msgs/msg/sensor_suite__type_support.cpp.o[0m
[ 48%] [32mBuilding CXX object CMakeFiles/bzzz_msgs__rosidl_typesupport_introspection_cpp.dir/rosidl_typesupport_introspection_cpp/bzzz_msgs/msg/detail/sensor_suite__type_support.cpp.o[0m
[ 51%] [32mBuilding CXX object CMakeFiles/bzzz_msgs__rosidl_typesupport_introspection_cpp.dir/rosidl_typesupport_introspection_cpp/bzzz_msgs/msg/detail/motor_commands__type_support.cpp.o[0m
[ 53%] [32mBuilding C object CMakeFiles/bzzz_msgs__rosidl_typesupport_introspection_c.dir/rosidl_typesupport_introspection_c/bzzz_msgs/msg/detail/sensor_suite__type_support.c.o[0m
[ 55%] [32mBuilding C object CMakeFiles/bzzz_msgs__rosidl_typesupport_introspection_c.dir/rosidl_typesupport_introspection_c/bzzz_msgs/msg/detail/motor_commands__type_support.c.o[0m
[ 57%] [32mBuilding CXX object CMakeFiles/bzzz_msgs__rosidl_typesupport_fastrtps_cpp.dir/rosidl_typesupport_fastrtps_cpp/bzzz_msgs/msg/detail/dds_fastrtps/motor_commands__type_support.cpp.o[0m
[ 60%] [32mBuilding CXX object CMakeFiles/bzzz_msgs__rosidl_typesupport_fastrtps_cpp.dir/rosidl_typesupport_fastrtps_cpp/bzzz_msgs/msg/detail/dds_fastrtps/sensor_suite__type_support.cpp.o[0m
[ 62%] [32mBuilding CXX object CMakeFiles/bzzz_msgs__rosidl_typesupport_fastrtps_c.dir/rosidl_typesupport_fastrtps_c/bzzz_msgs/msg/detail/motor_commands__type_support_c.cpp.o[0m
[ 64%] [32mBuilding CXX object CMakeFiles/bzzz_msgs__rosidl_typesupport_fastrtps_c.dir/rosidl_typesupport_fastrtps_c/bzzz_msgs/msg/detail/sensor_suite__type_support_c.cpp.o[0m
[ 66%] [32m[1mLinking C shared library libbzzz_msgs__rosidl_typesupport_introspection_c.so[0m
[ 66%] Built target bzzz_msgs__rosidl_typesupport_introspection_c
[ 68%] [32m[1mLinking CXX shared library libbzzz_msgs__rosidl_typesupport_c.so[0m
[ 68%] Built target bzzz_msgs__rosidl_typesupport_c
[ 71%] [32m[1mLinking CXX shared library libbzzz_msgs__rosidl_typesupport_introspection_cpp.so[0m
[ 73%] [32m[1mLinking CXX shared library libbzzz_msgs__rosidl_typesupport_cpp.so[0m
[ 73%] Built target bzzz_msgs__rosidl_typesupport_cpp
[ 73%] Built target bzzz_msgs__rosidl_typesupport_introspection_cpp
[ 75%] [32m[1mLinking CXX shared library libbzzz_msgs__rosidl_typesupport_fastrtps_c.so[0m
[ 77%] [32m[1mLinking CXX shared library libbzzz_msgs__rosidl_typesupport_fastrtps_cpp.so[0m
[ 77%] Built target bzzz_msgs__rosidl_typesupport_fastrtps_cpp
[ 77%] Built target bzzz_msgs__rosidl_typesupport_fastrtps_c
[ 77%] Built target bzzz_msgs
[ 80%] [34m[1mGenerating Python code for ROS interfaces[0m
[ 80%] Built target bzzz_msgs__py
[ 82%] [32mBuilding C object CMakeFiles/bzzz_msgs__rosidl_generator_py.dir/rosidl_generator_py/bzzz_msgs/msg/_motor_commands_s.c.o[0m
[ 84%] [32mBuilding C object CMakeFiles/bzzz_msgs__rosidl_generator_py.dir/rosidl_generator_py/bzzz_msgs/msg/_sensor_suite_s.c.o[0m
[ 86%] [32m[1mLinking C shared library libbzzz_msgs__rosidl_generator_py.so[0m
[ 86%] Built target bzzz_msgs__rosidl_generator_py
[ 93%] [32mBuilding C object CMakeFiles/bzzz_msgs_s__rosidl_typesupport_c.dir/rosidl_generator_py/bzzz_msgs/_bzzz_msgs_s.ep.rosidl_typesupport_c.c.o[0m
[ 93%] [32mBuilding C object CMakeFiles/bzzz_msgs_s__rosidl_typesupport_fastrtps_c.dir/rosidl_generator_py/bzzz_msgs/_bzzz_msgs_s.ep.rosidl_typesupport_fastrtps_c.c.o[0m
[ 93%] [32mBuilding C object CMakeFiles/bzzz_msgs_s__rosidl_typesupport_introspection_c.dir/rosidl_generator_py/bzzz_msgs/_bzzz_msgs_s.ep.rosidl_typesupport_introspection_c.c.o[0m
[100%] [32m[1mLinking C shared module rosidl_generator_py/bzzz_msgs/bzzz_msgs_s__rosidl_typesupport_fastrtps_c.so[0m
[100%] [32m[1mLinking C shared module rosidl_generator_py/bzzz_msgs/bzzz_msgs_s__rosidl_typesupport_c.so[0m
[100%] [32m[1mLinking C shared module rosidl_generator_py/bzzz_msgs/bzzz_msgs_s__rosidl_typesupport_introspection_c.so[0m
[100%] Built target bzzz_msgs_s__rosidl_typesupport_introspection_c
[100%] Built target bzzz_msgs_s__rosidl_typesupport_fastrtps_c
[100%] Built target bzzz_msgs_s__rosidl_typesupport_c
-- Install configuration: ""
-- Up-to-date: /home/mbell/bzzz_ws/install/bzzz_msgs/share/ament_index/resource_index/rosidl_interfaces/bzzz_msgs
-- Installing: /home/mbell/bzzz_ws/install/bzzz_msgs/share/bzzz_msgs/msg/MotorCommands.json
-- Installing: /home/mbell/bzzz_ws/install/bzzz_msgs/share/bzzz_msgs/msg/SensorSuite.json
-- Up-to-date: /home/mbell/bzzz_ws/install/bzzz_msgs/include/bzzz_msgs/bzzz_msgs
-- Up-to-date: /home/mbell/bzzz_ws/install/bzzz_msgs/include/bzzz_msgs/bzzz_msgs/msg
-- Installing: /home/mbell/bzzz_ws/install/bzzz_msgs/include/bzzz_msgs/bzzz_msgs/msg/sensor_suite.h
-- Up-to-date: /home/mbell/bzzz_ws/install/bzzz_msgs/include/bzzz_msgs/bzzz_msgs/msg/detail
-- Installing: /home/mbell/bzzz_ws/install/bzzz_msgs/include/bzzz_msgs/bzzz_msgs/msg/detail/motor_commands__struct.h
-- Installing: /home/mbell/bzzz_ws/install/bzzz_msgs/include/bzzz_msgs/bzzz_msgs/msg/detail/sensor_suite__type_support.h
-- Installing: /home/mbell/bzzz_ws/install/bzzz_msgs/include/bzzz_msgs/bzzz_msgs/msg/detail/sensor_suite__functions.h
-- Installing: /home/mbell/bzzz_ws/install/bzzz_msgs/include/bzzz_msgs/bzzz_msgs/msg/detail/motor_commands__type_support.h
-- Installing: /home/mbell/bzzz_ws/install/bzzz_msgs/include/bzzz_msgs/bzzz_msgs/msg/detail/motor_commands__functions.c
-- Installing: /home/mbell/bzzz_ws/install/bzzz_msgs/include/bzzz_msgs/bzzz_msgs/msg/detail/sensor_suite__struct.h
-- Installing: /home/mbell/bzzz_ws/install/bzzz_msgs/include/bzzz_msgs/bzzz_msgs/msg/detail/sensor_suite__type_support.c
-- Installing: /home/mbell/bzzz_ws/install/bzzz_msgs/include/bzzz_msgs/bzzz_msgs/msg/detail/sensor_suite__functions.c
-- Installing: /home/mbell/bzzz_ws/install/bzzz_msgs/include/bzzz_msgs/bzzz_msgs/msg/detail/motor_commands__description.c
-- Installing: /home/mbell/bzzz_ws/install/bzzz_msgs/include/bzzz_msgs/bzzz_msgs/msg/detail/motor_commands__functions.h
-- Installing: /home/mbell/bzzz_ws/install/bzzz_msgs/include/bzzz_msgs/bzzz_msgs/msg/detail/sensor_suite__description.c
-- Installing: /home/mbell/bzzz_ws/install/bzzz_msgs/include/bzzz_msgs/bzzz_msgs/msg/detail/motor_commands__type_support.c
-- Up-to-date: /home/mbell/bzzz_ws/install/bzzz_msgs/include/bzzz_msgs/bzzz_msgs/msg/rosidl_generator_c__visibility_control.h
-- Installing: /home/mbell/bzzz_ws/install/bzzz_msgs/include/bzzz_msgs/bzzz_msgs/msg/motor_commands.h
-- Up-to-date: /home/mbell/bzzz_ws/install/bzzz_msgs/share/bzzz_msgs/environment/library_path.sh
-- Up-to-date: /home/mbell/bzzz_ws/install/bzzz_msgs/share/bzzz_msgs/environment/library_path.dsv
-- Installing: /home/mbell/bzzz_ws/install/bzzz_msgs/lib/libbzzz_msgs__rosidl_generator_c.so
-- Set non-toolchain portion of runtime path of "/home/mbell/bzzz_ws/install/bzzz_msgs/lib/libbzzz_msgs__rosidl_generator_c.so" to ""
-- Up-to-date: /home/mbell/bzzz_ws/install/bzzz_msgs/include/bzzz_msgs/bzzz_msgs
-- Up-to-date: /home/mbell/bzzz_ws/install/bzzz_msgs/include/bzzz_msgs/bzzz_msgs/msg
-- Up-to-date: /home/mbell/bzzz_ws/install/bzzz_msgs/include/bzzz_msgs/bzzz_msgs/msg/detail
-- Installing: /home/mbell/bzzz_ws/install/bzzz_msgs/include/bzzz_msgs/bzzz_msgs/msg/detail/sensor_suite__rosidl_typesupport_fastrtps_c.h
-- Installing: /home/mbell/bzzz_ws/install/bzzz_msgs/include/bzzz_msgs/bzzz_msgs/msg/detail/motor_commands__rosidl_typesupport_fastrtps_c.h
-- Up-to-date: /home/mbell/bzzz_ws/install/bzzz_msgs/include/bzzz_msgs/bzzz_msgs/msg/rosidl_typesupport_fastrtps_c__visibility_control.h
-- Installing: /home/mbell/bzzz_ws/install/bzzz_msgs/lib/libbzzz_msgs__rosidl_typesupport_fastrtps_c.so
-- Set non-toolchain portion of runtime path of "/home/mbell/bzzz_ws/install/bzzz_msgs/lib/libbzzz_msgs__rosidl_typesupport_fastrtps_c.so" to ""
-- Up-to-date: /home/mbell/bzzz_ws/install/bzzz_msgs/include/bzzz_msgs/bzzz_msgs
-- Up-to-date: /home/mbell/bzzz_ws/install/bzzz_msgs/include/bzzz_msgs/bzzz_msgs/msg
-- Up-to-date: /home/mbell/bzzz_ws/install/bzzz_msgs/include/bzzz_msgs/bzzz_msgs/msg/rosidl_typesupport_introspection_c__visibility_control.h
-- Up-to-date: /home/mbell/bzzz_ws/install/bzzz_msgs/include/bzzz_msgs/bzzz_msgs/msg/detail
-- Installing: /home/mbell/bzzz_ws/install/bzzz_msgs/include/bzzz_msgs/bzzz_msgs/msg/detail/sensor_suite__rosidl_typesupport_introspection_c.h
-- Installing: /home/mbell/bzzz_ws/install/bzzz_msgs/include/bzzz_msgs/bzzz_msgs/msg/detail/sensor_suite__type_support.c
-- Installing: /home/mbell/bzzz_ws/install/bzzz_msgs/include/bzzz_msgs/bzzz_msgs/msg/detail/motor_commands__rosidl_typesupport_introspection_c.h
-- Installing: /home/mbell/bzzz_ws/install/bzzz_msgs/include/bzzz_msgs/bzzz_msgs/msg/detail/motor_commands__type_support.c
-- Installing: /home/mbell/bzzz_ws/install/bzzz_msgs/lib/libbzzz_msgs__rosidl_typesupport_introspection_c.so
-- Set non-toolchain portion of runtime path of "/home/mbell/bzzz_ws/install/bzzz_msgs/lib/libbzzz_msgs__rosidl_typesupport_introspection_c.so" to ""
-- Installing: /home/mbell/bzzz_ws/install/bzzz_msgs/lib/libbzzz_msgs__rosidl_typesupport_c.so
-- Set non-toolchain portion of runtime path of "/home/mbell/bzzz_ws/install/bzzz_msgs/lib/libbzzz_msgs__rosidl_typesupport_c.so" to ""
-- Up-to-date: /home/mbell/bzzz_ws/install/bzzz_msgs/include/bzzz_msgs/bzzz_msgs
-- Up-to-date: /home/mbell/bzzz_ws/install/bzzz_msgs/include/bzzz_msgs/bzzz_msgs/msg
-- Installing: /home/mbell/bzzz_ws/install/bzzz_msgs/include/bzzz_msgs/bzzz_msgs/msg/motor_commands.hpp
-- Up-to-date: /home/mbell/bzzz_ws/install/bzzz_msgs/include/bzzz_msgs/bzzz_msgs/msg/detail
-- Installing: /home/mbell/bzzz_ws/install/bzzz_msgs/include/bzzz_msgs/bzzz_msgs/msg/detail/sensor_suite__type_support.hpp
-- Installing: /home/mbell/bzzz_ws/install/bzzz_msgs/include/bzzz_msgs/bzzz_msgs/msg/detail/motor_commands__struct.hpp
-- Installing: /home/mbell/bzzz_ws/install/bzzz_msgs/include/bzzz_msgs/bzzz_msgs/msg/detail/sensor_suite__traits.hpp
-- Installing: /home/mbell/bzzz_ws/install/bzzz_msgs/include/bzzz_msgs/bzzz_msgs/msg/detail/motor_commands__type_support.hpp
-- Installing: /home/mbell/bzzz_ws/install/bzzz_msgs/include/bzzz_msgs/bzzz_msgs/msg/detail/motor_commands__builder.hpp
-- Installing: /home/mbell/bzzz_ws/install/bzzz_msgs/include/bzzz_msgs/bzzz_msgs/msg/detail/sensor_suite__struct.hpp
-- Installing: /home/mbell/bzzz_ws/install/bzzz_msgs/include/bzzz_msgs/bzzz_msgs/msg/detail/motor_commands__traits.hpp
-- Installing: /home/mbell/bzzz_ws/install/bzzz_msgs/include/bzzz_msgs/bzzz_msgs/msg/detail/sensor_suite__builder.hpp
-- Installing: /home/mbell/bzzz_ws/install/bzzz_msgs/include/bzzz_msgs/bzzz_msgs/msg/sensor_suite.hpp
-- Installing: /home/mbell/bzzz_ws/install/bzzz_msgs/include/bzzz_msgs/bzzz_msgs/msg/rosidl_generator_cpp__visibility_control.hpp
-- Up-to-date: /home/mbell/bzzz_ws/install/bzzz_msgs/include/bzzz_msgs/bzzz_msgs
-- Up-to-date: /home/mbell/bzzz_ws/install/bzzz_msgs/include/bzzz_msgs/bzzz_msgs/msg
-- Up-to-date: /home/mbell/bzzz_ws/install/bzzz_msgs/include/bzzz_msgs/bzzz_msgs/msg/rosidl_typesupport_fastrtps_cpp__visibility_control.h
-- Up-to-date: /home/mbell/bzzz_ws/install/bzzz_msgs/include/bzzz_msgs/bzzz_msgs/msg/detail
-- Installing: /home/mbell/bzzz_ws/install/bzzz_msgs/include/bzzz_msgs/bzzz_msgs/msg/detail/sensor_suite__rosidl_typesupport_fastrtps_cpp.hpp
-- Installing: /home/mbell/bzzz_ws/install/bzzz_msgs/include/bzzz_msgs/bzzz_msgs/msg/detail/motor_commands__rosidl_typesupport_fastrtps_cpp.hpp
-- Up-to-date: /home/mbell/bzzz_ws/install/bzzz_msgs/include/bzzz_msgs/bzzz_msgs/msg/detail/dds_fastrtps
-- Installing: /home/mbell/bzzz_ws/install/bzzz_msgs/lib/libbzzz_msgs__rosidl_typesupport_fastrtps_cpp.so
-- Set non-toolchain portion of runtime path of "/home/mbell/bzzz_ws/install/bzzz_msgs/lib/libbzzz_msgs__rosidl_typesupport_fastrtps_cpp.so" to ""
-- Up-to-date: /home/mbell/bzzz_ws/install/bzzz_msgs/include/bzzz_msgs/bzzz_msgs
-- Up-to-date: /home/mbell/bzzz_ws/install/bzzz_msgs/include/bzzz_msgs/bzzz_msgs/msg
-- Up-to-date: /home/mbell/bzzz_ws/install/bzzz_msgs/include/bzzz_msgs/bzzz_msgs/msg/detail
-- Installing: /home/mbell/bzzz_ws/install/bzzz_msgs/include/bzzz_msgs/bzzz_msgs/msg/detail/sensor_suite__rosidl_typesupport_introspection_cpp.hpp
-- Installing: /home/mbell/bzzz_ws/install/bzzz_msgs/include/bzzz_msgs/bzzz_msgs/msg/detail/motor_commands__type_support.cpp
-- Installing: /home/mbell/bzzz_ws/install/bzzz_msgs/include/bzzz_msgs/bzzz_msgs/msg/detail/motor_commands__rosidl_typesupport_introspection_cpp.hpp
-- Installing: /home/mbell/bzzz_ws/install/bzzz_msgs/include/bzzz_msgs/bzzz_msgs/msg/detail/sensor_suite__type_support.cpp
-- Installing: /home/mbell/bzzz_ws/install/bzzz_msgs/lib/libbzzz_msgs__rosidl_typesupport_introspection_cpp.so
-- Set non-toolchain portion of runtime path of "/home/mbell/bzzz_ws/install/bzzz_msgs/lib/libbzzz_msgs__rosidl_typesupport_introspection_cpp.so" to ""
-- Installing: /home/mbell/bzzz_ws/install/bzzz_msgs/lib/libbzzz_msgs__rosidl_typesupport_cpp.so
-- Set non-toolchain portion of runtime path of "/home/mbell/bzzz_ws/install/bzzz_msgs/lib/libbzzz_msgs__rosidl_typesupport_cpp.so" to ""
-- Up-to-date: /home/mbell/bzzz_ws/install/bzzz_msgs/share/bzzz_msgs/environment/pythonpath.sh
-- Up-to-date: /home/mbell/bzzz_ws/install/bzzz_msgs/share/bzzz_msgs/environment/pythonpath.dsv
-- Up-to-date: /home/mbell/bzzz_ws/install/bzzz_msgs/lib/python3.12/site-packages/bzzz_msgs-0.0.0-py3.12.egg-info
-- Installing: /home/mbell/bzzz_ws/install/bzzz_msgs/lib/python3.12/site-packages/bzzz_msgs-0.0.0-py3.12.egg-info/PKG-INFO
-- Installing: /home/mbell/bzzz_ws/install/bzzz_msgs/lib/python3.12/site-packages/bzzz_msgs-0.0.0-py3.12.egg-info/top_level.txt
-- Installing: /home/mbell/bzzz_ws/install/bzzz_msgs/lib/python3.12/site-packages/bzzz_msgs-0.0.0-py3.12.egg-info/dependency_links.txt
-- Installing: /home/mbell/bzzz_ws/install/bzzz_msgs/lib/python3.12/site-packages/bzzz_msgs-0.0.0-py3.12.egg-info/SOURCES.txt
-- Up-to-date: /home/mbell/bzzz_ws/install/bzzz_msgs/lib/python3.12/site-packages/bzzz_msgs
-- Installing: /home/mbell/bzzz_ws/install/bzzz_msgs/lib/python3.12/site-packages/bzzz_msgs/bzzz_msgs_s__rosidl_typesupport_introspection_c.so
-- Installing: /home/mbell/bzzz_ws/install/bzzz_msgs/lib/python3.12/site-packages/bzzz_msgs/bzzz_msgs_s__rosidl_typesupport_fastrtps_c.so
-- Installing: /home/mbell/bzzz_ws/install/bzzz_msgs/lib/python3.12/site-packages/bzzz_msgs/_bzzz_msgs_s.ep.rosidl_typesupport_c.c
-- Installing: /home/mbell/bzzz_ws/install/bzzz_msgs/lib/python3.12/site-packages/bzzz_msgs/bzzz_msgs_s__rosidl_typesupport_c.so
-- Up-to-date: /home/mbell/bzzz_ws/install/bzzz_msgs/lib/python3.12/site-packages/bzzz_msgs/msg
-- Installing: /home/mbell/bzzz_ws/install/bzzz_msgs/lib/python3.12/site-packages/bzzz_msgs/msg/_sensor_suite_s.c
-- Installing: /home/mbell/bzzz_ws/install/bzzz_msgs/lib/python3.12/site-packages/bzzz_msgs/msg/__init__.py
-- Installing: /home/mbell/bzzz_ws/install/bzzz_msgs/lib/python3.12/site-packages/bzzz_msgs/msg/_motor_commands.py
-- Installing: /home/mbell/bzzz_ws/install/bzzz_msgs/lib/python3.12/site-packages/bzzz_msgs/msg/_motor_commands_s.c
-- Installing: /home/mbell/bzzz_ws/install/bzzz_msgs/lib/python3.12/site-packages/bzzz_msgs/msg/_sensor_suite.py
-- Installing: /home/mbell/bzzz_ws/install/bzzz_msgs/lib/python3.12/site-packages/bzzz_msgs/__init__.py
-- Installing: /home/mbell/bzzz_ws/install/bzzz_msgs/lib/python3.12/site-packages/bzzz_msgs/_bzzz_msgs_s.ep.rosidl_typesupport_introspection_c.c
-- Installing: /home/mbell/bzzz_ws/install/bzzz_msgs/lib/python3.12/site-packages/bzzz_msgs/_bzzz_msgs_s.ep.rosidl_typesupport_fastrtps_c.c
Listing '/home/mbell/bzzz_ws/install/bzzz_msgs/lib/python3.12/site-packages/bzzz_msgs'...
Compiling '/home/mbell/bzzz_ws/install/bzzz_msgs/lib/python3.12/site-packages/bzzz_msgs/__init__.py'...
Listing '/home/mbell/bzzz_ws/install/bzzz_msgs/lib/python3.12/site-packages/bzzz_msgs/msg'...
Compiling '/home/mbell/bzzz_ws/install/bzzz_msgs/lib/python3.12/site-packages/bzzz_msgs/msg/__init__.py'...
Compiling '/home/mbell/bzzz_ws/install/bzzz_msgs/lib/python3.12/site-packages/bzzz_msgs/msg/_motor_commands.py'...
Compiling '/home/mbell/bzzz_ws/install/bzzz_msgs/lib/python3.12/site-packages/bzzz_msgs/msg/_sensor_suite.py'...
-- Installing: /home/mbell/bzzz_ws/install/bzzz_msgs/lib/python3.12/site-packages/bzzz_msgs/bzzz_msgs_s__rosidl_typesupport_fastrtps_c.so
-- Set non-toolchain portion of runtime path of "/home/mbell/bzzz_ws/install/bzzz_msgs/lib/python3.12/site-packages/bzzz_msgs/bzzz_msgs_s__rosidl_typesupport_fastrtps_c.so" to ""
-- Installing: /home/mbell/bzzz_ws/install/bzzz_msgs/lib/python3.12/site-packages/bzzz_msgs/bzzz_msgs_s__rosidl_typesupport_introspection_c.so
-- Set non-toolchain portion of runtime path of "/home/mbell/bzzz_ws/install/bzzz_msgs/lib/python3.12/site-packages/bzzz_msgs/bzzz_msgs_s__rosidl_typesupport_introspection_c.so" to ""
-- Installing: /home/mbell/bzzz_ws/install/bzzz_msgs/lib/python3.12/site-packages/bzzz_msgs/bzzz_msgs_s__rosidl_typesupport_c.so
-- Set non-toolchain portion of runtime path of "/home/mbell/bzzz_ws/install/bzzz_msgs/lib/python3.12/site-packages/bzzz_msgs/bzzz_msgs_s__rosidl_typesupport_c.so" to ""
-- Installing: /home/mbell/bzzz_ws/install/bzzz_msgs/lib/libbzzz_msgs__rosidl_generator_py.so
-- Set non-toolchain portion of runtime path of "/home/mbell/bzzz_ws/install/bzzz_msgs/lib/libbzzz_msgs__rosidl_generator_py.so" to ""
-- Up-to-date: /home/mbell/bzzz_ws/install/bzzz_msgs/share/ament_index/resource_index/rust_packages/bzzz_msgs
-- Up-to-date: /home/mbell/bzzz_ws/install/bzzz_msgs/share/bzzz_msgs/rust
-- Up-to-date: /home/mbell/bzzz_ws/install/bzzz_msgs/share/bzzz_msgs/rust/src
-- Installing: /home/mbell/bzzz_ws/install/bzzz_msgs/share/bzzz_msgs/rust/src/lib.rs
-- Installing: /home/mbell/bzzz_ws/install/bzzz_msgs/share/bzzz_msgs/rust/src/msg.rs
-- Up-to-date: /home/mbell/bzzz_ws/install/bzzz_msgs/share/bzzz_msgs/rust/src/msg
-- Installing: /home/mbell/bzzz_ws/install/bzzz_msgs/share/bzzz_msgs/rust/src/msg/rmw.rs
-- Installing: /home/mbell/bzzz_ws/install/bzzz_msgs/share/bzzz_msgs/rust/Cargo.toml
-- Installing: /home/mbell/bzzz_ws/install/bzzz_msgs/share/bzzz_msgs/rust/build.rs
-- Up-to-date: /home/mbell/bzzz_ws/install/bzzz_msgs/share/bzzz_msgs/msg/MotorCommands.idl
-- Installing: /home/mbell/bzzz_ws/install/bzzz_msgs/share/bzzz_msgs/msg/SensorSuite.idl
-- Up-to-date: /home/mbell/bzzz_ws/install/bzzz_msgs/share/bzzz_msgs/msg/MotorCommands.msg
-- Installing: /home/mbell/bzzz_ws/install/bzzz_msgs/share/bzzz_msgs/msg/SensorSuite.msg
-- Up-to-date: /home/mbell/bzzz_ws/install/bzzz_msgs/share/ament_index/resource_index/package_run_dependencies/bzzz_msgs
-- Installing: /home/mbell/bzzz_ws/install/bzzz_msgs/share/ament_index/resource_index/parent_prefix_path/bzzz_msgs
-- Up-to-date: /home/mbell/bzzz_ws/install/bzzz_msgs/share/bzzz_msgs/environment/ament_prefix_path.sh
-- Up-to-date: /home/mbell/bzzz_ws/install/bzzz_msgs/share/bzzz_msgs/environment/ament_prefix_path.dsv
-- Up-to-date: /home/mbell/bzzz_ws/install/bzzz_msgs/share/bzzz_msgs/environment/path.sh
-- Up-to-date: /home/mbell/bzzz_ws/install/bzzz_msgs/share/bzzz_msgs/environment/path.dsv
-- Up-to-date: /home/mbell/bzzz_ws/install/bzzz_msgs/share/bzzz_msgs/local_setup.bash
-- Up-to-date: /home/mbell/bzzz_ws/install/bzzz_msgs/share/bzzz_msgs/local_setup.sh
-- Up-to-date: /home/mbell/bzzz_ws/install/bzzz_msgs/share/bzzz_msgs/local_setup.zsh
-- Up-to-date: /home/mbell/bzzz_ws/install/bzzz_msgs/share/bzzz_msgs/local_setup.dsv
-- Installing: /home/mbell/bzzz_ws/install/bzzz_msgs/share/bzzz_msgs/package.dsv
-- Up-to-date: /home/mbell/bzzz_ws/install/bzzz_msgs/share/ament_index/resource_index/packages/bzzz_msgs
-- Up-to-date: /home/mbell/bzzz_ws/install/bzzz_msgs/share/bzzz_msgs/cmake/export_bzzz_msgs__rosidl_generator_cExport.cmake
-- Up-to-date: /home/mbell/bzzz_ws/install/bzzz_msgs/share/bzzz_msgs/cmake/export_bzzz_msgs__rosidl_generator_cExport-noconfig.cmake
-- Up-to-date: /home/mbell/bzzz_ws/install/bzzz_msgs/share/bzzz_msgs/cmake/export_bzzz_msgs__rosidl_typesupport_fastrtps_cExport.cmake
-- Up-to-date: /home/mbell/bzzz_ws/install/bzzz_msgs/share/bzzz_msgs/cmake/export_bzzz_msgs__rosidl_typesupport_fastrtps_cExport-noconfig.cmake
-- Up-to-date: /home/mbell/bzzz_ws/install/bzzz_msgs/share/bzzz_msgs/cmake/bzzz_msgs__rosidl_typesupport_introspection_cExport.cmake
-- Up-to-date: /home/mbell/bzzz_ws/install/bzzz_msgs/share/bzzz_msgs/cmake/bzzz_msgs__rosidl_typesupport_introspection_cExport-noconfig.cmake
-- Up-to-date: /home/mbell/bzzz_ws/install/bzzz_msgs/share/bzzz_msgs/cmake/bzzz_msgs__rosidl_typesupport_cExport.cmake
-- Up-to-date: /home/mbell/bzzz_ws/install/bzzz_msgs/share/bzzz_msgs/cmake/bzzz_msgs__rosidl_typesupport_cExport-noconfig.cmake
-- Up-to-date: /home/mbell/bzzz_ws/install/bzzz_msgs/share/bzzz_msgs/cmake/export_bzzz_msgs__rosidl_generator_cppExport.cmake
-- Up-to-date: /home/mbell/bzzz_ws/install/bzzz_msgs/share/bzzz_msgs/cmake/export_bzzz_msgs__rosidl_typesupport_fastrtps_cppExport.cmake
-- Up-to-date: /home/mbell/bzzz_ws/install/bzzz_msgs/share/bzzz_msgs/cmake/export_bzzz_msgs__rosidl_typesupport_fastrtps_cppExport-noconfig.cmake
-- Up-to-date: /home/mbell/bzzz_ws/install/bzzz_msgs/share/bzzz_msgs/cmake/bzzz_msgs__rosidl_typesupport_introspection_cppExport.cmake
-- Up-to-date: /home/mbell/bzzz_ws/install/bzzz_msgs/share/bzzz_msgs/cmake/bzzz_msgs__rosidl_typesupport_introspection_cppExport-noconfig.cmake
-- Up-to-date: /home/mbell/bzzz_ws/install/bzzz_msgs/share/bzzz_msgs/cmake/bzzz_msgs__rosidl_typesupport_cppExport.cmake
-- Up-to-date: /home/mbell/bzzz_ws/install/bzzz_msgs/share/bzzz_msgs/cmake/bzzz_msgs__rosidl_typesupport_cppExport-noconfig.cmake
-- Up-to-date: /home/mbell/bzzz_ws/install/bzzz_msgs/share/bzzz_msgs/cmake/export_bzzz_msgs__rosidl_generator_pyExport.cmake
-- Up-to-date: /home/mbell/bzzz_ws/install/bzzz_msgs/share/bzzz_msgs/cmake/export_bzzz_msgs__rosidl_generator_pyExport-noconfig.cmake
-- Up-to-date: /home/mbell/bzzz_ws/install/bzzz_msgs/share/bzzz_msgs/cmake/rosidl_cmake-extras.cmake
-- Up-to-date: /home/mbell/bzzz_ws/install/bzzz_msgs/share/bzzz_msgs/cmake/ament_cmake_export_include_directories-extras.cmake
-- Up-to-date: /home/mbell/bzzz_ws/install/bzzz_msgs/share/bzzz_msgs/cmake/ament_cmake_export_libraries-extras.cmake
-- Up-to-date: /home/mbell/bzzz_ws/install/bzzz_msgs/share/bzzz_msgs/cmake/ament_cmake_export_targets-extras.cmake
-- Up-to-date: /home/mbell/bzzz_ws/install/bzzz_msgs/share/bzzz_msgs/cmake/rosidl_cmake_export_typesupport_targets-extras.cmake
-- Up-to-date: /home/mbell/bzzz_ws/install/bzzz_msgs/share/bzzz_msgs/cmake/ament_cmake_export_dependencies-extras.cmake
-- Up-to-date: /home/mbell/bzzz_ws/install/bzzz_msgs/share/bzzz_msgs/cmake/rosidl_cmake_export_typesupport_libraries-extras.cmake
-- Up-to-date: /home/mbell/bzzz_ws/install/bzzz_msgs/share/bzzz_msgs/cmake/bzzz_msgsConfig.cmake
-- Up-to-date: /home/mbell/bzzz_ws/install/bzzz_msgs/share/bzzz_msgs/cmake/bzzz_msgsConfig-version.cmake
-- Up-to-date: /home/mbell/bzzz_ws/install/bzzz_msgs/share/bzzz_msgs/package.xml
