[0.012s] Invoking command in '/home/mbell/bzzz_ws/build/bzzz_msgs': CMAKE_PREFIX_PATH=${CMAKE_PREFIX_PATH}:/opt/ros/jazzy /usr/bin/cmake --build /home/mbell/bzzz_ws/build/bzzz_msgs -- -j16 -l16
[0.146s] -- Found ament_cmake: 2.5.6 (/opt/ros/jazzy/share/ament_cmake/cmake)
[0.252s] -- Found rosidl_default_generators: 1.6.0 (/opt/ros/jazzy/share/rosidl_default_generators/cmake)
[0.256s] -- Using all available rosidl_typesupport_c: rosidl_typesupport_fastrtps_c;rosidl_typesupport_introspection_c
[0.378s] -- Using all available rosidl_typesupport_cpp: rosidl_typesupport_fastrtps_cpp;rosidl_typesupport_introspection_cpp
[0.417s] -- Found rosidl_adapter: 4.6.7 (/opt/ros/jazzy/share/rosidl_adapter/cmake)
[0.596s] -- Found ament_cmake_ros: 0.12.0 (/opt/ros/jazzy/share/ament_cmake_ros/cmake)
[0.663s] -- Using all available rosidl_typesupport_c: rosidl_typesupport_fastrtps_c;rosidl_typesupport_introspection_c
[0.743s] -- Using all available rosidl_typesupport_cpp: rosidl_typesupport_fastrtps_cpp;rosidl_typesupport_introspection_cpp
[0.745s] -- Found python_cmake_module: 0.11.1 (/opt/ros/jazzy/share/python_cmake_module/cmake)
[0.922s] -- Found Python3: /usr/bin/python3 (found version "3.12.3") found components: Interpreter Development NumPy Development.Module Development.Embed 
[0.948s] -- Found Python3: /usr/bin/python3 (found version "3.12.3") found components: Interpreter 
[0.950s] -- Found ament_lint_auto: 0.17.5 (/opt/ros/jazzy/share/ament_lint_auto/cmake)
[0.972s] -- Added test 'lint_cmake' to check CMake code style
[0.974s] -- Added test 'xmllint' to check XML markup files
[0.978s] -- Configuring done (0.8s)
[1.049s] -- Generating done (0.1s)
[1.061s] -- Build files have been written to: /home/mbell/bzzz_ws/build/bzzz_msgs
[1.090s] [  2%] [34m[1mGenerating type hashes for ROS interfaces[0m
[1.090s] [  4%] [34m[1mGenerating Rust code for ROS interfaces[0m
[1.100s] [  4%] Built target ament_cmake_python_copy_bzzz_msgs
[1.233s] running egg_info
[1.244s] writing bzzz_msgs.egg-info/PKG-INFO
[1.244s] writing dependency_links to bzzz_msgs.egg-info/dependency_links.txt
[1.245s] writing top-level names to bzzz_msgs.egg-info/top_level.txt
[1.251s] [  4%] Built target bzzz_msgs__rosidl_generator_type_description
[1.258s] [  6%] [34m[1mGenerating C code for ROS interfaces[0m
[1.262s] [  6%] Built target bzzz_msgs__rs
[1.264s] [  8%] [34m[1mGenerating C++ code for ROS interfaces[0m
[1.276s] reading manifest file 'bzzz_msgs.egg-info/SOURCES.txt'
[1.277s] writing manifest file 'bzzz_msgs.egg-info/SOURCES.txt'
[1.295s] [  8%] Built target ament_cmake_python_build_bzzz_msgs_egg
[1.448s] [  8%] Built target bzzz_msgs__cpp
[1.475s] [ 15%] [32mBuilding C object CMakeFiles/bzzz_msgs__rosidl_generator_c.dir/rosidl_generator_c/bzzz_msgs/msg/detail/motor_commands__description.c.o[0m
[1.475s] [ 15%] [32mBuilding C object CMakeFiles/bzzz_msgs__rosidl_generator_c.dir/rosidl_generator_c/bzzz_msgs/msg/detail/motor_commands__type_support.c.o[0m
[1.475s] [ 15%] [32mBuilding C object CMakeFiles/bzzz_msgs__rosidl_generator_c.dir/rosidl_generator_c/bzzz_msgs/msg/detail/motor_commands__functions.c.o[0m
[1.475s] [ 17%] [32mBuilding C object CMakeFiles/bzzz_msgs__rosidl_generator_c.dir/rosidl_generator_c/bzzz_msgs/msg/detail/sensor_suite__description.c.o[0m
[1.475s] [ 20%] [32mBuilding C object CMakeFiles/bzzz_msgs__rosidl_generator_c.dir/rosidl_generator_c/bzzz_msgs/msg/detail/sensor_suite__type_support.c.o[0m
[1.476s] [ 22%] [32mBuilding C object CMakeFiles/bzzz_msgs__rosidl_generator_c.dir/rosidl_generator_c/bzzz_msgs/msg/detail/sensor_suite__functions.c.o[0m
[1.630s] [ 24%] [32m[1mLinking C shared library libbzzz_msgs__rosidl_generator_c.so[0m
[1.713s] [ 24%] Built target bzzz_msgs__rosidl_generator_c
[1.719s] [ 31%] [34m[1mGenerating C type support dispatch for ROS interfaces[0m
[1.720s] [ 31%] [34m[1mGenerating C introspection for ROS interfaces[0m
[1.720s] [ 31%] [34m[1mGenerating C type support for eProsima Fast-RTPS[0m
[1.720s] [ 33%] [34m[1mGenerating C++ type support for eProsima Fast-RTPS[0m
[1.720s] [ 35%] [34m[1mGenerating C++ type support dispatch for ROS interfaces[0m
[1.720s] [ 37%] [34m[1mGenerating C++ introspection for ROS interfaces[0m
[1.899s] [ 40%] [32mBuilding CXX object CMakeFiles/bzzz_msgs__rosidl_typesupport_c.dir/rosidl_typesupport_c/bzzz_msgs/msg/motor_commands__type_support.cpp.o[0m
[1.899s] [ 44%] [32mBuilding CXX object CMakeFiles/bzzz_msgs__rosidl_typesupport_c.dir/rosidl_typesupport_c/bzzz_msgs/msg/sensor_suite__type_support.cpp.o[0m
[1.899s] [ 44%] [32mBuilding CXX object CMakeFiles/bzzz_msgs__rosidl_typesupport_cpp.dir/rosidl_typesupport_cpp/bzzz_msgs/msg/motor_commands__type_support.cpp.o[0m
[1.901s] [ 46%] [32mBuilding CXX object CMakeFiles/bzzz_msgs__rosidl_typesupport_cpp.dir/rosidl_typesupport_cpp/bzzz_msgs/msg/sensor_suite__type_support.cpp.o[0m
[1.909s] [ 48%] [32mBuilding CXX object CMakeFiles/bzzz_msgs__rosidl_typesupport_introspection_cpp.dir/rosidl_typesupport_introspection_cpp/bzzz_msgs/msg/detail/sensor_suite__type_support.cpp.o[0m
[1.909s] [ 51%] [32mBuilding CXX object CMakeFiles/bzzz_msgs__rosidl_typesupport_introspection_cpp.dir/rosidl_typesupport_introspection_cpp/bzzz_msgs/msg/detail/motor_commands__type_support.cpp.o[0m
[1.913s] [ 53%] [32mBuilding C object CMakeFiles/bzzz_msgs__rosidl_typesupport_introspection_c.dir/rosidl_typesupport_introspection_c/bzzz_msgs/msg/detail/sensor_suite__type_support.c.o[0m
[1.914s] [ 55%] [32mBuilding C object CMakeFiles/bzzz_msgs__rosidl_typesupport_introspection_c.dir/rosidl_typesupport_introspection_c/bzzz_msgs/msg/detail/motor_commands__type_support.c.o[0m
[1.928s] [ 57%] [32mBuilding CXX object CMakeFiles/bzzz_msgs__rosidl_typesupport_fastrtps_cpp.dir/rosidl_typesupport_fastrtps_cpp/bzzz_msgs/msg/detail/dds_fastrtps/motor_commands__type_support.cpp.o[0m
[1.928s] [ 60%] [32mBuilding CXX object CMakeFiles/bzzz_msgs__rosidl_typesupport_fastrtps_cpp.dir/rosidl_typesupport_fastrtps_cpp/bzzz_msgs/msg/detail/dds_fastrtps/sensor_suite__type_support.cpp.o[0m
[1.936s] [ 62%] [32mBuilding CXX object CMakeFiles/bzzz_msgs__rosidl_typesupport_fastrtps_c.dir/rosidl_typesupport_fastrtps_c/bzzz_msgs/msg/detail/motor_commands__type_support_c.cpp.o[0m
[1.936s] [ 64%] [32mBuilding CXX object CMakeFiles/bzzz_msgs__rosidl_typesupport_fastrtps_c.dir/rosidl_typesupport_fastrtps_c/bzzz_msgs/msg/detail/sensor_suite__type_support_c.cpp.o[0m
[1.940s] [ 66%] [32m[1mLinking C shared library libbzzz_msgs__rosidl_typesupport_introspection_c.so[0m
[2.028s] [ 66%] Built target bzzz_msgs__rosidl_typesupport_introspection_c
[2.048s] [ 68%] [32m[1mLinking CXX shared library libbzzz_msgs__rosidl_typesupport_c.so[0m
[2.168s] [ 68%] Built target bzzz_msgs__rosidl_typesupport_c
[2.238s] [ 71%] [32m[1mLinking CXX shared library libbzzz_msgs__rosidl_typesupport_introspection_cpp.so[0m
[2.245s] [ 73%] [32m[1mLinking CXX shared library libbzzz_msgs__rosidl_typesupport_cpp.so[0m
[2.309s] [ 73%] Built target bzzz_msgs__rosidl_typesupport_cpp
[2.309s] [ 73%] Built target bzzz_msgs__rosidl_typesupport_introspection_cpp
[2.330s] [ 75%] [32m[1mLinking CXX shared library libbzzz_msgs__rosidl_typesupport_fastrtps_c.so[0m
[2.331s] [ 77%] [32m[1mLinking CXX shared library libbzzz_msgs__rosidl_typesupport_fastrtps_cpp.so[0m
[2.392s] [ 77%] Built target bzzz_msgs__rosidl_typesupport_fastrtps_cpp
[2.392s] [ 77%] Built target bzzz_msgs__rosidl_typesupport_fastrtps_c
[2.405s] [ 77%] Built target bzzz_msgs
[2.418s] [ 80%] [34m[1mGenerating Python code for ROS interfaces[0m
[2.644s] [ 80%] Built target bzzz_msgs__py
[2.661s] [ 82%] [32mBuilding C object CMakeFiles/bzzz_msgs__rosidl_generator_py.dir/rosidl_generator_py/bzzz_msgs/msg/_motor_commands_s.c.o[0m
[2.661s] [ 84%] [32mBuilding C object CMakeFiles/bzzz_msgs__rosidl_generator_py.dir/rosidl_generator_py/bzzz_msgs/msg/_sensor_suite_s.c.o[0m
[2.776s] [ 86%] [32m[1mLinking C shared library libbzzz_msgs__rosidl_generator_py.so[0m
[2.844s] [ 86%] Built target bzzz_msgs__rosidl_generator_py
[2.860s] [ 93%] [32mBuilding C object CMakeFiles/bzzz_msgs_s__rosidl_typesupport_c.dir/rosidl_generator_py/bzzz_msgs/_bzzz_msgs_s.ep.rosidl_typesupport_c.c.o[0m
[2.860s] [ 93%] [32mBuilding C object CMakeFiles/bzzz_msgs_s__rosidl_typesupport_fastrtps_c.dir/rosidl_generator_py/bzzz_msgs/_bzzz_msgs_s.ep.rosidl_typesupport_fastrtps_c.c.o[0m
[2.860s] [ 93%] [32mBuilding C object CMakeFiles/bzzz_msgs_s__rosidl_typesupport_introspection_c.dir/rosidl_generator_py/bzzz_msgs/_bzzz_msgs_s.ep.rosidl_typesupport_introspection_c.c.o[0m
[2.921s] [100%] [32m[1mLinking C shared module rosidl_generator_py/bzzz_msgs/bzzz_msgs_s__rosidl_typesupport_fastrtps_c.so[0m
[2.921s] [100%] [32m[1mLinking C shared module rosidl_generator_py/bzzz_msgs/bzzz_msgs_s__rosidl_typesupport_c.so[0m
[2.921s] [100%] [32m[1mLinking C shared module rosidl_generator_py/bzzz_msgs/bzzz_msgs_s__rosidl_typesupport_introspection_c.so[0m
[2.970s] [100%] Built target bzzz_msgs_s__rosidl_typesupport_introspection_c
[2.970s] [100%] Built target bzzz_msgs_s__rosidl_typesupport_fastrtps_c
[2.970s] [100%] Built target bzzz_msgs_s__rosidl_typesupport_c
[2.977s] Invoked command in '/home/mbell/bzzz_ws/build/bzzz_msgs' returned '0': CMAKE_PREFIX_PATH=${CMAKE_PREFIX_PATH}:/opt/ros/jazzy /usr/bin/cmake --build /home/mbell/bzzz_ws/build/bzzz_msgs -- -j16 -l16
[2.984s] Invoking command in '/home/mbell/bzzz_ws/build/bzzz_msgs': CMAKE_PREFIX_PATH=${CMAKE_PREFIX_PATH}:/opt/ros/jazzy /usr/bin/cmake --install /home/mbell/bzzz_ws/build/bzzz_msgs
[2.989s] -- Install configuration: ""
[2.989s] -- Up-to-date: /home/mbell/bzzz_ws/install/bzzz_msgs/share/ament_index/resource_index/rosidl_interfaces/bzzz_msgs
[2.989s] -- Installing: /home/mbell/bzzz_ws/install/bzzz_msgs/share/bzzz_msgs/msg/MotorCommands.json
[2.990s] -- Installing: /home/mbell/bzzz_ws/install/bzzz_msgs/share/bzzz_msgs/msg/SensorSuite.json
[2.990s] -- Up-to-date: /home/mbell/bzzz_ws/install/bzzz_msgs/include/bzzz_msgs/bzzz_msgs
[2.990s] -- Up-to-date: /home/mbell/bzzz_ws/install/bzzz_msgs/include/bzzz_msgs/bzzz_msgs/msg
[2.990s] -- Installing: /home/mbell/bzzz_ws/install/bzzz_msgs/include/bzzz_msgs/bzzz_msgs/msg/sensor_suite.h
[2.990s] -- Up-to-date: /home/mbell/bzzz_ws/install/bzzz_msgs/include/bzzz_msgs/bzzz_msgs/msg/detail
[2.991s] -- Installing: /home/mbell/bzzz_ws/install/bzzz_msgs/include/bzzz_msgs/bzzz_msgs/msg/detail/motor_commands__struct.h
[2.991s] -- Installing: /home/mbell/bzzz_ws/install/bzzz_msgs/include/bzzz_msgs/bzzz_msgs/msg/detail/sensor_suite__type_support.h
[2.991s] -- Installing: /home/mbell/bzzz_ws/install/bzzz_msgs/include/bzzz_msgs/bzzz_msgs/msg/detail/sensor_suite__functions.h
[2.991s] -- Installing: /home/mbell/bzzz_ws/install/bzzz_msgs/include/bzzz_msgs/bzzz_msgs/msg/detail/motor_commands__type_support.h
[2.991s] -- Installing: /home/mbell/bzzz_ws/install/bzzz_msgs/include/bzzz_msgs/bzzz_msgs/msg/detail/motor_commands__functions.c
[2.991s] -- Installing: /home/mbell/bzzz_ws/install/bzzz_msgs/include/bzzz_msgs/bzzz_msgs/msg/detail/sensor_suite__struct.h
[2.991s] -- Installing: /home/mbell/bzzz_ws/install/bzzz_msgs/include/bzzz_msgs/bzzz_msgs/msg/detail/sensor_suite__type_support.c
[2.991s] -- Installing: /home/mbell/bzzz_ws/install/bzzz_msgs/include/bzzz_msgs/bzzz_msgs/msg/detail/sensor_suite__functions.c
[2.991s] -- Installing: /home/mbell/bzzz_ws/install/bzzz_msgs/include/bzzz_msgs/bzzz_msgs/msg/detail/motor_commands__description.c
[2.992s] -- Installing: /home/mbell/bzzz_ws/install/bzzz_msgs/include/bzzz_msgs/bzzz_msgs/msg/detail/motor_commands__functions.h
[2.992s] -- Installing: /home/mbell/bzzz_ws/install/bzzz_msgs/include/bzzz_msgs/bzzz_msgs/msg/detail/sensor_suite__description.c
[2.992s] -- Installing: /home/mbell/bzzz_ws/install/bzzz_msgs/include/bzzz_msgs/bzzz_msgs/msg/detail/motor_commands__type_support.c
[2.992s] -- Up-to-date: /home/mbell/bzzz_ws/install/bzzz_msgs/include/bzzz_msgs/bzzz_msgs/msg/rosidl_generator_c__visibility_control.h
[2.992s] -- Installing: /home/mbell/bzzz_ws/install/bzzz_msgs/include/bzzz_msgs/bzzz_msgs/msg/motor_commands.h
[2.992s] -- Up-to-date: /home/mbell/bzzz_ws/install/bzzz_msgs/share/bzzz_msgs/environment/library_path.sh
[2.992s] -- Up-to-date: /home/mbell/bzzz_ws/install/bzzz_msgs/share/bzzz_msgs/environment/library_path.dsv
[2.993s] -- Installing: /home/mbell/bzzz_ws/install/bzzz_msgs/lib/libbzzz_msgs__rosidl_generator_c.so
[2.993s] -- Set non-toolchain portion of runtime path of "/home/mbell/bzzz_ws/install/bzzz_msgs/lib/libbzzz_msgs__rosidl_generator_c.so" to ""
[2.993s] -- Up-to-date: /home/mbell/bzzz_ws/install/bzzz_msgs/include/bzzz_msgs/bzzz_msgs
[2.993s] -- Up-to-date: /home/mbell/bzzz_ws/install/bzzz_msgs/include/bzzz_msgs/bzzz_msgs/msg
[2.993s] -- Up-to-date: /home/mbell/bzzz_ws/install/bzzz_msgs/include/bzzz_msgs/bzzz_msgs/msg/detail
[2.993s] -- Installing: /home/mbell/bzzz_ws/install/bzzz_msgs/include/bzzz_msgs/bzzz_msgs/msg/detail/sensor_suite__rosidl_typesupport_fastrtps_c.h
[2.993s] -- Installing: /home/mbell/bzzz_ws/install/bzzz_msgs/include/bzzz_msgs/bzzz_msgs/msg/detail/motor_commands__rosidl_typesupport_fastrtps_c.h
[2.993s] -- Up-to-date: /home/mbell/bzzz_ws/install/bzzz_msgs/include/bzzz_msgs/bzzz_msgs/msg/rosidl_typesupport_fastrtps_c__visibility_control.h
[2.994s] -- Installing: /home/mbell/bzzz_ws/install/bzzz_msgs/lib/libbzzz_msgs__rosidl_typesupport_fastrtps_c.so
[2.995s] -- Set non-toolchain portion of runtime path of "/home/mbell/bzzz_ws/install/bzzz_msgs/lib/libbzzz_msgs__rosidl_typesupport_fastrtps_c.so" to ""
[2.995s] -- Up-to-date: /home/mbell/bzzz_ws/install/bzzz_msgs/include/bzzz_msgs/bzzz_msgs
[2.995s] -- Up-to-date: /home/mbell/bzzz_ws/install/bzzz_msgs/include/bzzz_msgs/bzzz_msgs/msg
[2.995s] -- Up-to-date: /home/mbell/bzzz_ws/install/bzzz_msgs/include/bzzz_msgs/bzzz_msgs/msg/rosidl_typesupport_introspection_c__visibility_control.h
[2.995s] -- Up-to-date: /home/mbell/bzzz_ws/install/bzzz_msgs/include/bzzz_msgs/bzzz_msgs/msg/detail
[2.995s] -- Installing: /home/mbell/bzzz_ws/install/bzzz_msgs/include/bzzz_msgs/bzzz_msgs/msg/detail/sensor_suite__rosidl_typesupport_introspection_c.h
[2.995s] -- Installing: /home/mbell/bzzz_ws/install/bzzz_msgs/include/bzzz_msgs/bzzz_msgs/msg/detail/sensor_suite__type_support.c
[2.995s] -- Installing: /home/mbell/bzzz_ws/install/bzzz_msgs/include/bzzz_msgs/bzzz_msgs/msg/detail/motor_commands__rosidl_typesupport_introspection_c.h
[2.995s] -- Installing: /home/mbell/bzzz_ws/install/bzzz_msgs/include/bzzz_msgs/bzzz_msgs/msg/detail/motor_commands__type_support.c
[2.996s] -- Installing: /home/mbell/bzzz_ws/install/bzzz_msgs/lib/libbzzz_msgs__rosidl_typesupport_introspection_c.so
[2.996s] -- Set non-toolchain portion of runtime path of "/home/mbell/bzzz_ws/install/bzzz_msgs/lib/libbzzz_msgs__rosidl_typesupport_introspection_c.so" to ""
[2.997s] -- Installing: /home/mbell/bzzz_ws/install/bzzz_msgs/lib/libbzzz_msgs__rosidl_typesupport_c.so
[2.997s] -- Set non-toolchain portion of runtime path of "/home/mbell/bzzz_ws/install/bzzz_msgs/lib/libbzzz_msgs__rosidl_typesupport_c.so" to ""
[2.997s] -- Up-to-date: /home/mbell/bzzz_ws/install/bzzz_msgs/include/bzzz_msgs/bzzz_msgs
[2.997s] -- Up-to-date: /home/mbell/bzzz_ws/install/bzzz_msgs/include/bzzz_msgs/bzzz_msgs/msg
[2.997s] -- Installing: /home/mbell/bzzz_ws/install/bzzz_msgs/include/bzzz_msgs/bzzz_msgs/msg/motor_commands.hpp
[2.997s] -- Up-to-date: /home/mbell/bzzz_ws/install/bzzz_msgs/include/bzzz_msgs/bzzz_msgs/msg/detail
[2.997s] -- Installing: /home/mbell/bzzz_ws/install/bzzz_msgs/include/bzzz_msgs/bzzz_msgs/msg/detail/sensor_suite__type_support.hpp
[2.997s] -- Installing: /home/mbell/bzzz_ws/install/bzzz_msgs/include/bzzz_msgs/bzzz_msgs/msg/detail/motor_commands__struct.hpp
[2.997s] -- Installing: /home/mbell/bzzz_ws/install/bzzz_msgs/include/bzzz_msgs/bzzz_msgs/msg/detail/sensor_suite__traits.hpp
[2.998s] -- Installing: /home/mbell/bzzz_ws/install/bzzz_msgs/include/bzzz_msgs/bzzz_msgs/msg/detail/motor_commands__type_support.hpp
[2.998s] -- Installing: /home/mbell/bzzz_ws/install/bzzz_msgs/include/bzzz_msgs/bzzz_msgs/msg/detail/motor_commands__builder.hpp
[2.998s] -- Installing: /home/mbell/bzzz_ws/install/bzzz_msgs/include/bzzz_msgs/bzzz_msgs/msg/detail/sensor_suite__struct.hpp
[2.998s] -- Installing: /home/mbell/bzzz_ws/install/bzzz_msgs/include/bzzz_msgs/bzzz_msgs/msg/detail/motor_commands__traits.hpp
[2.998s] -- Installing: /home/mbell/bzzz_ws/install/bzzz_msgs/include/bzzz_msgs/bzzz_msgs/msg/detail/sensor_suite__builder.hpp
[2.998s] -- Installing: /home/mbell/bzzz_ws/install/bzzz_msgs/include/bzzz_msgs/bzzz_msgs/msg/sensor_suite.hpp
[2.998s] -- Installing: /home/mbell/bzzz_ws/install/bzzz_msgs/include/bzzz_msgs/bzzz_msgs/msg/rosidl_generator_cpp__visibility_control.hpp
[2.998s] -- Up-to-date: /home/mbell/bzzz_ws/install/bzzz_msgs/include/bzzz_msgs/bzzz_msgs
[2.998s] -- Up-to-date: /home/mbell/bzzz_ws/install/bzzz_msgs/include/bzzz_msgs/bzzz_msgs/msg
[2.998s] -- Up-to-date: /home/mbell/bzzz_ws/install/bzzz_msgs/include/bzzz_msgs/bzzz_msgs/msg/rosidl_typesupport_fastrtps_cpp__visibility_control.h
[2.998s] -- Up-to-date: /home/mbell/bzzz_ws/install/bzzz_msgs/include/bzzz_msgs/bzzz_msgs/msg/detail
[2.999s] -- Installing: /home/mbell/bzzz_ws/install/bzzz_msgs/include/bzzz_msgs/bzzz_msgs/msg/detail/sensor_suite__rosidl_typesupport_fastrtps_cpp.hpp
[2.999s] -- Installing: /home/mbell/bzzz_ws/install/bzzz_msgs/include/bzzz_msgs/bzzz_msgs/msg/detail/motor_commands__rosidl_typesupport_fastrtps_cpp.hpp
[2.999s] -- Up-to-date: /home/mbell/bzzz_ws/install/bzzz_msgs/include/bzzz_msgs/bzzz_msgs/msg/detail/dds_fastrtps
[3.000s] -- Installing: /home/mbell/bzzz_ws/install/bzzz_msgs/lib/libbzzz_msgs__rosidl_typesupport_fastrtps_cpp.so
[3.000s] -- Set non-toolchain portion of runtime path of "/home/mbell/bzzz_ws/install/bzzz_msgs/lib/libbzzz_msgs__rosidl_typesupport_fastrtps_cpp.so" to ""
[3.000s] -- Up-to-date: /home/mbell/bzzz_ws/install/bzzz_msgs/include/bzzz_msgs/bzzz_msgs
[3.000s] -- Up-to-date: /home/mbell/bzzz_ws/install/bzzz_msgs/include/bzzz_msgs/bzzz_msgs/msg
[3.000s] -- Up-to-date: /home/mbell/bzzz_ws/install/bzzz_msgs/include/bzzz_msgs/bzzz_msgs/msg/detail
[3.000s] -- Installing: /home/mbell/bzzz_ws/install/bzzz_msgs/include/bzzz_msgs/bzzz_msgs/msg/detail/sensor_suite__rosidl_typesupport_introspection_cpp.hpp
[3.000s] -- Installing: /home/mbell/bzzz_ws/install/bzzz_msgs/include/bzzz_msgs/bzzz_msgs/msg/detail/motor_commands__type_support.cpp
[3.000s] -- Installing: /home/mbell/bzzz_ws/install/bzzz_msgs/include/bzzz_msgs/bzzz_msgs/msg/detail/motor_commands__rosidl_typesupport_introspection_cpp.hpp
[3.001s] -- Installing: /home/mbell/bzzz_ws/install/bzzz_msgs/include/bzzz_msgs/bzzz_msgs/msg/detail/sensor_suite__type_support.cpp
[3.001s] -- Installing: /home/mbell/bzzz_ws/install/bzzz_msgs/lib/libbzzz_msgs__rosidl_typesupport_introspection_cpp.so
[3.001s] -- Set non-toolchain portion of runtime path of "/home/mbell/bzzz_ws/install/bzzz_msgs/lib/libbzzz_msgs__rosidl_typesupport_introspection_cpp.so" to ""
[3.002s] -- Installing: /home/mbell/bzzz_ws/install/bzzz_msgs/lib/libbzzz_msgs__rosidl_typesupport_cpp.so
[3.002s] -- Set non-toolchain portion of runtime path of "/home/mbell/bzzz_ws/install/bzzz_msgs/lib/libbzzz_msgs__rosidl_typesupport_cpp.so" to ""
[3.002s] -- Up-to-date: /home/mbell/bzzz_ws/install/bzzz_msgs/share/bzzz_msgs/environment/pythonpath.sh
[3.002s] -- Up-to-date: /home/mbell/bzzz_ws/install/bzzz_msgs/share/bzzz_msgs/environment/pythonpath.dsv
[3.003s] -- Up-to-date: /home/mbell/bzzz_ws/install/bzzz_msgs/lib/python3.12/site-packages/bzzz_msgs-0.0.0-py3.12.egg-info
[3.003s] -- Installing: /home/mbell/bzzz_ws/install/bzzz_msgs/lib/python3.12/site-packages/bzzz_msgs-0.0.0-py3.12.egg-info/PKG-INFO
[3.003s] -- Installing: /home/mbell/bzzz_ws/install/bzzz_msgs/lib/python3.12/site-packages/bzzz_msgs-0.0.0-py3.12.egg-info/top_level.txt
[3.003s] -- Installing: /home/mbell/bzzz_ws/install/bzzz_msgs/lib/python3.12/site-packages/bzzz_msgs-0.0.0-py3.12.egg-info/dependency_links.txt
[3.003s] -- Installing: /home/mbell/bzzz_ws/install/bzzz_msgs/lib/python3.12/site-packages/bzzz_msgs-0.0.0-py3.12.egg-info/SOURCES.txt
[3.003s] -- Up-to-date: /home/mbell/bzzz_ws/install/bzzz_msgs/lib/python3.12/site-packages/bzzz_msgs
[3.003s] -- Installing: /home/mbell/bzzz_ws/install/bzzz_msgs/lib/python3.12/site-packages/bzzz_msgs/bzzz_msgs_s__rosidl_typesupport_introspection_c.so
[3.003s] -- Installing: /home/mbell/bzzz_ws/install/bzzz_msgs/lib/python3.12/site-packages/bzzz_msgs/bzzz_msgs_s__rosidl_typesupport_fastrtps_c.so
[3.003s] -- Installing: /home/mbell/bzzz_ws/install/bzzz_msgs/lib/python3.12/site-packages/bzzz_msgs/_bzzz_msgs_s.ep.rosidl_typesupport_c.c
[3.003s] -- Installing: /home/mbell/bzzz_ws/install/bzzz_msgs/lib/python3.12/site-packages/bzzz_msgs/bzzz_msgs_s__rosidl_typesupport_c.so
[3.003s] -- Up-to-date: /home/mbell/bzzz_ws/install/bzzz_msgs/lib/python3.12/site-packages/bzzz_msgs/msg
[3.003s] -- Installing: /home/mbell/bzzz_ws/install/bzzz_msgs/lib/python3.12/site-packages/bzzz_msgs/msg/_sensor_suite_s.c
[3.003s] -- Installing: /home/mbell/bzzz_ws/install/bzzz_msgs/lib/python3.12/site-packages/bzzz_msgs/msg/__init__.py
[3.004s] -- Installing: /home/mbell/bzzz_ws/install/bzzz_msgs/lib/python3.12/site-packages/bzzz_msgs/msg/_motor_commands.py
[3.004s] -- Installing: /home/mbell/bzzz_ws/install/bzzz_msgs/lib/python3.12/site-packages/bzzz_msgs/msg/_motor_commands_s.c
[3.004s] -- Installing: /home/mbell/bzzz_ws/install/bzzz_msgs/lib/python3.12/site-packages/bzzz_msgs/msg/_sensor_suite.py
[3.004s] -- Installing: /home/mbell/bzzz_ws/install/bzzz_msgs/lib/python3.12/site-packages/bzzz_msgs/__init__.py
[3.004s] -- Installing: /home/mbell/bzzz_ws/install/bzzz_msgs/lib/python3.12/site-packages/bzzz_msgs/_bzzz_msgs_s.ep.rosidl_typesupport_introspection_c.c
[3.004s] -- Installing: /home/mbell/bzzz_ws/install/bzzz_msgs/lib/python3.12/site-packages/bzzz_msgs/_bzzz_msgs_s.ep.rosidl_typesupport_fastrtps_c.c
[3.035s] Listing '/home/mbell/bzzz_ws/install/bzzz_msgs/lib/python3.12/site-packages/bzzz_msgs'...
[3.036s] Compiling '/home/mbell/bzzz_ws/install/bzzz_msgs/lib/python3.12/site-packages/bzzz_msgs/__init__.py'...
[3.036s] Listing '/home/mbell/bzzz_ws/install/bzzz_msgs/lib/python3.12/site-packages/bzzz_msgs/msg'...
[3.036s] Compiling '/home/mbell/bzzz_ws/install/bzzz_msgs/lib/python3.12/site-packages/bzzz_msgs/msg/__init__.py'...
[3.036s] Compiling '/home/mbell/bzzz_ws/install/bzzz_msgs/lib/python3.12/site-packages/bzzz_msgs/msg/_motor_commands.py'...
[3.036s] Compiling '/home/mbell/bzzz_ws/install/bzzz_msgs/lib/python3.12/site-packages/bzzz_msgs/msg/_sensor_suite.py'...
[3.040s] -- Installing: /home/mbell/bzzz_ws/install/bzzz_msgs/lib/python3.12/site-packages/bzzz_msgs/bzzz_msgs_s__rosidl_typesupport_fastrtps_c.so
[3.040s] -- Set non-toolchain portion of runtime path of "/home/mbell/bzzz_ws/install/bzzz_msgs/lib/python3.12/site-packages/bzzz_msgs/bzzz_msgs_s__rosidl_typesupport_fastrtps_c.so" to ""
[3.040s] -- Installing: /home/mbell/bzzz_ws/install/bzzz_msgs/lib/python3.12/site-packages/bzzz_msgs/bzzz_msgs_s__rosidl_typesupport_introspection_c.so
[3.040s] -- Set non-toolchain portion of runtime path of "/home/mbell/bzzz_ws/install/bzzz_msgs/lib/python3.12/site-packages/bzzz_msgs/bzzz_msgs_s__rosidl_typesupport_introspection_c.so" to ""
[3.040s] -- Installing: /home/mbell/bzzz_ws/install/bzzz_msgs/lib/python3.12/site-packages/bzzz_msgs/bzzz_msgs_s__rosidl_typesupport_c.so
[3.040s] -- Set non-toolchain portion of runtime path of "/home/mbell/bzzz_ws/install/bzzz_msgs/lib/python3.12/site-packages/bzzz_msgs/bzzz_msgs_s__rosidl_typesupport_c.so" to ""
[3.041s] -- Installing: /home/mbell/bzzz_ws/install/bzzz_msgs/lib/libbzzz_msgs__rosidl_generator_py.so
[3.042s] -- Set non-toolchain portion of runtime path of "/home/mbell/bzzz_ws/install/bzzz_msgs/lib/libbzzz_msgs__rosidl_generator_py.so" to ""
[3.042s] -- Up-to-date: /home/mbell/bzzz_ws/install/bzzz_msgs/share/ament_index/resource_index/rust_packages/bzzz_msgs
[3.042s] -- Up-to-date: /home/mbell/bzzz_ws/install/bzzz_msgs/share/bzzz_msgs/rust
[3.042s] -- Up-to-date: /home/mbell/bzzz_ws/install/bzzz_msgs/share/bzzz_msgs/rust/src
[3.042s] -- Installing: /home/mbell/bzzz_ws/install/bzzz_msgs/share/bzzz_msgs/rust/src/lib.rs
[3.042s] -- Installing: /home/mbell/bzzz_ws/install/bzzz_msgs/share/bzzz_msgs/rust/src/msg.rs
[3.042s] -- Up-to-date: /home/mbell/bzzz_ws/install/bzzz_msgs/share/bzzz_msgs/rust/src/msg
[3.043s] -- Installing: /home/mbell/bzzz_ws/install/bzzz_msgs/share/bzzz_msgs/rust/src/msg/rmw.rs
[3.043s] -- Installing: /home/mbell/bzzz_ws/install/bzzz_msgs/share/bzzz_msgs/rust/Cargo.toml
[3.043s] -- Installing: /home/mbell/bzzz_ws/install/bzzz_msgs/share/bzzz_msgs/rust/build.rs
[3.043s] -- Up-to-date: /home/mbell/bzzz_ws/install/bzzz_msgs/share/bzzz_msgs/msg/MotorCommands.idl
[3.043s] -- Installing: /home/mbell/bzzz_ws/install/bzzz_msgs/share/bzzz_msgs/msg/SensorSuite.idl
[3.044s] -- Up-to-date: /home/mbell/bzzz_ws/install/bzzz_msgs/share/bzzz_msgs/msg/MotorCommands.msg
[3.044s] -- Installing: /home/mbell/bzzz_ws/install/bzzz_msgs/share/bzzz_msgs/msg/SensorSuite.msg
[3.044s] -- Up-to-date: /home/mbell/bzzz_ws/install/bzzz_msgs/share/ament_index/resource_index/package_run_dependencies/bzzz_msgs
[3.044s] -- Installing: /home/mbell/bzzz_ws/install/bzzz_msgs/share/ament_index/resource_index/parent_prefix_path/bzzz_msgs
[3.044s] -- Up-to-date: /home/mbell/bzzz_ws/install/bzzz_msgs/share/bzzz_msgs/environment/ament_prefix_path.sh
[3.044s] -- Up-to-date: /home/mbell/bzzz_ws/install/bzzz_msgs/share/bzzz_msgs/environment/ament_prefix_path.dsv
[3.044s] -- Up-to-date: /home/mbell/bzzz_ws/install/bzzz_msgs/share/bzzz_msgs/environment/path.sh
[3.044s] -- Up-to-date: /home/mbell/bzzz_ws/install/bzzz_msgs/share/bzzz_msgs/environment/path.dsv
[3.044s] -- Up-to-date: /home/mbell/bzzz_ws/install/bzzz_msgs/share/bzzz_msgs/local_setup.bash
[3.044s] -- Up-to-date: /home/mbell/bzzz_ws/install/bzzz_msgs/share/bzzz_msgs/local_setup.sh
[3.044s] -- Up-to-date: /home/mbell/bzzz_ws/install/bzzz_msgs/share/bzzz_msgs/local_setup.zsh
[3.044s] -- Up-to-date: /home/mbell/bzzz_ws/install/bzzz_msgs/share/bzzz_msgs/local_setup.dsv
[3.044s] -- Installing: /home/mbell/bzzz_ws/install/bzzz_msgs/share/bzzz_msgs/package.dsv
[3.045s] -- Up-to-date: /home/mbell/bzzz_ws/install/bzzz_msgs/share/ament_index/resource_index/packages/bzzz_msgs
[3.045s] -- Up-to-date: /home/mbell/bzzz_ws/install/bzzz_msgs/share/bzzz_msgs/cmake/export_bzzz_msgs__rosidl_generator_cExport.cmake
[3.045s] -- Up-to-date: /home/mbell/bzzz_ws/install/bzzz_msgs/share/bzzz_msgs/cmake/export_bzzz_msgs__rosidl_generator_cExport-noconfig.cmake
[3.045s] -- Up-to-date: /home/mbell/bzzz_ws/install/bzzz_msgs/share/bzzz_msgs/cmake/export_bzzz_msgs__rosidl_typesupport_fastrtps_cExport.cmake
[3.045s] -- Up-to-date: /home/mbell/bzzz_ws/install/bzzz_msgs/share/bzzz_msgs/cmake/export_bzzz_msgs__rosidl_typesupport_fastrtps_cExport-noconfig.cmake
[3.046s] -- Up-to-date: /home/mbell/bzzz_ws/install/bzzz_msgs/share/bzzz_msgs/cmake/bzzz_msgs__rosidl_typesupport_introspection_cExport.cmake
[3.046s] -- Up-to-date: /home/mbell/bzzz_ws/install/bzzz_msgs/share/bzzz_msgs/cmake/bzzz_msgs__rosidl_typesupport_introspection_cExport-noconfig.cmake
[3.046s] -- Up-to-date: /home/mbell/bzzz_ws/install/bzzz_msgs/share/bzzz_msgs/cmake/bzzz_msgs__rosidl_typesupport_cExport.cmake
[3.046s] -- Up-to-date: /home/mbell/bzzz_ws/install/bzzz_msgs/share/bzzz_msgs/cmake/bzzz_msgs__rosidl_typesupport_cExport-noconfig.cmake
[3.046s] -- Up-to-date: /home/mbell/bzzz_ws/install/bzzz_msgs/share/bzzz_msgs/cmake/export_bzzz_msgs__rosidl_generator_cppExport.cmake
[3.047s] -- Up-to-date: /home/mbell/bzzz_ws/install/bzzz_msgs/share/bzzz_msgs/cmake/export_bzzz_msgs__rosidl_typesupport_fastrtps_cppExport.cmake
[3.047s] -- Up-to-date: /home/mbell/bzzz_ws/install/bzzz_msgs/share/bzzz_msgs/cmake/export_bzzz_msgs__rosidl_typesupport_fastrtps_cppExport-noconfig.cmake
[3.047s] -- Up-to-date: /home/mbell/bzzz_ws/install/bzzz_msgs/share/bzzz_msgs/cmake/bzzz_msgs__rosidl_typesupport_introspection_cppExport.cmake
[3.047s] -- Up-to-date: /home/mbell/bzzz_ws/install/bzzz_msgs/share/bzzz_msgs/cmake/bzzz_msgs__rosidl_typesupport_introspection_cppExport-noconfig.cmake
[3.047s] -- Up-to-date: /home/mbell/bzzz_ws/install/bzzz_msgs/share/bzzz_msgs/cmake/bzzz_msgs__rosidl_typesupport_cppExport.cmake
[3.047s] -- Up-to-date: /home/mbell/bzzz_ws/install/bzzz_msgs/share/bzzz_msgs/cmake/bzzz_msgs__rosidl_typesupport_cppExport-noconfig.cmake
[3.048s] -- Up-to-date: /home/mbell/bzzz_ws/install/bzzz_msgs/share/bzzz_msgs/cmake/export_bzzz_msgs__rosidl_generator_pyExport.cmake
[3.048s] -- Up-to-date: /home/mbell/bzzz_ws/install/bzzz_msgs/share/bzzz_msgs/cmake/export_bzzz_msgs__rosidl_generator_pyExport-noconfig.cmake
[3.048s] -- Up-to-date: /home/mbell/bzzz_ws/install/bzzz_msgs/share/bzzz_msgs/cmake/rosidl_cmake-extras.cmake
[3.048s] -- Up-to-date: /home/mbell/bzzz_ws/install/bzzz_msgs/share/bzzz_msgs/cmake/ament_cmake_export_include_directories-extras.cmake
[3.048s] -- Up-to-date: /home/mbell/bzzz_ws/install/bzzz_msgs/share/bzzz_msgs/cmake/ament_cmake_export_libraries-extras.cmake
[3.048s] -- Up-to-date: /home/mbell/bzzz_ws/install/bzzz_msgs/share/bzzz_msgs/cmake/ament_cmake_export_targets-extras.cmake
[3.048s] -- Up-to-date: /home/mbell/bzzz_ws/install/bzzz_msgs/share/bzzz_msgs/cmake/rosidl_cmake_export_typesupport_targets-extras.cmake
[3.048s] -- Up-to-date: /home/mbell/bzzz_ws/install/bzzz_msgs/share/bzzz_msgs/cmake/ament_cmake_export_dependencies-extras.cmake
[3.048s] -- Up-to-date: /home/mbell/bzzz_ws/install/bzzz_msgs/share/bzzz_msgs/cmake/rosidl_cmake_export_typesupport_libraries-extras.cmake
[3.048s] -- Up-to-date: /home/mbell/bzzz_ws/install/bzzz_msgs/share/bzzz_msgs/cmake/bzzz_msgsConfig.cmake
[3.048s] -- Up-to-date: /home/mbell/bzzz_ws/install/bzzz_msgs/share/bzzz_msgs/cmake/bzzz_msgsConfig-version.cmake
[3.048s] -- Up-to-date: /home/mbell/bzzz_ws/install/bzzz_msgs/share/bzzz_msgs/package.xml
[3.050s] Invoked command in '/home/mbell/bzzz_ws/build/bzzz_msgs' returned '0': CMAKE_PREFIX_PATH=${CMAKE_PREFIX_PATH}:/opt/ros/jazzy /usr/bin/cmake --install /home/mbell/bzzz_ws/build/bzzz_msgs
