[0.082s] Invoking command in '/home/mbell/bzzz_ws/build/bzzz_core': CMAKE_PREFIX_PATH=${CMAKE_PREFIX_PATH}:/opt/ros/jazzy /usr/bin/cmake /home/mbell/bzzz_ws/src/bzzz_core -DCMAKE_INSTALL_PREFIX=/home/mbell/bzzz_ws/install/bzzz_core
[0.419s] -- The C compiler identification is GNU 13.3.0
[0.853s] -- The CXX compiler identification is GNU 13.3.0
[1.143s] -- Detecting C compiler ABI info
[1.309s] -- Detecting C compiler ABI info - done
[1.314s] -- Check for working C compiler: /usr/bin/cc - skipped
[1.315s] -- Detecting C compile features
[1.316s] -- Detecting C compile features - done
[1.364s] -- Detecting CXX compiler ABI info
[1.510s] -- Detecting CXX compiler ABI info - done
[1.516s] -- Check for working CXX compiler: /usr/bin/c++ - skipped
[1.516s] -- Detecting CXX compile features
[1.517s] -- Detecting CXX compile features - done
[1.531s] -- Found ament_cmake: 2.5.6 (/opt/ros/jazzy/share/ament_cmake/cmake)
[1.632s] -- Found Python3: /usr/bin/python3 (found version "3.12.3") found components: Interpreter 
[1.728s] -- Found rclcpp: 28.1.18 (/opt/ros/jazzy/share/rclcpp/cmake)
[1.851s] -- Found rosidl_generator_c: 4.6.7 (/opt/ros/jazzy/share/rosidl_generator_c/cmake)
[1.864s] -- Found rosidl_generator_cpp: 4.6.7 (/opt/ros/jazzy/share/rosidl_generator_cpp/cmake)
[1.883s] -- Using all available rosidl_typesupport_c: rosidl_typesupport_fastrtps_c;rosidl_typesupport_introspection_c
[1.903s] -- Using all available rosidl_typesupport_cpp: rosidl_typesupport_fastrtps_cpp;rosidl_typesupport_introspection_cpp
[1.991s] -- Found rmw_implementation_cmake: 7.3.3 (/opt/ros/jazzy/share/rmw_implementation_cmake/cmake)
[1.994s] -- Found rmw_fastrtps_cpp: 8.4.3 (/opt/ros/jazzy/share/rmw_fastrtps_cpp/cmake)
[2.074s] -- Found OpenSSL: /usr/lib/x86_64-linux-gnu/libcrypto.so (found version "3.0.13")  
[2.171s] -- Found FastRTPS: /opt/ros/jazzy/include (Required is at least version "2.13") 
[2.226s] -- Using RMW implementation 'rmw_fastrtps_cpp' as default
[2.366s] -- Found bzzz_msgs: 0.0.0 (/home/mbell/bzzz_ws/install/bzzz_msgs/share/bzzz_msgs/cmake)
[2.379s] -- Found ament_lint_auto: 0.17.5 (/opt/ros/jazzy/share/ament_lint_auto/cmake)
[2.460s] -- Added test 'cppcheck' to perform static code analysis on C / C++ code
[2.460s] -- Configured cppcheck include dirs: 
[2.460s] -- Configured cppcheck exclude dirs and/or files: 
[2.461s] -- Added test 'lint_cmake' to check CMake code style
[2.463s] -- Added test 'uncrustify' to check C / C++ code style
[2.463s] -- Configured uncrustify additional arguments: 
[2.463s] -- Added test 'xmllint' to check XML markup files
[2.465s] -- Configuring done (2.3s)
[2.474s] -- Generating done (0.0s)
[2.477s] -- Build files have been written to: /home/mbell/bzzz_ws/build/bzzz_core
[2.484s] Invoked command in '/home/mbell/bzzz_ws/build/bzzz_core' returned '0': CMAKE_PREFIX_PATH=${CMAKE_PREFIX_PATH}:/opt/ros/jazzy /usr/bin/cmake /home/mbell/bzzz_ws/src/bzzz_core -DCMAKE_INSTALL_PREFIX=/home/mbell/bzzz_ws/install/bzzz_core
[2.485s] Invoking command in '/home/mbell/bzzz_ws/build/bzzz_core': CMAKE_PREFIX_PATH=${CMAKE_PREFIX_PATH}:/opt/ros/jazzy /usr/bin/cmake --build /home/mbell/bzzz_ws/build/bzzz_core -- -j16 -l16
[2.517s] [ 50%] [32mBuilding CXX object CMakeFiles/esp32_bridge.dir/src/esp32_bridge_node.cpp.o[0m
[4.096s] In file included from [01m[K/opt/ros/jazzy/include/rclcpp/rclcpp/logging.hpp:24[m[K,
[4.096s]                  from [01m[K/opt/ros/jazzy/include/rclcpp/rclcpp/copy_all_parameter_values.hpp:27[m[K,
[4.096s]                  from [01m[K/opt/ros/jazzy/include/rclcpp/rclcpp/rclcpp.hpp:171[m[K,
[4.096s]                  from [01m[K/home/mbell/bzzz_ws/src/bzzz_core/src/esp32_bridge_node.cpp:1[m[K:
[4.096s] [01m[K/home/mbell/bzzz_ws/src/bzzz_core/src/esp32_bridge_node.cpp:[m[K In member function ‘[01m[Kvoid Esp32BridgeNode::[01;32m[Kmotor_callback[m[K(bzzz_msgs::msg::MotorCommands_<std::allocator<void> >::SharedPtr) const[m[K’:
[4.096s] [01m[K/home/mbell/bzzz_ws/src/bzzz_core/src/esp32_bridge_node.cpp:28:93:[m[K [01;31m[Kerror: [m[K‘[01m[Kusing std::__shared_ptr_access<bzzz_msgs::msg::MotorCommands_<std::allocator<void> >, __gnu_cxx::_S_atomic, false, false>::element_type = struct bzzz_msgs::msg::MotorCommands_<std::allocator<void> >[m[K’ {aka ‘[01m[Kstruct bzzz_msgs::msg::MotorCommands_<std::allocator<void> >[m[K’} has no member named ‘[01m[Kthrust[m[K’
[4.096s]    28 |     RCLCPP_INFO(this->get_logger(), "Sending to ESP32 -> Thrust: '%.2f', Yaw: '%.2f'", msg->[01;31m[Kthrust[m[K, msg->yaw_rate);
[4.096s]       |                                                                                             [01;31m[K^~~~~~[m[K
[4.096s] [01m[K/home/mbell/bzzz_ws/src/bzzz_core/src/esp32_bridge_node.cpp:28:106:[m[K [01;31m[Kerror: [m[K‘[01m[Kusing std::__shared_ptr_access<bzzz_msgs::msg::MotorCommands_<std::allocator<void> >, __gnu_cxx::_S_atomic, false, false>::element_type = struct bzzz_msgs::msg::MotorCommands_<std::allocator<void> >[m[K’ {aka ‘[01m[Kstruct bzzz_msgs::msg::MotorCommands_<std::allocator<void> >[m[K’} has no member named ‘[01m[Kyaw_rate[m[K’
[4.096s]    28 |     RCLCPP_INFO(this->get_logger(), "Sending to ESP32 -> Thrust: '%.2f', Yaw: '%.2f'", msg->thrust, msg->[01;31m[Kyaw_rate[m[K);
[4.096s]       |                                                                                                          [01;31m[K^~~~~~~~[m[K
[5.581s] gmake[2]: *** [CMakeFiles/esp32_bridge.dir/build.make:76: CMakeFiles/esp32_bridge.dir/src/esp32_bridge_node.cpp.o] Error 1
[5.581s] gmake[1]: *** [CMakeFiles/Makefile2:137: CMakeFiles/esp32_bridge.dir/all] Error 2
[5.581s] gmake: *** [Makefile:146: all] Error 2
[5.583s] Invoked command in '/home/mbell/bzzz_ws/build/bzzz_core' returned '2': CMAKE_PREFIX_PATH=${CMAKE_PREFIX_PATH}:/opt/ros/jazzy /usr/bin/cmake --build /home/mbell/bzzz_ws/build/bzzz_core -- -j16 -l16
