[0.013s] Invoking command in '/home/mbell/bzzz_ws/build/bzzz_msgs': CMAKE_PREFIX_PATH=${CMAKE_PREFIX_PATH}:/opt/ros/jazzy /usr/bin/cmake --build /home/mbell/bzzz_ws/build/bzzz_msgs -- -j16 -l16
[0.149s] -- Found ament_cmake: 2.5.6 (/opt/ros/jazzy/share/ament_cmake/cmake)
[0.260s] -- Found rosidl_default_generators: 1.6.0 (/opt/ros/jazzy/share/rosidl_default_generators/cmake)
[0.265s] -- Using all available rosidl_typesupport_c: rosidl_typesupport_fastrtps_c;rosidl_typesupport_introspection_c
[0.390s] -- Using all available rosidl_typesupport_cpp: rosidl_typesupport_fastrtps_cpp;rosidl_typesupport_introspection_cpp
[0.431s] -- Found rosidl_adapter: 4.6.7 (/opt/ros/jazzy/share/rosidl_adapter/cmake)
[0.611s] -- Found ament_cmake_ros: 0.12.0 (/opt/ros/jazzy/share/ament_cmake_ros/cmake)
[0.680s] -- Using all available rosidl_typesupport_c: rosidl_typesupport_fastrtps_c;rosidl_typesupport_introspection_c
[0.762s] -- Using all available rosidl_typesupport_cpp: rosidl_typesupport_fastrtps_cpp;rosidl_typesupport_introspection_cpp
[0.764s] -- Found python_cmake_module: 0.11.1 (/opt/ros/jazzy/share/python_cmake_module/cmake)
[1.050s] -- Found Python3: /usr/bin/python3 (found version "3.12.3") found components: Interpreter Development NumPy Development.Module Development.Embed 
[1.077s] -- Found Python3: /usr/bin/python3 (found version "3.12.3") found components: Interpreter 
[1.078s] -- Found ament_lint_auto: 0.17.5 (/opt/ros/jazzy/share/ament_lint_auto/cmake)
[1.102s] -- Added test 'lint_cmake' to check CMake code style
[1.104s] -- Added test 'xmllint' to check XML markup files
[1.108s] -- Configuring done (1.0s)
[1.175s] -- Generating done (0.1s)
[1.184s] -- Build files have been written to: /home/mbell/bzzz_ws/build/bzzz_msgs
[1.216s] [  4%] [34m[1mGenerating type hashes for ROS interfaces[0m
[1.216s] [  4%] [34m[1mGenerating Rust code for ROS interfaces[0m
[1.227s] [  4%] Built target ament_cmake_python_copy_bzzz_msgs
[1.367s] running egg_info
[1.379s] writing bzzz_msgs.egg-info/PKG-INFO
[1.379s] writing dependency_links to bzzz_msgs.egg-info/dependency_links.txt
[1.379s] writing top-level names to bzzz_msgs.egg-info/top_level.txt
[1.384s] [  4%] Built target bzzz_msgs__rosidl_generator_type_description
[1.391s] [  6%] [34m[1mGenerating C code for ROS interfaces[0m
[1.399s] [  8%] [34m[1mGenerating C++ code for ROS interfaces[0m
[1.400s] [  8%] Built target bzzz_msgs__rs
[1.413s] reading manifest file 'bzzz_msgs.egg-info/SOURCES.txt'
[1.414s] writing manifest file 'bzzz_msgs.egg-info/SOURCES.txt'
[1.432s] [  8%] Built target ament_cmake_python_build_bzzz_msgs_egg
[1.590s] [  8%] Built target bzzz_msgs__cpp
[1.631s] [ 15%] [32mBuilding C object CMakeFiles/bzzz_msgs__rosidl_generator_c.dir/rosidl_generator_c/bzzz_msgs/msg/detail/motor_commands__description.c.o[0m
[1.631s] [ 15%] [32mBuilding C object CMakeFiles/bzzz_msgs__rosidl_generator_c.dir/rosidl_generator_c/bzzz_msgs/msg/detail/motor_commands__functions.c.o[0m
[1.631s] [ 15%] [32mBuilding C object CMakeFiles/bzzz_msgs__rosidl_generator_c.dir/rosidl_generator_c/bzzz_msgs/msg/detail/motor_commands__type_support.c.o[0m
[1.631s] [ 17%] [32mBuilding C object CMakeFiles/bzzz_msgs__rosidl_generator_c.dir/rosidl_generator_c/bzzz_msgs/msg/detail/sensor_suite__description.c.o[0m
[1.631s] [ 20%] [32mBuilding C object CMakeFiles/bzzz_msgs__rosidl_generator_c.dir/rosidl_generator_c/bzzz_msgs/msg/detail/sensor_suite__functions.c.o[0m
[1.631s] [ 22%] [32mBuilding C object CMakeFiles/bzzz_msgs__rosidl_generator_c.dir/rosidl_generator_c/bzzz_msgs/msg/detail/sensor_suite__type_support.c.o[0m
[1.802s] [ 24%] [32m[1mLinking C shared library libbzzz_msgs__rosidl_generator_c.so[0m
[1.887s] [ 24%] Built target bzzz_msgs__rosidl_generator_c
[1.894s] [ 26%] [34m[1mGenerating C++ type support dispatch for ROS interfaces[0m
[1.894s] [ 28%] [34m[1mGenerating C introspection for ROS interfaces[0m
[1.894s] [ 33%] [34m[1mGenerating C type support for eProsima Fast-RTPS[0m
[1.895s] [ 33%] [34m[1mGenerating C++ introspection for ROS interfaces[0m
[1.895s] [ 37%] [34m[1mGenerating C++ type support for eProsima Fast-RTPS[0m
[1.895s] [ 37%] [34m[1mGenerating C type support dispatch for ROS interfaces[0m
[2.083s] [ 40%] [32mBuilding CXX object CMakeFiles/bzzz_msgs__rosidl_typesupport_cpp.dir/rosidl_typesupport_cpp/bzzz_msgs/msg/motor_commands__type_support.cpp.o[0m
[2.083s] [ 42%] [32mBuilding CXX object CMakeFiles/bzzz_msgs__rosidl_typesupport_c.dir/rosidl_typesupport_c/bzzz_msgs/msg/motor_commands__type_support.cpp.o[0m
[2.083s] [ 44%] [32mBuilding CXX object CMakeFiles/bzzz_msgs__rosidl_typesupport_cpp.dir/rosidl_typesupport_cpp/bzzz_msgs/msg/sensor_suite__type_support.cpp.o[0m
[2.084s] [ 46%] [32mBuilding CXX object CMakeFiles/bzzz_msgs__rosidl_typesupport_c.dir/rosidl_typesupport_c/bzzz_msgs/msg/sensor_suite__type_support.cpp.o[0m
[2.095s] [ 48%] [32mBuilding C object CMakeFiles/bzzz_msgs__rosidl_typesupport_introspection_c.dir/rosidl_typesupport_introspection_c/bzzz_msgs/msg/detail/motor_commands__type_support.c.o[0m
[2.097s] [ 51%] [32mBuilding C object CMakeFiles/bzzz_msgs__rosidl_typesupport_introspection_c.dir/rosidl_typesupport_introspection_c/bzzz_msgs/msg/detail/sensor_suite__type_support.c.o[0m
[2.098s] [ 53%] [32mBuilding CXX object CMakeFiles/bzzz_msgs__rosidl_typesupport_introspection_cpp.dir/rosidl_typesupport_introspection_cpp/bzzz_msgs/msg/detail/motor_commands__type_support.cpp.o[0m
[2.098s] [ 55%] [32mBuilding CXX object CMakeFiles/bzzz_msgs__rosidl_typesupport_introspection_cpp.dir/rosidl_typesupport_introspection_cpp/bzzz_msgs/msg/detail/sensor_suite__type_support.cpp.o[0m
[2.125s] [ 57%] [32m[1mLinking C shared library libbzzz_msgs__rosidl_typesupport_introspection_c.so[0m
[2.136s] [ 60%] [32mBuilding CXX object CMakeFiles/bzzz_msgs__rosidl_typesupport_fastrtps_cpp.dir/rosidl_typesupport_fastrtps_cpp/bzzz_msgs/msg/detail/dds_fastrtps/motor_commands__type_support.cpp.o[0m
[2.136s] [ 62%] [32mBuilding CXX object CMakeFiles/bzzz_msgs__rosidl_typesupport_fastrtps_cpp.dir/rosidl_typesupport_fastrtps_cpp/bzzz_msgs/msg/detail/dds_fastrtps/sensor_suite__type_support.cpp.o[0m
[2.149s] [ 64%] [32mBuilding CXX object CMakeFiles/bzzz_msgs__rosidl_typesupport_fastrtps_c.dir/rosidl_typesupport_fastrtps_c/bzzz_msgs/msg/detail/motor_commands__type_support_c.cpp.o[0m
[2.149s] [ 66%] [32mBuilding CXX object CMakeFiles/bzzz_msgs__rosidl_typesupport_fastrtps_c.dir/rosidl_typesupport_fastrtps_c/bzzz_msgs/msg/detail/sensor_suite__type_support_c.cpp.o[0m
[2.217s] [ 66%] Built target bzzz_msgs__rosidl_typesupport_introspection_c
[2.238s] [ 68%] [32m[1mLinking CXX shared library libbzzz_msgs__rosidl_typesupport_c.so[0m
[2.351s] [ 68%] Built target bzzz_msgs__rosidl_typesupport_c
[2.428s] [ 71%] [32m[1mLinking CXX shared library libbzzz_msgs__rosidl_typesupport_cpp.so[0m
[2.467s] [ 73%] [32m[1mLinking CXX shared library libbzzz_msgs__rosidl_typesupport_introspection_cpp.so[0m
[2.516s] [ 73%] Built target bzzz_msgs__rosidl_typesupport_cpp
[2.545s] [ 73%] Built target bzzz_msgs__rosidl_typesupport_introspection_cpp
[2.567s] [ 75%] [32m[1mLinking CXX shared library libbzzz_msgs__rosidl_typesupport_fastrtps_c.so[0m
[2.568s] [ 77%] [32m[1mLinking CXX shared library libbzzz_msgs__rosidl_typesupport_fastrtps_cpp.so[0m
[2.631s] [ 77%] Built target bzzz_msgs__rosidl_typesupport_fastrtps_cpp
[2.632s] [ 77%] Built target bzzz_msgs__rosidl_typesupport_fastrtps_c
[2.645s] [ 77%] Built target bzzz_msgs
[2.658s] [ 80%] [34m[1mGenerating Python code for ROS interfaces[0m
[2.908s] [ 80%] Built target bzzz_msgs__py
[2.925s] [ 82%] [32mBuilding C object CMakeFiles/bzzz_msgs__rosidl_generator_py.dir/rosidl_generator_py/bzzz_msgs/msg/_motor_commands_s.c.o[0m
[2.925s] [ 84%] [32mBuilding C object CMakeFiles/bzzz_msgs__rosidl_generator_py.dir/rosidl_generator_py/bzzz_msgs/msg/_sensor_suite_s.c.o[0m
[3.044s] [ 86%] [32m[1mLinking C shared library libbzzz_msgs__rosidl_generator_py.so[0m
[3.118s] [ 86%] Built target bzzz_msgs__rosidl_generator_py
[3.134s] [ 93%] [32mBuilding C object CMakeFiles/bzzz_msgs_s__rosidl_typesupport_introspection_c.dir/rosidl_generator_py/bzzz_msgs/_bzzz_msgs_s.ep.rosidl_typesupport_introspection_c.c.o[0m
[3.134s] [ 93%] [32mBuilding C object CMakeFiles/bzzz_msgs_s__rosidl_typesupport_fastrtps_c.dir/rosidl_generator_py/bzzz_msgs/_bzzz_msgs_s.ep.rosidl_typesupport_fastrtps_c.c.o[0m
[3.134s] [ 93%] [32mBuilding C object CMakeFiles/bzzz_msgs_s__rosidl_typesupport_c.dir/rosidl_generator_py/bzzz_msgs/_bzzz_msgs_s.ep.rosidl_typesupport_c.c.o[0m
[3.201s] [ 95%] [32m[1mLinking C shared module rosidl_generator_py/bzzz_msgs/bzzz_msgs_s__rosidl_typesupport_introspection_c.so[0m
[3.201s] [ 97%] [32m[1mLinking C shared module rosidl_generator_py/bzzz_msgs/bzzz_msgs_s__rosidl_typesupport_c.so[0m
[3.201s] [100%] [32m[1mLinking C shared module rosidl_generator_py/bzzz_msgs/bzzz_msgs_s__rosidl_typesupport_fastrtps_c.so[0m
[3.258s] [100%] Built target bzzz_msgs_s__rosidl_typesupport_fastrtps_c
[3.258s] [100%] Built target bzzz_msgs_s__rosidl_typesupport_introspection_c
[3.258s] [100%] Built target bzzz_msgs_s__rosidl_typesupport_c
[3.266s] Invoked command in '/home/mbell/bzzz_ws/build/bzzz_msgs' returned '0': CMAKE_PREFIX_PATH=${CMAKE_PREFIX_PATH}:/opt/ros/jazzy /usr/bin/cmake --build /home/mbell/bzzz_ws/build/bzzz_msgs -- -j16 -l16
[3.274s] Invoking command in '/home/mbell/bzzz_ws/build/bzzz_msgs': CMAKE_PREFIX_PATH=${CMAKE_PREFIX_PATH}:/opt/ros/jazzy /usr/bin/cmake --install /home/mbell/bzzz_ws/build/bzzz_msgs
[3.280s] -- Install configuration: ""
[3.280s] -- Up-to-date: /home/mbell/bzzz_ws/install/bzzz_msgs/share/ament_index/resource_index/rosidl_interfaces/bzzz_msgs
[3.280s] -- Installing: /home/mbell/bzzz_ws/install/bzzz_msgs/share/bzzz_msgs/msg/MotorCommands.json
[3.280s] -- Installing: /home/mbell/bzzz_ws/install/bzzz_msgs/share/bzzz_msgs/msg/SensorSuite.json
[3.281s] -- Up-to-date: /home/mbell/bzzz_ws/install/bzzz_msgs/include/bzzz_msgs/bzzz_msgs
[3.281s] -- Up-to-date: /home/mbell/bzzz_ws/install/bzzz_msgs/include/bzzz_msgs/bzzz_msgs/msg
[3.281s] -- Installing: /home/mbell/bzzz_ws/install/bzzz_msgs/include/bzzz_msgs/bzzz_msgs/msg/sensor_suite.h
[3.281s] -- Up-to-date: /home/mbell/bzzz_ws/install/bzzz_msgs/include/bzzz_msgs/bzzz_msgs/msg/detail
[3.281s] -- Installing: /home/mbell/bzzz_ws/install/bzzz_msgs/include/bzzz_msgs/bzzz_msgs/msg/detail/motor_commands__struct.h
[3.282s] -- Installing: /home/mbell/bzzz_ws/install/bzzz_msgs/include/bzzz_msgs/bzzz_msgs/msg/detail/sensor_suite__type_support.h
[3.282s] -- Installing: /home/mbell/bzzz_ws/install/bzzz_msgs/include/bzzz_msgs/bzzz_msgs/msg/detail/sensor_suite__functions.h
[3.282s] -- Installing: /home/mbell/bzzz_ws/install/bzzz_msgs/include/bzzz_msgs/bzzz_msgs/msg/detail/motor_commands__type_support.h
[3.282s] -- Installing: /home/mbell/bzzz_ws/install/bzzz_msgs/include/bzzz_msgs/bzzz_msgs/msg/detail/motor_commands__functions.c
[3.282s] -- Installing: /home/mbell/bzzz_ws/install/bzzz_msgs/include/bzzz_msgs/bzzz_msgs/msg/detail/sensor_suite__struct.h
[3.282s] -- Installing: /home/mbell/bzzz_ws/install/bzzz_msgs/include/bzzz_msgs/bzzz_msgs/msg/detail/sensor_suite__type_support.c
[3.282s] -- Installing: /home/mbell/bzzz_ws/install/bzzz_msgs/include/bzzz_msgs/bzzz_msgs/msg/detail/sensor_suite__functions.c
[3.283s] -- Installing: /home/mbell/bzzz_ws/install/bzzz_msgs/include/bzzz_msgs/bzzz_msgs/msg/detail/motor_commands__description.c
[3.283s] -- Installing: /home/mbell/bzzz_ws/install/bzzz_msgs/include/bzzz_msgs/bzzz_msgs/msg/detail/motor_commands__functions.h
[3.283s] -- Installing: /home/mbell/bzzz_ws/install/bzzz_msgs/include/bzzz_msgs/bzzz_msgs/msg/detail/sensor_suite__description.c
[3.283s] -- Installing: /home/mbell/bzzz_ws/install/bzzz_msgs/include/bzzz_msgs/bzzz_msgs/msg/detail/motor_commands__type_support.c
[3.283s] -- Up-to-date: /home/mbell/bzzz_ws/install/bzzz_msgs/include/bzzz_msgs/bzzz_msgs/msg/rosidl_generator_c__visibility_control.h
[3.283s] -- Installing: /home/mbell/bzzz_ws/install/bzzz_msgs/include/bzzz_msgs/bzzz_msgs/msg/motor_commands.h
[3.283s] -- Up-to-date: /home/mbell/bzzz_ws/install/bzzz_msgs/share/bzzz_msgs/environment/library_path.sh
[3.283s] -- Up-to-date: /home/mbell/bzzz_ws/install/bzzz_msgs/share/bzzz_msgs/environment/library_path.dsv
[3.284s] -- Installing: /home/mbell/bzzz_ws/install/bzzz_msgs/lib/libbzzz_msgs__rosidl_generator_c.so
[3.284s] -- Set non-toolchain portion of runtime path of "/home/mbell/bzzz_ws/install/bzzz_msgs/lib/libbzzz_msgs__rosidl_generator_c.so" to ""
[3.284s] -- Up-to-date: /home/mbell/bzzz_ws/install/bzzz_msgs/include/bzzz_msgs/bzzz_msgs
[3.285s] -- Up-to-date: /home/mbell/bzzz_ws/install/bzzz_msgs/include/bzzz_msgs/bzzz_msgs/msg
[3.285s] -- Up-to-date: /home/mbell/bzzz_ws/install/bzzz_msgs/include/bzzz_msgs/bzzz_msgs/msg/detail
[3.286s] -- Installing: /home/mbell/bzzz_ws/install/bzzz_msgs/include/bzzz_msgs/bzzz_msgs/msg/detail/sensor_suite__rosidl_typesupport_fastrtps_c.h
[3.286s] -- Installing: /home/mbell/bzzz_ws/install/bzzz_msgs/include/bzzz_msgs/bzzz_msgs/msg/detail/motor_commands__rosidl_typesupport_fastrtps_c.h
[3.286s] -- Up-to-date: /home/mbell/bzzz_ws/install/bzzz_msgs/include/bzzz_msgs/bzzz_msgs/msg/rosidl_typesupport_fastrtps_c__visibility_control.h
[3.287s] -- Installing: /home/mbell/bzzz_ws/install/bzzz_msgs/lib/libbzzz_msgs__rosidl_typesupport_fastrtps_c.so
[3.287s] -- Set non-toolchain portion of runtime path of "/home/mbell/bzzz_ws/install/bzzz_msgs/lib/libbzzz_msgs__rosidl_typesupport_fastrtps_c.so" to ""
[3.287s] -- Up-to-date: /home/mbell/bzzz_ws/install/bzzz_msgs/include/bzzz_msgs/bzzz_msgs
[3.288s] -- Up-to-date: /home/mbell/bzzz_ws/install/bzzz_msgs/include/bzzz_msgs/bzzz_msgs/msg
[3.288s] -- Up-to-date: /home/mbell/bzzz_ws/install/bzzz_msgs/include/bzzz_msgs/bzzz_msgs/msg/rosidl_typesupport_introspection_c__visibility_control.h
[3.288s] -- Up-to-date: /home/mbell/bzzz_ws/install/bzzz_msgs/include/bzzz_msgs/bzzz_msgs/msg/detail
[3.288s] -- Installing: /home/mbell/bzzz_ws/install/bzzz_msgs/include/bzzz_msgs/bzzz_msgs/msg/detail/sensor_suite__rosidl_typesupport_introspection_c.h
[3.289s] -- Installing: /home/mbell/bzzz_ws/install/bzzz_msgs/include/bzzz_msgs/bzzz_msgs/msg/detail/sensor_suite__type_support.c
[3.289s] -- Installing: /home/mbell/bzzz_ws/install/bzzz_msgs/include/bzzz_msgs/bzzz_msgs/msg/detail/motor_commands__rosidl_typesupport_introspection_c.h
[3.289s] -- Installing: /home/mbell/bzzz_ws/install/bzzz_msgs/include/bzzz_msgs/bzzz_msgs/msg/detail/motor_commands__type_support.c
[3.290s] -- Installing: /home/mbell/bzzz_ws/install/bzzz_msgs/lib/libbzzz_msgs__rosidl_typesupport_introspection_c.so
[3.290s] -- Set non-toolchain portion of runtime path of "/home/mbell/bzzz_ws/install/bzzz_msgs/lib/libbzzz_msgs__rosidl_typesupport_introspection_c.so" to ""
[3.291s] -- Installing: /home/mbell/bzzz_ws/install/bzzz_msgs/lib/libbzzz_msgs__rosidl_typesupport_c.so
[3.292s] -- Set non-toolchain portion of runtime path of "/home/mbell/bzzz_ws/install/bzzz_msgs/lib/libbzzz_msgs__rosidl_typesupport_c.so" to ""
[3.292s] -- Up-to-date: /home/mbell/bzzz_ws/install/bzzz_msgs/include/bzzz_msgs/bzzz_msgs
[3.292s] -- Up-to-date: /home/mbell/bzzz_ws/install/bzzz_msgs/include/bzzz_msgs/bzzz_msgs/msg
[3.292s] -- Installing: /home/mbell/bzzz_ws/install/bzzz_msgs/include/bzzz_msgs/bzzz_msgs/msg/motor_commands.hpp
[3.292s] -- Up-to-date: /home/mbell/bzzz_ws/install/bzzz_msgs/include/bzzz_msgs/bzzz_msgs/msg/detail
[3.293s] -- Installing: /home/mbell/bzzz_ws/install/bzzz_msgs/include/bzzz_msgs/bzzz_msgs/msg/detail/sensor_suite__type_support.hpp
[3.293s] -- Installing: /home/mbell/bzzz_ws/install/bzzz_msgs/include/bzzz_msgs/bzzz_msgs/msg/detail/motor_commands__struct.hpp
[3.293s] -- Installing: /home/mbell/bzzz_ws/install/bzzz_msgs/include/bzzz_msgs/bzzz_msgs/msg/detail/sensor_suite__traits.hpp
[3.293s] -- Installing: /home/mbell/bzzz_ws/install/bzzz_msgs/include/bzzz_msgs/bzzz_msgs/msg/detail/motor_commands__type_support.hpp
[3.293s] -- Installing: /home/mbell/bzzz_ws/install/bzzz_msgs/include/bzzz_msgs/bzzz_msgs/msg/detail/motor_commands__builder.hpp
[3.293s] -- Installing: /home/mbell/bzzz_ws/install/bzzz_msgs/include/bzzz_msgs/bzzz_msgs/msg/detail/sensor_suite__struct.hpp
[3.293s] -- Installing: /home/mbell/bzzz_ws/install/bzzz_msgs/include/bzzz_msgs/bzzz_msgs/msg/detail/motor_commands__traits.hpp
[3.293s] -- Installing: /home/mbell/bzzz_ws/install/bzzz_msgs/include/bzzz_msgs/bzzz_msgs/msg/detail/sensor_suite__builder.hpp
[3.294s] -- Installing: /home/mbell/bzzz_ws/install/bzzz_msgs/include/bzzz_msgs/bzzz_msgs/msg/sensor_suite.hpp
[3.294s] -- Installing: /home/mbell/bzzz_ws/install/bzzz_msgs/include/bzzz_msgs/bzzz_msgs/msg/rosidl_generator_cpp__visibility_control.hpp
[3.294s] -- Up-to-date: /home/mbell/bzzz_ws/install/bzzz_msgs/include/bzzz_msgs/bzzz_msgs
[3.294s] -- Up-to-date: /home/mbell/bzzz_ws/install/bzzz_msgs/include/bzzz_msgs/bzzz_msgs/msg
[3.294s] -- Up-to-date: /home/mbell/bzzz_ws/install/bzzz_msgs/include/bzzz_msgs/bzzz_msgs/msg/rosidl_typesupport_fastrtps_cpp__visibility_control.h
[3.294s] -- Up-to-date: /home/mbell/bzzz_ws/install/bzzz_msgs/include/bzzz_msgs/bzzz_msgs/msg/detail
[3.295s] -- Installing: /home/mbell/bzzz_ws/install/bzzz_msgs/include/bzzz_msgs/bzzz_msgs/msg/detail/sensor_suite__rosidl_typesupport_fastrtps_cpp.hpp
[3.295s] -- Installing: /home/mbell/bzzz_ws/install/bzzz_msgs/include/bzzz_msgs/bzzz_msgs/msg/detail/motor_commands__rosidl_typesupport_fastrtps_cpp.hpp
[3.295s] -- Up-to-date: /home/mbell/bzzz_ws/install/bzzz_msgs/include/bzzz_msgs/bzzz_msgs/msg/detail/dds_fastrtps
[3.296s] -- Installing: /home/mbell/bzzz_ws/install/bzzz_msgs/lib/libbzzz_msgs__rosidl_typesupport_fastrtps_cpp.so
[3.296s] -- Set non-toolchain portion of runtime path of "/home/mbell/bzzz_ws/install/bzzz_msgs/lib/libbzzz_msgs__rosidl_typesupport_fastrtps_cpp.so" to ""
[3.296s] -- Up-to-date: /home/mbell/bzzz_ws/install/bzzz_msgs/include/bzzz_msgs/bzzz_msgs
[3.297s] -- Up-to-date: /home/mbell/bzzz_ws/install/bzzz_msgs/include/bzzz_msgs/bzzz_msgs/msg
[3.297s] -- Up-to-date: /home/mbell/bzzz_ws/install/bzzz_msgs/include/bzzz_msgs/bzzz_msgs/msg/detail
[3.297s] -- Installing: /home/mbell/bzzz_ws/install/bzzz_msgs/include/bzzz_msgs/bzzz_msgs/msg/detail/sensor_suite__rosidl_typesupport_introspection_cpp.hpp
[3.297s] -- Installing: /home/mbell/bzzz_ws/install/bzzz_msgs/include/bzzz_msgs/bzzz_msgs/msg/detail/motor_commands__type_support.cpp
[3.297s] -- Installing: /home/mbell/bzzz_ws/install/bzzz_msgs/include/bzzz_msgs/bzzz_msgs/msg/detail/motor_commands__rosidl_typesupport_introspection_cpp.hpp
[3.298s] -- Installing: /home/mbell/bzzz_ws/install/bzzz_msgs/include/bzzz_msgs/bzzz_msgs/msg/detail/sensor_suite__type_support.cpp
[3.298s] -- Installing: /home/mbell/bzzz_ws/install/bzzz_msgs/lib/libbzzz_msgs__rosidl_typesupport_introspection_cpp.so
[3.299s] -- Set non-toolchain portion of runtime path of "/home/mbell/bzzz_ws/install/bzzz_msgs/lib/libbzzz_msgs__rosidl_typesupport_introspection_cpp.so" to ""
[3.299s] -- Installing: /home/mbell/bzzz_ws/install/bzzz_msgs/lib/libbzzz_msgs__rosidl_typesupport_cpp.so
[3.299s] -- Set non-toolchain portion of runtime path of "/home/mbell/bzzz_ws/install/bzzz_msgs/lib/libbzzz_msgs__rosidl_typesupport_cpp.so" to ""
[3.300s] -- Up-to-date: /home/mbell/bzzz_ws/install/bzzz_msgs/share/bzzz_msgs/environment/pythonpath.sh
[3.300s] -- Up-to-date: /home/mbell/bzzz_ws/install/bzzz_msgs/share/bzzz_msgs/environment/pythonpath.dsv
[3.300s] -- Up-to-date: /home/mbell/bzzz_ws/install/bzzz_msgs/lib/python3.12/site-packages/bzzz_msgs-0.0.0-py3.12.egg-info
[3.300s] -- Installing: /home/mbell/bzzz_ws/install/bzzz_msgs/lib/python3.12/site-packages/bzzz_msgs-0.0.0-py3.12.egg-info/PKG-INFO
[3.300s] -- Installing: /home/mbell/bzzz_ws/install/bzzz_msgs/lib/python3.12/site-packages/bzzz_msgs-0.0.0-py3.12.egg-info/top_level.txt
[3.300s] -- Installing: /home/mbell/bzzz_ws/install/bzzz_msgs/lib/python3.12/site-packages/bzzz_msgs-0.0.0-py3.12.egg-info/dependency_links.txt
[3.300s] -- Installing: /home/mbell/bzzz_ws/install/bzzz_msgs/lib/python3.12/site-packages/bzzz_msgs-0.0.0-py3.12.egg-info/SOURCES.txt
[3.300s] -- Up-to-date: /home/mbell/bzzz_ws/install/bzzz_msgs/lib/python3.12/site-packages/bzzz_msgs
[3.300s] -- Installing: /home/mbell/bzzz_ws/install/bzzz_msgs/lib/python3.12/site-packages/bzzz_msgs/bzzz_msgs_s__rosidl_typesupport_introspection_c.so
[3.300s] -- Installing: /home/mbell/bzzz_ws/install/bzzz_msgs/lib/python3.12/site-packages/bzzz_msgs/bzzz_msgs_s__rosidl_typesupport_fastrtps_c.so
[3.301s] -- Installing: /home/mbell/bzzz_ws/install/bzzz_msgs/lib/python3.12/site-packages/bzzz_msgs/_bzzz_msgs_s.ep.rosidl_typesupport_c.c
[3.301s] -- Installing: /home/mbell/bzzz_ws/install/bzzz_msgs/lib/python3.12/site-packages/bzzz_msgs/bzzz_msgs_s__rosidl_typesupport_c.so
[3.301s] -- Up-to-date: /home/mbell/bzzz_ws/install/bzzz_msgs/lib/python3.12/site-packages/bzzz_msgs/msg
[3.301s] -- Installing: /home/mbell/bzzz_ws/install/bzzz_msgs/lib/python3.12/site-packages/bzzz_msgs/msg/_sensor_suite_s.c
[3.301s] -- Installing: /home/mbell/bzzz_ws/install/bzzz_msgs/lib/python3.12/site-packages/bzzz_msgs/msg/__init__.py
[3.301s] -- Installing: /home/mbell/bzzz_ws/install/bzzz_msgs/lib/python3.12/site-packages/bzzz_msgs/msg/_motor_commands.py
[3.301s] -- Installing: /home/mbell/bzzz_ws/install/bzzz_msgs/lib/python3.12/site-packages/bzzz_msgs/msg/_motor_commands_s.c
[3.302s] -- Installing: /home/mbell/bzzz_ws/install/bzzz_msgs/lib/python3.12/site-packages/bzzz_msgs/msg/_sensor_suite.py
[3.302s] -- Installing: /home/mbell/bzzz_ws/install/bzzz_msgs/lib/python3.12/site-packages/bzzz_msgs/__init__.py
[3.302s] -- Installing: /home/mbell/bzzz_ws/install/bzzz_msgs/lib/python3.12/site-packages/bzzz_msgs/_bzzz_msgs_s.ep.rosidl_typesupport_introspection_c.c
[3.302s] -- Installing: /home/mbell/bzzz_ws/install/bzzz_msgs/lib/python3.12/site-packages/bzzz_msgs/_bzzz_msgs_s.ep.rosidl_typesupport_fastrtps_c.c
[3.339s] Listing '/home/mbell/bzzz_ws/install/bzzz_msgs/lib/python3.12/site-packages/bzzz_msgs'...
[3.339s] Compiling '/home/mbell/bzzz_ws/install/bzzz_msgs/lib/python3.12/site-packages/bzzz_msgs/__init__.py'...
[3.339s] Listing '/home/mbell/bzzz_ws/install/bzzz_msgs/lib/python3.12/site-packages/bzzz_msgs/msg'...
[3.339s] Compiling '/home/mbell/bzzz_ws/install/bzzz_msgs/lib/python3.12/site-packages/bzzz_msgs/msg/__init__.py'...
[3.339s] Compiling '/home/mbell/bzzz_ws/install/bzzz_msgs/lib/python3.12/site-packages/bzzz_msgs/msg/_motor_commands.py'...
[3.339s] Compiling '/home/mbell/bzzz_ws/install/bzzz_msgs/lib/python3.12/site-packages/bzzz_msgs/msg/_sensor_suite.py'...
[3.344s] -- Installing: /home/mbell/bzzz_ws/install/bzzz_msgs/lib/python3.12/site-packages/bzzz_msgs/bzzz_msgs_s__rosidl_typesupport_fastrtps_c.so
[3.344s] -- Set non-toolchain portion of runtime path of "/home/mbell/bzzz_ws/install/bzzz_msgs/lib/python3.12/site-packages/bzzz_msgs/bzzz_msgs_s__rosidl_typesupport_fastrtps_c.so" to ""
[3.344s] -- Installing: /home/mbell/bzzz_ws/install/bzzz_msgs/lib/python3.12/site-packages/bzzz_msgs/bzzz_msgs_s__rosidl_typesupport_introspection_c.so
[3.344s] -- Set non-toolchain portion of runtime path of "/home/mbell/bzzz_ws/install/bzzz_msgs/lib/python3.12/site-packages/bzzz_msgs/bzzz_msgs_s__rosidl_typesupport_introspection_c.so" to ""
[3.344s] -- Installing: /home/mbell/bzzz_ws/install/bzzz_msgs/lib/python3.12/site-packages/bzzz_msgs/bzzz_msgs_s__rosidl_typesupport_c.so
[3.344s] -- Set non-toolchain portion of runtime path of "/home/mbell/bzzz_ws/install/bzzz_msgs/lib/python3.12/site-packages/bzzz_msgs/bzzz_msgs_s__rosidl_typesupport_c.so" to ""
[3.346s] -- Installing: /home/mbell/bzzz_ws/install/bzzz_msgs/lib/libbzzz_msgs__rosidl_generator_py.so
[3.346s] -- Set non-toolchain portion of runtime path of "/home/mbell/bzzz_ws/install/bzzz_msgs/lib/libbzzz_msgs__rosidl_generator_py.so" to ""
[3.346s] -- Up-to-date: /home/mbell/bzzz_ws/install/bzzz_msgs/share/ament_index/resource_index/rust_packages/bzzz_msgs
[3.346s] -- Up-to-date: /home/mbell/bzzz_ws/install/bzzz_msgs/share/bzzz_msgs/rust
[3.346s] -- Up-to-date: /home/mbell/bzzz_ws/install/bzzz_msgs/share/bzzz_msgs/rust/src
[3.346s] -- Installing: /home/mbell/bzzz_ws/install/bzzz_msgs/share/bzzz_msgs/rust/src/lib.rs
[3.347s] -- Installing: /home/mbell/bzzz_ws/install/bzzz_msgs/share/bzzz_msgs/rust/src/msg.rs
[3.347s] -- Up-to-date: /home/mbell/bzzz_ws/install/bzzz_msgs/share/bzzz_msgs/rust/src/msg
[3.347s] -- Installing: /home/mbell/bzzz_ws/install/bzzz_msgs/share/bzzz_msgs/rust/src/msg/rmw.rs
[3.348s] -- Installing: /home/mbell/bzzz_ws/install/bzzz_msgs/share/bzzz_msgs/rust/Cargo.toml
[3.348s] -- Installing: /home/mbell/bzzz_ws/install/bzzz_msgs/share/bzzz_msgs/rust/build.rs
[3.348s] -- Installing: /home/mbell/bzzz_ws/install/bzzz_msgs/share/bzzz_msgs/msg/MotorCommands.idl
[3.349s] -- Up-to-date: /home/mbell/bzzz_ws/install/bzzz_msgs/share/bzzz_msgs/msg/SensorSuite.idl
[3.349s] -- Installing: /home/mbell/bzzz_ws/install/bzzz_msgs/share/bzzz_msgs/msg/MotorCommands.msg
[3.349s] -- Up-to-date: /home/mbell/bzzz_ws/install/bzzz_msgs/share/bzzz_msgs/msg/SensorSuite.msg
[3.349s] -- Up-to-date: /home/mbell/bzzz_ws/install/bzzz_msgs/share/ament_index/resource_index/package_run_dependencies/bzzz_msgs
[3.349s] -- Up-to-date: /home/mbell/bzzz_ws/install/bzzz_msgs/share/ament_index/resource_index/parent_prefix_path/bzzz_msgs
[3.349s] -- Up-to-date: /home/mbell/bzzz_ws/install/bzzz_msgs/share/bzzz_msgs/environment/ament_prefix_path.sh
[3.349s] -- Up-to-date: /home/mbell/bzzz_ws/install/bzzz_msgs/share/bzzz_msgs/environment/ament_prefix_path.dsv
[3.349s] -- Up-to-date: /home/mbell/bzzz_ws/install/bzzz_msgs/share/bzzz_msgs/environment/path.sh
[3.349s] -- Up-to-date: /home/mbell/bzzz_ws/install/bzzz_msgs/share/bzzz_msgs/environment/path.dsv
[3.349s] -- Up-to-date: /home/mbell/bzzz_ws/install/bzzz_msgs/share/bzzz_msgs/local_setup.bash
[3.349s] -- Up-to-date: /home/mbell/bzzz_ws/install/bzzz_msgs/share/bzzz_msgs/local_setup.sh
[3.349s] -- Up-to-date: /home/mbell/bzzz_ws/install/bzzz_msgs/share/bzzz_msgs/local_setup.zsh
[3.349s] -- Up-to-date: /home/mbell/bzzz_ws/install/bzzz_msgs/share/bzzz_msgs/local_setup.dsv
[3.350s] -- Installing: /home/mbell/bzzz_ws/install/bzzz_msgs/share/bzzz_msgs/package.dsv
[3.350s] -- Up-to-date: /home/mbell/bzzz_ws/install/bzzz_msgs/share/ament_index/resource_index/packages/bzzz_msgs
[3.350s] -- Up-to-date: /home/mbell/bzzz_ws/install/bzzz_msgs/share/bzzz_msgs/cmake/export_bzzz_msgs__rosidl_generator_cExport.cmake
[3.350s] -- Up-to-date: /home/mbell/bzzz_ws/install/bzzz_msgs/share/bzzz_msgs/cmake/export_bzzz_msgs__rosidl_generator_cExport-noconfig.cmake
[3.350s] -- Up-to-date: /home/mbell/bzzz_ws/install/bzzz_msgs/share/bzzz_msgs/cmake/export_bzzz_msgs__rosidl_typesupport_fastrtps_cExport.cmake
[3.350s] -- Up-to-date: /home/mbell/bzzz_ws/install/bzzz_msgs/share/bzzz_msgs/cmake/export_bzzz_msgs__rosidl_typesupport_fastrtps_cExport-noconfig.cmake
[3.351s] -- Up-to-date: /home/mbell/bzzz_ws/install/bzzz_msgs/share/bzzz_msgs/cmake/bzzz_msgs__rosidl_typesupport_introspection_cExport.cmake
[3.351s] -- Up-to-date: /home/mbell/bzzz_ws/install/bzzz_msgs/share/bzzz_msgs/cmake/bzzz_msgs__rosidl_typesupport_introspection_cExport-noconfig.cmake
[3.351s] -- Up-to-date: /home/mbell/bzzz_ws/install/bzzz_msgs/share/bzzz_msgs/cmake/bzzz_msgs__rosidl_typesupport_cExport.cmake
[3.351s] -- Up-to-date: /home/mbell/bzzz_ws/install/bzzz_msgs/share/bzzz_msgs/cmake/bzzz_msgs__rosidl_typesupport_cExport-noconfig.cmake
[3.352s] -- Up-to-date: /home/mbell/bzzz_ws/install/bzzz_msgs/share/bzzz_msgs/cmake/export_bzzz_msgs__rosidl_generator_cppExport.cmake
[3.352s] -- Up-to-date: /home/mbell/bzzz_ws/install/bzzz_msgs/share/bzzz_msgs/cmake/export_bzzz_msgs__rosidl_typesupport_fastrtps_cppExport.cmake
[3.352s] -- Up-to-date: /home/mbell/bzzz_ws/install/bzzz_msgs/share/bzzz_msgs/cmake/export_bzzz_msgs__rosidl_typesupport_fastrtps_cppExport-noconfig.cmake
[3.352s] -- Up-to-date: /home/mbell/bzzz_ws/install/bzzz_msgs/share/bzzz_msgs/cmake/bzzz_msgs__rosidl_typesupport_introspection_cppExport.cmake
[3.353s] -- Up-to-date: /home/mbell/bzzz_ws/install/bzzz_msgs/share/bzzz_msgs/cmake/bzzz_msgs__rosidl_typesupport_introspection_cppExport-noconfig.cmake
[3.353s] -- Up-to-date: /home/mbell/bzzz_ws/install/bzzz_msgs/share/bzzz_msgs/cmake/bzzz_msgs__rosidl_typesupport_cppExport.cmake
[3.353s] -- Up-to-date: /home/mbell/bzzz_ws/install/bzzz_msgs/share/bzzz_msgs/cmake/bzzz_msgs__rosidl_typesupport_cppExport-noconfig.cmake
[3.353s] -- Up-to-date: /home/mbell/bzzz_ws/install/bzzz_msgs/share/bzzz_msgs/cmake/export_bzzz_msgs__rosidl_generator_pyExport.cmake
[3.354s] -- Up-to-date: /home/mbell/bzzz_ws/install/bzzz_msgs/share/bzzz_msgs/cmake/export_bzzz_msgs__rosidl_generator_pyExport-noconfig.cmake
[3.354s] -- Up-to-date: /home/mbell/bzzz_ws/install/bzzz_msgs/share/bzzz_msgs/cmake/rosidl_cmake-extras.cmake
[3.354s] -- Up-to-date: /home/mbell/bzzz_ws/install/bzzz_msgs/share/bzzz_msgs/cmake/ament_cmake_export_include_directories-extras.cmake
[3.354s] -- Up-to-date: /home/mbell/bzzz_ws/install/bzzz_msgs/share/bzzz_msgs/cmake/ament_cmake_export_libraries-extras.cmake
[3.354s] -- Up-to-date: /home/mbell/bzzz_ws/install/bzzz_msgs/share/bzzz_msgs/cmake/ament_cmake_export_targets-extras.cmake
[3.354s] -- Up-to-date: /home/mbell/bzzz_ws/install/bzzz_msgs/share/bzzz_msgs/cmake/rosidl_cmake_export_typesupport_targets-extras.cmake
[3.354s] -- Up-to-date: /home/mbell/bzzz_ws/install/bzzz_msgs/share/bzzz_msgs/cmake/ament_cmake_export_dependencies-extras.cmake
[3.354s] -- Up-to-date: /home/mbell/bzzz_ws/install/bzzz_msgs/share/bzzz_msgs/cmake/rosidl_cmake_export_typesupport_libraries-extras.cmake
[3.354s] -- Up-to-date: /home/mbell/bzzz_ws/install/bzzz_msgs/share/bzzz_msgs/cmake/bzzz_msgsConfig.cmake
[3.354s] -- Up-to-date: /home/mbell/bzzz_ws/install/bzzz_msgs/share/bzzz_msgs/cmake/bzzz_msgsConfig-version.cmake
[3.354s] -- Up-to-date: /home/mbell/bzzz_ws/install/bzzz_msgs/share/bzzz_msgs/package.xml
[3.356s] Invoked command in '/home/mbell/bzzz_ws/build/bzzz_msgs' returned '0': CMAKE_PREFIX_PATH=${CMAKE_PREFIX_PATH}:/opt/ros/jazzy /usr/bin/cmake --install /home/mbell/bzzz_ws/build/bzzz_msgs
